Change Component Designator: OldDesignator=*? NewDesignator=*1
Change Component Designator: OldDesignator=*? NewDesignator=*2
Change Component Designator: OldDesignator=*? NewDesignator=*3
Change Component Designator: OldDesignator=P? NewDesignator=P1
Change Component Designator: OldDesignator=P? NewDesignator=P2
Change Component Designator: OldDesignator=P? NewDesignator=P3
Change Component Designator: OldDesignator=P? NewDesignator=P4
Change Component Designator: OldDesignator=P? NewDesignator=P5
Change Component Designator: OldDesignator=P? NewDesignator=P6
Change Component Designator: OldDesignator=P? NewDesignator=P7
Change Component Designator: OldDesignator=P? NewDesignator=P8
Change Component Designator: OldDesignator=XS? NewDesignator=XS1
Change Component Designator: OldDesignator=XS? NewDesignator=XS2
Change Component Designator: OldDesignator=XS? NewDesignator=XS3
Change Component Designator: OldDesignator=XS? NewDesignator=XS4
Change Net Name : Old Net Name=Net*?_1 New Net Name=Net*3_1
Change Net Name : Old Net Name=Net*?_2 New Net Name=Net*1_2
Change Net Name : Old Net Name=Net*?_3 New Net Name=Net*2_3
Change Net Name : Old Net Name=Net*?_4 New Net Name=Net*2_4
Change Net Name : Old Net Name=Net*?_5 New Net Name=Net*3_5
Change Net Name : Old Net Name=Net*?_6 New Net Name=Net*1_6
Change Net Name : Old Net Name=Net*?_7 New Net Name=Net*2_7
Change Net Name : Old Net Name=Net*?_8 New Net Name=Net*3_8
Change Net Name : Old Net Name=Net*?_9 New Net Name=Net*3_9
Change Net Name : Old Net Name=Net*?_10 New Net Name=Net*3_10
Change Net Name : Old Net Name=Net*?_11 New Net Name=Net*3_11
Change Net Name : Old Net Name=Net*?_12 New Net Name=Net*2_12
Change Net Name : Old Net Name=Net*?_13 New Net Name=Net*3_13
Change Net Name : Old Net Name=Net*?_14 New Net Name=Net*3_14
Change Net Name : Old Net Name=Net*?_15 New Net Name=Net*1_15
Change Net Name : Old Net Name=Net*?_16 New Net Name=Net*1_16
Change Net Name : Old Net Name=Net*?_17 New Net Name=Net*1_17
Change Net Name : Old Net Name=Net*?_18 New Net Name=Net*3_18
Change Net Name : Old Net Name=Net*?_19 New Net Name=Net*1_19
Change Net Name : Old Net Name=Net*?_20 New Net Name=Net*3_20
Change Net Name : Old Net Name=Net*?_21 New Net Name=Net*1_21
Change Net Name : Old Net Name=Net*?_22 New Net Name=Net*3_22
Change Net Name : Old Net Name=Net*?_23 New Net Name=Net*2_23
Change Net Name : Old Net Name=Net*?_24 New Net Name=Net*2_24
Change Net Name : Old Net Name=Net*?_25 New Net Name=Net*2_25
Change Net Name : Old Net Name=Net*?_26 New Net Name=Net*1_26
Change Net Name : Old Net Name=Net*?_27 New Net Name=Net*2_27
Change Net Name : Old Net Name=Net*?_28 New Net Name=Net*2_28
Change Net Name : Old Net Name=Net*?_29 New Net Name=Net*1_29
Change Net Name : Old Net Name=Net*?_30 New Net Name=Net*1_30
Change Net Name : Old Net Name=Net*?_31 New Net Name=Net*1_31
Change Net Name : Old Net Name=Net*?_32 New Net Name=Net*3_32
Change Net Name : Old Net Name=Net*?_33 New Net Name=Net*2_33
Change Net Name : Old Net Name=Net*?_34 New Net Name=Net*3_34
Change Net Name : Old Net Name=Net*?_35 New Net Name=Net*2_35
Change Net Name : Old Net Name=Net*?_36 New Net Name=Net*3_36
Change Net Name : Old Net Name=Net*?_37 New Net Name=Net*3_37
Change Net Name : Old Net Name=Net*?_38 New Net Name=Net*2_38
Change Net Name : Old Net Name=Net*?_39 New Net Name=Net*2_39
Change Net Name : Old Net Name=Net*?_40 New Net Name=Net*1_40
Change Net Name : Old Net Name=NetP?_1 New Net Name=NetP8_1
Change Net Name : Old Net Name=NetP?_2 New Net Name=NetP1_2
Change Net Name : Old Net Name=NetP?_3 New Net Name=NetP1_3
Change Net Name : Old Net Name=NetP?_4 New Net Name=NetP7_4
Change Net Name : Old Net Name=NetP?_5 New Net Name=NetP8_5
Change Net Name : Old Net Name=NetP?_6 New Net Name=NetP8_6
Change Net Name : Old Net Name=NetP?_7 New Net Name=NetP1_7
Change Net Name : Old Net Name=NetP?_8 New Net Name=NetP8_8
Change Net Name : Old Net Name=NetP?_9 New Net Name=NetP7_9
Change Net Name : Old Net Name=NetP?_10 New Net Name=NetP7_10
Change Net Name : Old Net Name=NetP?_11 New Net Name=NetP8_11
Change Net Name : Old Net Name=NetP?_12 New Net Name=NetP8_12
Change Net Name : Old Net Name=NetP?_13 New Net Name=NetP8_13
Change Net Name : Old Net Name=NetP?_14 New Net Name=NetP7_14
Change Net Name : Old Net Name=NetP?_15 New Net Name=NetP8_15
Change Net Name : Old Net Name=NetP?_16 New Net Name=NetP8_16
Change Net Name : Old Net Name=NetP?_17 New Net Name=NetP1_17
Change Net Name : Old Net Name=NetP?_18 New Net Name=NetP7_18
Change Net Name : Old Net Name=NetP?_19 New Net Name=NetP8_19
Change Net Name : Old Net Name=NetP?_20 New Net Name=NetP1_20
Change Net Name : Old Net Name=NetP?_21 New Net Name=NetP8_21
Change Net Name : Old Net Name=NetP?_22 New Net Name=NetP7_22
Change Net Name : Old Net Name=NetP?_23 New Net Name=NetP7_23
Change Net Name : Old Net Name=NetP?_24 New Net Name=NetP2_24
Change Net Name : Old Net Name=NetP?_25 New Net Name=NetP7_25
Change Net Name : Old Net Name=NetP?_26 New Net Name=NetP8_26
Change Net Name : Old Net Name=NetP?_27 New Net Name=NetP7_27
Change Net Name : Old Net Name=NetP?_28 New Net Name=NetP8_28
Change Net Name : Old Net Name=NetP?_29 New Net Name=NetP7_29
Change Net Name : Old Net Name=NetP?_30 New Net Name=NetP2_30
Change Net Name : Old Net Name=NetP?_31 New Net Name=NetP1_31
Change Net Name : Old Net Name=NetP?_32 New Net Name=NetP7_32
Change Net Name : Old Net Name=NetP?_33 New Net Name=NetP7_33
Change Net Name : Old Net Name=NetP?_34 New Net Name=NetP2_34
Change Net Name : Old Net Name=NetP?_35 New Net Name=NetP1_35
Change Net Name : Old Net Name=NetP?_36 New Net Name=NetP8_36
Change Net Name : Old Net Name=NetP?_37 New Net Name=NetP2_37
Change Net Name : Old Net Name=NetP?_38 New Net Name=NetP2_38
Change Net Name : Old Net Name=NetP?_39 New Net Name=NetP8_39
Change Net Name : Old Net Name=NetP?_40 New Net Name=NetP1_40
Added Pin To Net: NetName=Net*1_1 Pin=*1-1
Added Pin To Net: NetName=Net*1_1 Pin=P3-1
Added Net: Name=Net*1_1
Added Pin To Net: NetName=Net*1_3 Pin=*1-3
Added Pin To Net: NetName=Net*1_3 Pin=P3-3
Added Net: Name=Net*1_3
Added Pin To Net: NetName=Net*1_4 Pin=*1-4
Added Pin To Net: NetName=Net*1_4 Pin=P3-4
Added Net: Name=Net*1_4
Added Pin To Net: NetName=Net*1_5 Pin=*1-5
Added Pin To Net: NetName=Net*1_5 Pin=P3-5
Added Net: Name=Net*1_5
Added Pin To Net: NetName=Net*1_7 Pin=*1-7
Added Pin To Net: NetName=Net*1_7 Pin=P3-7
Added Net: Name=Net*1_7
Added Pin To Net: NetName=Net*1_8 Pin=*1-8
Added Pin To Net: NetName=Net*1_8 Pin=P3-8
Added Net: Name=Net*1_8
Added Pin To Net: NetName=Net*1_9 Pin=*1-9
Added Pin To Net: NetName=Net*1_9 Pin=P3-9
Added Net: Name=Net*1_9
Added Pin To Net: NetName=Net*1_10 Pin=*1-10
Added Pin To Net: NetName=Net*1_10 Pin=P3-10
Added Net: Name=Net*1_10
Added Pin To Net: NetName=Net*1_11 Pin=*1-11
Added Pin To Net: NetName=Net*1_11 Pin=P3-11
Added Net: Name=Net*1_11
Added Pin To Net: NetName=Net*1_12 Pin=*1-12
Added Pin To Net: NetName=Net*1_12 Pin=P3-12
Added Net: Name=Net*1_12
Added Pin To Net: NetName=Net*1_13 Pin=*1-13
Added Pin To Net: NetName=Net*1_13 Pin=P3-13
Added Net: Name=Net*1_13
Added Pin To Net: NetName=Net*1_14 Pin=*1-14
Added Pin To Net: NetName=Net*1_14 Pin=P3-14
Added Net: Name=Net*1_14
Added Pin To Net: NetName=Net*1_18 Pin=*1-18
Added Pin To Net: NetName=Net*1_18 Pin=P3-18
Added Net: Name=Net*1_18
Added Pin To Net: NetName=Net*1_20 Pin=*1-20
Added Pin To Net: NetName=Net*1_20 Pin=P3-20
Added Net: Name=Net*1_20
Added Pin To Net: NetName=Net*1_22 Pin=*1-22
Added Pin To Net: NetName=Net*1_22 Pin=P3-22
Added Net: Name=Net*1_22
Added Pin To Net: NetName=Net*1_23 Pin=*1-23
Added Pin To Net: NetName=Net*1_23 Pin=P3-23
Added Net: Name=Net*1_23
Added Pin To Net: NetName=Net*1_24 Pin=*1-24
Added Pin To Net: NetName=Net*1_24 Pin=P3-24
Added Net: Name=Net*1_24
Added Pin To Net: NetName=Net*1_25 Pin=*1-25
Added Pin To Net: NetName=Net*1_25 Pin=P3-25
Added Net: Name=Net*1_25
Added Pin To Net: NetName=Net*1_27 Pin=*1-27
Added Pin To Net: NetName=Net*1_27 Pin=P3-27
Added Net: Name=Net*1_27
Added Pin To Net: NetName=Net*1_28 Pin=*1-28
Added Pin To Net: NetName=Net*1_28 Pin=P3-28
Added Net: Name=Net*1_28
Added Pin To Net: NetName=Net*1_32 Pin=*1-32
Added Pin To Net: NetName=Net*1_32 Pin=P3-32
Added Net: Name=Net*1_32
Added Pin To Net: NetName=Net*1_33 Pin=*1-33
Added Pin To Net: NetName=Net*1_33 Pin=P3-33
Added Net: Name=Net*1_33
Added Pin To Net: NetName=Net*1_34 Pin=*1-34
Added Pin To Net: NetName=Net*1_34 Pin=P3-34
Added Net: Name=Net*1_34
Added Pin To Net: NetName=Net*1_35 Pin=*1-35
Added Pin To Net: NetName=Net*1_35 Pin=P3-35
Added Net: Name=Net*1_35
Added Pin To Net: NetName=Net*1_36 Pin=*1-36
Added Pin To Net: NetName=Net*1_36 Pin=P3-36
Added Net: Name=Net*1_36
Added Pin To Net: NetName=Net*1_37 Pin=*1-37
Added Pin To Net: NetName=Net*1_37 Pin=P3-37
Added Net: Name=Net*1_37
Added Pin To Net: NetName=Net*1_38 Pin=*1-38
Added Pin To Net: NetName=Net*1_38 Pin=P3-38
Added Net: Name=Net*1_38
Added Pin To Net: NetName=Net*1_39 Pin=*1-39
Added Pin To Net: NetName=Net*1_39 Pin=P3-39
Added Net: Name=Net*1_39
Added Pin To Net: NetName=Net*2_1 Pin=*2-1
Added Pin To Net: NetName=Net*2_1 Pin=P4-1
Added Net: Name=Net*2_1
Added Pin To Net: NetName=Net*2_2 Pin=*2-2
Added Pin To Net: NetName=Net*2_2 Pin=P4-2
Added Net: Name=Net*2_2
Added Pin To Net: NetName=Net*2_5 Pin=*2-5
Added Pin To Net: NetName=Net*2_5 Pin=P4-5
Added Net: Name=Net*2_5
Added Pin To Net: NetName=Net*2_6 Pin=*2-6
Added Pin To Net: NetName=Net*2_6 Pin=P4-6
Added Net: Name=Net*2_6
Added Pin To Net: NetName=Net*2_8 Pin=*2-8
Added Pin To Net: NetName=Net*2_8 Pin=P4-8
Added Net: Name=Net*2_8
Added Pin To Net: NetName=Net*2_9 Pin=*2-9
Added Pin To Net: NetName=Net*2_9 Pin=P4-9
Added Net: Name=Net*2_9
Added Pin To Net: NetName=Net*2_10 Pin=*2-10
Added Pin To Net: NetName=Net*2_10 Pin=P4-10
Added Net: Name=Net*2_10
Added Pin To Net: NetName=Net*2_11 Pin=*2-11
Added Pin To Net: NetName=Net*2_11 Pin=P4-11
Added Net: Name=Net*2_11
Added Pin To Net: NetName=Net*2_13 Pin=*2-13
Added Pin To Net: NetName=Net*2_13 Pin=P4-13
Added Net: Name=Net*2_13
Added Pin To Net: NetName=Net*2_14 Pin=*2-14
Added Pin To Net: NetName=Net*2_14 Pin=P4-14
Added Net: Name=Net*2_14
Added Pin To Net: NetName=Net*2_15 Pin=*2-15
Added Pin To Net: NetName=Net*2_15 Pin=P4-15
Added Net: Name=Net*2_15
Added Pin To Net: NetName=Net*2_16 Pin=*2-16
Added Pin To Net: NetName=Net*2_16 Pin=P4-16
Added Net: Name=Net*2_16
Added Pin To Net: NetName=Net*2_17 Pin=*2-17
Added Pin To Net: NetName=Net*2_17 Pin=P4-17
Added Net: Name=Net*2_17
Added Pin To Net: NetName=Net*2_18 Pin=*2-18
Added Pin To Net: NetName=Net*2_18 Pin=P4-18
Added Net: Name=Net*2_18
Added Pin To Net: NetName=Net*2_19 Pin=*2-19
Added Pin To Net: NetName=Net*2_19 Pin=P4-19
Added Net: Name=Net*2_19
Added Pin To Net: NetName=Net*2_20 Pin=*2-20
Added Pin To Net: NetName=Net*2_20 Pin=P4-20
Added Net: Name=Net*2_20
Added Pin To Net: NetName=Net*2_21 Pin=*2-21
Added Pin To Net: NetName=Net*2_21 Pin=P4-21
Added Net: Name=Net*2_21
Added Pin To Net: NetName=Net*2_22 Pin=*2-22
Added Pin To Net: NetName=Net*2_22 Pin=P4-22
Added Net: Name=Net*2_22
Added Pin To Net: NetName=Net*2_26 Pin=*2-26
Added Pin To Net: NetName=Net*2_26 Pin=P4-26
Added Net: Name=Net*2_26
Added Pin To Net: NetName=Net*2_29 Pin=*2-29
Added Pin To Net: NetName=Net*2_29 Pin=P4-29
Added Net: Name=Net*2_29
Added Pin To Net: NetName=Net*2_30 Pin=*2-30
Added Pin To Net: NetName=Net*2_30 Pin=P4-30
Added Net: Name=Net*2_30
Added Pin To Net: NetName=Net*2_31 Pin=*2-31
Added Pin To Net: NetName=Net*2_31 Pin=P4-31
Added Net: Name=Net*2_31
Added Pin To Net: NetName=Net*2_32 Pin=*2-32
Added Pin To Net: NetName=Net*2_32 Pin=P4-32
Added Net: Name=Net*2_32
Added Pin To Net: NetName=Net*2_34 Pin=*2-34
Added Pin To Net: NetName=Net*2_34 Pin=P4-34
Added Net: Name=Net*2_34
Added Pin To Net: NetName=Net*2_36 Pin=*2-36
Added Pin To Net: NetName=Net*2_36 Pin=P4-36
Added Net: Name=Net*2_36
Added Pin To Net: NetName=Net*2_37 Pin=*2-37
Added Pin To Net: NetName=Net*2_37 Pin=P4-37
Added Net: Name=Net*2_37
Added Pin To Net: NetName=Net*2_40 Pin=*2-40
Added Pin To Net: NetName=Net*2_40 Pin=P4-40
Added Net: Name=Net*2_40
Added Pin To Net: NetName=Net*3_2 Pin=*3-2
Added Pin To Net: NetName=Net*3_2 Pin=P6-2
Added Net: Name=Net*3_2
Added Pin To Net: NetName=Net*3_3 Pin=*3-3
Added Pin To Net: NetName=Net*3_3 Pin=P6-3
Added Net: Name=Net*3_3
Added Pin To Net: NetName=Net*3_4 Pin=*3-4
Added Pin To Net: NetName=Net*3_4 Pin=P6-4
Added Net: Name=Net*3_4
Added Pin To Net: NetName=Net*3_6 Pin=*3-6
Added Pin To Net: NetName=Net*3_6 Pin=P6-6
Added Net: Name=Net*3_6
Added Pin To Net: NetName=Net*3_7 Pin=*3-7
Added Pin To Net: NetName=Net*3_7 Pin=P6-7
Added Net: Name=Net*3_7
Added Pin To Net: NetName=Net*3_12 Pin=*3-12
Added Pin To Net: NetName=Net*3_12 Pin=P6-12
Added Net: Name=Net*3_12
Added Pin To Net: NetName=Net*3_15 Pin=*3-15
Added Pin To Net: NetName=Net*3_15 Pin=P6-15
Added Net: Name=Net*3_15
Added Pin To Net: NetName=Net*3_16 Pin=*3-16
Added Pin To Net: NetName=Net*3_16 Pin=P6-16
Added Net: Name=Net*3_16
Added Pin To Net: NetName=Net*3_17 Pin=*3-17
Added Pin To Net: NetName=Net*3_17 Pin=P6-17
Added Net: Name=Net*3_17
Added Pin To Net: NetName=Net*3_19 Pin=*3-19
Added Pin To Net: NetName=Net*3_19 Pin=P6-19
Added Net: Name=Net*3_19
Added Pin To Net: NetName=Net*3_21 Pin=*3-21
Added Pin To Net: NetName=Net*3_21 Pin=P6-21
Added Net: Name=Net*3_21
Added Pin To Net: NetName=Net*3_23 Pin=*3-23
Added Pin To Net: NetName=Net*3_23 Pin=P6-23
Added Net: Name=Net*3_23
Added Pin To Net: NetName=Net*3_24 Pin=*3-24
Added Pin To Net: NetName=Net*3_24 Pin=P6-24
Added Net: Name=Net*3_24
Added Pin To Net: NetName=Net*3_25 Pin=*3-25
Added Pin To Net: NetName=Net*3_25 Pin=P6-25
Added Net: Name=Net*3_25
Added Pin To Net: NetName=Net*3_26 Pin=*3-26
Added Pin To Net: NetName=Net*3_26 Pin=P6-26
Added Net: Name=Net*3_26
Added Pin To Net: NetName=Net*3_27 Pin=*3-27
Added Pin To Net: NetName=Net*3_27 Pin=P6-27
Added Net: Name=Net*3_27
Added Pin To Net: NetName=Net*3_28 Pin=*3-28
Added Pin To Net: NetName=Net*3_28 Pin=P6-28
Added Net: Name=Net*3_28
Added Pin To Net: NetName=Net*3_29 Pin=*3-29
Added Pin To Net: NetName=Net*3_29 Pin=P6-29
Added Net: Name=Net*3_29
Added Pin To Net: NetName=Net*3_30 Pin=*3-30
Added Pin To Net: NetName=Net*3_30 Pin=P6-30
Added Net: Name=Net*3_30
Added Pin To Net: NetName=Net*3_31 Pin=*3-31
Added Pin To Net: NetName=Net*3_31 Pin=P6-31
Added Net: Name=Net*3_31
Added Pin To Net: NetName=Net*3_33 Pin=*3-33
Added Pin To Net: NetName=Net*3_33 Pin=P6-33
Added Net: Name=Net*3_33
Added Pin To Net: NetName=Net*3_35 Pin=*3-35
Added Pin To Net: NetName=Net*3_35 Pin=P6-35
Added Net: Name=Net*3_35
Added Pin To Net: NetName=Net*3_38 Pin=*3-38
Added Pin To Net: NetName=Net*3_38 Pin=P6-38
Added Net: Name=Net*3_38
Added Pin To Net: NetName=Net*3_39 Pin=*3-39
Added Pin To Net: NetName=Net*3_39 Pin=P6-39
Added Net: Name=Net*3_39
Added Pin To Net: NetName=Net*3_40 Pin=*3-40
Added Pin To Net: NetName=Net*3_40 Pin=P6-40
Added Net: Name=Net*3_40
Added Pin To Net: NetName=NetP1_1 Pin=P1-1
Added Pin To Net: NetName=NetP1_1 Pin=XS1-1
Added Net: Name=NetP1_1
Added Pin To Net: NetName=NetP1_4 Pin=P1-4
Added Pin To Net: NetName=NetP1_4 Pin=XS1-4
Added Net: Name=NetP1_4
Added Pin To Net: NetName=NetP1_5 Pin=P1-5
Added Pin To Net: NetName=NetP1_5 Pin=XS1-5
Added Net: Name=NetP1_5
Added Pin To Net: NetName=NetP1_6 Pin=P1-6
Added Pin To Net: NetName=NetP1_6 Pin=XS1-6
Added Net: Name=NetP1_6
Added Pin To Net: NetName=NetP1_8 Pin=P1-8
Added Pin To Net: NetName=NetP1_8 Pin=XS1-8
Added Net: Name=NetP1_8
Added Pin To Net: NetName=NetP1_9 Pin=P1-9
Added Pin To Net: NetName=NetP1_9 Pin=XS1-9
Added Net: Name=NetP1_9
Added Pin To Net: NetName=NetP1_10 Pin=P1-10
Added Pin To Net: NetName=NetP1_10 Pin=XS1-10
Added Net: Name=NetP1_10
Added Pin To Net: NetName=NetP1_11 Pin=P1-11
Added Pin To Net: NetName=NetP1_11 Pin=XS1-11
Added Net: Name=NetP1_11
Added Pin To Net: NetName=NetP1_12 Pin=P1-12
Added Pin To Net: NetName=NetP1_12 Pin=XS1-12
Added Net: Name=NetP1_12
Added Pin To Net: NetName=NetP1_13 Pin=P1-13
Added Pin To Net: NetName=NetP1_13 Pin=XS1-13
Added Net: Name=NetP1_13
Added Pin To Net: NetName=NetP1_14 Pin=P1-14
Added Pin To Net: NetName=NetP1_14 Pin=XS1-14
Added Net: Name=NetP1_14
Added Pin To Net: NetName=NetP1_15 Pin=P1-15
Added Pin To Net: NetName=NetP1_15 Pin=XS1-15
Added Net: Name=NetP1_15
Added Pin To Net: NetName=NetP1_16 Pin=P1-16
Added Pin To Net: NetName=NetP1_16 Pin=XS1-16
Added Net: Name=NetP1_16
Added Pin To Net: NetName=NetP1_18 Pin=P1-18
Added Pin To Net: NetName=NetP1_18 Pin=XS1-18
Added Net: Name=NetP1_18
Added Pin To Net: NetName=NetP1_19 Pin=P1-19
Added Pin To Net: NetName=NetP1_19 Pin=XS1-19
Added Net: Name=NetP1_19
Added Pin To Net: NetName=NetP1_21 Pin=P1-21
Added Pin To Net: NetName=NetP1_21 Pin=XS1-21
Added Net: Name=NetP1_21
Added Pin To Net: NetName=NetP1_22 Pin=P1-22
Added Pin To Net: NetName=NetP1_22 Pin=XS1-22
Added Net: Name=NetP1_22
Added Pin To Net: NetName=NetP1_23 Pin=P1-23
Added Pin To Net: NetName=NetP1_23 Pin=XS1-23
Added Net: Name=NetP1_23
Added Pin To Net: NetName=NetP1_24 Pin=P1-24
Added Pin To Net: NetName=NetP1_24 Pin=XS1-24
Added Net: Name=NetP1_24
Added Pin To Net: NetName=NetP1_25 Pin=P1-25
Added Pin To Net: NetName=NetP1_25 Pin=XS1-25
Added Net: Name=NetP1_25
Added Pin To Net: NetName=NetP1_26 Pin=P1-26
Added Pin To Net: NetName=NetP1_26 Pin=XS1-26
Added Net: Name=NetP1_26
Added Pin To Net: NetName=NetP1_27 Pin=P1-27
Added Pin To Net: NetName=NetP1_27 Pin=XS1-27
Added Net: Name=NetP1_27
Added Pin To Net: NetName=NetP1_28 Pin=P1-28
Added Pin To Net: NetName=NetP1_28 Pin=XS1-28
Added Net: Name=NetP1_28
Added Pin To Net: NetName=NetP1_29 Pin=P1-29
Added Pin To Net: NetName=NetP1_29 Pin=XS1-29
Added Net: Name=NetP1_29
Added Pin To Net: NetName=NetP1_30 Pin=P1-30
Added Pin To Net: NetName=NetP1_30 Pin=XS1-30
Added Net: Name=NetP1_30
Added Pin To Net: NetName=NetP1_32 Pin=P1-32
Added Pin To Net: NetName=NetP1_32 Pin=XS1-32
Added Net: Name=NetP1_32
Added Pin To Net: NetName=NetP1_33 Pin=P1-33
Added Pin To Net: NetName=NetP1_33 Pin=XS1-33
Added Net: Name=NetP1_33
Added Pin To Net: NetName=NetP1_34 Pin=P1-34
Added Pin To Net: NetName=NetP1_34 Pin=XS1-34
Added Net: Name=NetP1_34
Added Pin To Net: NetName=NetP1_36 Pin=P1-36
Added Pin To Net: NetName=NetP1_36 Pin=XS1-36
Added Net: Name=NetP1_36
Added Pin To Net: NetName=NetP1_37 Pin=P1-37
Added Pin To Net: NetName=NetP1_37 Pin=XS1-37
Added Net: Name=NetP1_37
Added Pin To Net: NetName=NetP1_38 Pin=P1-38
Added Pin To Net: NetName=NetP1_38 Pin=XS1-38
Added Net: Name=NetP1_38
Added Pin To Net: NetName=NetP1_39 Pin=P1-39
Added Pin To Net: NetName=NetP1_39 Pin=XS1-39
Added Net: Name=NetP1_39
Added Pin To Net: NetName=NetP2_1 Pin=P2-1
Added Pin To Net: NetName=NetP2_1 Pin=XS2-1
Added Net: Name=NetP2_1
Added Pin To Net: NetName=NetP2_2 Pin=P2-2
Added Pin To Net: NetName=NetP2_2 Pin=XS2-2
Added Net: Name=NetP2_2
Added Pin To Net: NetName=NetP2_3 Pin=P2-3
Added Pin To Net: NetName=NetP2_3 Pin=XS2-3
Added Net: Name=NetP2_3
Added Pin To Net: NetName=NetP2_4 Pin=P2-4
Added Pin To Net: NetName=NetP2_4 Pin=XS2-4
Added Net: Name=NetP2_4
Added Pin To Net: NetName=NetP2_5 Pin=P2-5
Added Pin To Net: NetName=NetP2_5 Pin=XS2-5
Added Net: Name=NetP2_5
Added Pin To Net: NetName=NetP2_6 Pin=P2-6
Added Pin To Net: NetName=NetP2_6 Pin=XS2-6
Added Net: Name=NetP2_6
Added Pin To Net: NetName=NetP2_7 Pin=P2-7
Added Pin To Net: NetName=NetP2_7 Pin=XS2-7
Added Net: Name=NetP2_7
Added Pin To Net: NetName=NetP2_8 Pin=P2-8
Added Pin To Net: NetName=NetP2_8 Pin=XS2-8
Added Net: Name=NetP2_8
Added Pin To Net: NetName=NetP2_9 Pin=P2-9
Added Pin To Net: NetName=NetP2_9 Pin=XS2-9
Added Net: Name=NetP2_9
Added Pin To Net: NetName=NetP2_10 Pin=P2-10
Added Pin To Net: NetName=NetP2_10 Pin=XS2-10
Added Net: Name=NetP2_10
Added Pin To Net: NetName=NetP2_11 Pin=P2-11
Added Pin To Net: NetName=NetP2_11 Pin=XS2-11
Added Net: Name=NetP2_11
Added Pin To Net: NetName=NetP2_12 Pin=P2-12
Added Pin To Net: NetName=NetP2_12 Pin=XS2-12
Added Net: Name=NetP2_12
Added Pin To Net: NetName=NetP2_13 Pin=P2-13
Added Pin To Net: NetName=NetP2_13 Pin=XS2-13
Added Net: Name=NetP2_13
Added Pin To Net: NetName=NetP2_14 Pin=P2-14
Added Pin To Net: NetName=NetP2_14 Pin=XS2-14
Added Net: Name=NetP2_14
Added Pin To Net: NetName=NetP2_15 Pin=P2-15
Added Pin To Net: NetName=NetP2_15 Pin=XS2-15
Added Net: Name=NetP2_15
Added Pin To Net: NetName=NetP2_16 Pin=P2-16
Added Pin To Net: NetName=NetP2_16 Pin=XS2-16
Added Net: Name=NetP2_16
Added Pin To Net: NetName=NetP2_17 Pin=P2-17
Added Pin To Net: NetName=NetP2_17 Pin=XS2-17
Added Net: Name=NetP2_17
Added Pin To Net: NetName=NetP2_18 Pin=P2-18
Added Pin To Net: NetName=NetP2_18 Pin=XS2-18
Added Net: Name=NetP2_18
Added Pin To Net: NetName=NetP2_19 Pin=P2-19
Added Pin To Net: NetName=NetP2_19 Pin=XS2-19
Added Net: Name=NetP2_19
Added Pin To Net: NetName=NetP2_20 Pin=P2-20
Added Pin To Net: NetName=NetP2_20 Pin=XS2-20
Added Net: Name=NetP2_20
Added Pin To Net: NetName=NetP2_21 Pin=P2-21
Added Pin To Net: NetName=NetP2_21 Pin=XS2-21
Added Net: Name=NetP2_21
Added Pin To Net: NetName=NetP2_22 Pin=P2-22
Added Pin To Net: NetName=NetP2_22 Pin=XS2-22
Added Net: Name=NetP2_22
Added Pin To Net: NetName=NetP2_23 Pin=P2-23
Added Pin To Net: NetName=NetP2_23 Pin=XS2-23
Added Net: Name=NetP2_23
Added Pin To Net: NetName=NetP2_25 Pin=P2-25
Added Pin To Net: NetName=NetP2_25 Pin=XS2-25
Added Net: Name=NetP2_25
Added Pin To Net: NetName=NetP2_26 Pin=P2-26
Added Pin To Net: NetName=NetP2_26 Pin=XS2-26
Added Net: Name=NetP2_26
Added Pin To Net: NetName=NetP2_27 Pin=P2-27
Added Pin To Net: NetName=NetP2_27 Pin=XS2-27
Added Net: Name=NetP2_27
Added Pin To Net: NetName=NetP2_28 Pin=P2-28
Added Pin To Net: NetName=NetP2_28 Pin=XS2-28
Added Net: Name=NetP2_28
Added Pin To Net: NetName=NetP2_29 Pin=P2-29
Added Pin To Net: NetName=NetP2_29 Pin=XS2-29
Added Net: Name=NetP2_29
Added Pin To Net: NetName=NetP2_31 Pin=P2-31
Added Pin To Net: NetName=NetP2_31 Pin=XS2-31
Added Net: Name=NetP2_31
Added Pin To Net: NetName=NetP2_32 Pin=P2-32
Added Pin To Net: NetName=NetP2_32 Pin=XS2-32
Added Net: Name=NetP2_32
Added Pin To Net: NetName=NetP2_33 Pin=P2-33
Added Pin To Net: NetName=NetP2_33 Pin=XS2-33
Added Net: Name=NetP2_33
Added Pin To Net: NetName=NetP2_35 Pin=P2-35
Added Pin To Net: NetName=NetP2_35 Pin=XS2-35
Added Net: Name=NetP2_35
Added Pin To Net: NetName=NetP2_36 Pin=P2-36
Added Pin To Net: NetName=NetP2_36 Pin=XS2-36
Added Net: Name=NetP2_36
Added Pin To Net: NetName=NetP2_39 Pin=P2-39
Added Pin To Net: NetName=NetP2_39 Pin=XS2-39
Added Net: Name=NetP2_39
Added Pin To Net: NetName=NetP2_40 Pin=P2-40
Added Pin To Net: NetName=NetP2_40 Pin=XS2-40
Added Net: Name=NetP2_40
Added Pin To Net: NetName=NetP7_1 Pin=P7-1
Added Pin To Net: NetName=NetP7_1 Pin=XS3-1
Added Net: Name=NetP7_1
Added Pin To Net: NetName=NetP7_2 Pin=P7-2
Added Pin To Net: NetName=NetP7_2 Pin=XS3-2
Added Net: Name=NetP7_2
Added Pin To Net: NetName=NetP7_3 Pin=P7-3
Added Pin To Net: NetName=NetP7_3 Pin=XS3-3
Added Net: Name=NetP7_3
Added Pin To Net: NetName=NetP7_5 Pin=P7-5
Added Pin To Net: NetName=NetP7_5 Pin=XS3-5
Added Net: Name=NetP7_5
Added Pin To Net: NetName=NetP7_6 Pin=P7-6
Added Pin To Net: NetName=NetP7_6 Pin=XS3-6
Added Net: Name=NetP7_6
Added Pin To Net: NetName=NetP7_7 Pin=P7-7
Added Pin To Net: NetName=NetP7_7 Pin=XS3-7
Added Net: Name=NetP7_7
Added Pin To Net: NetName=NetP7_8 Pin=P7-8
Added Pin To Net: NetName=NetP7_8 Pin=XS3-8
Added Net: Name=NetP7_8
Added Pin To Net: NetName=NetP7_11 Pin=P7-11
Added Pin To Net: NetName=NetP7_11 Pin=XS3-11
Added Net: Name=NetP7_11
Added Pin To Net: NetName=NetP7_12 Pin=P7-12
Added Pin To Net: NetName=NetP7_12 Pin=XS3-12
Added Net: Name=NetP7_12
Added Pin To Net: NetName=NetP7_13 Pin=P7-13
Added Pin To Net: NetName=NetP7_13 Pin=XS3-13
Added Net: Name=NetP7_13
Added Pin To Net: NetName=NetP7_15 Pin=P7-15
Added Pin To Net: NetName=NetP7_15 Pin=XS3-15
Added Net: Name=NetP7_15
Added Pin To Net: NetName=NetP7_16 Pin=P7-16
Added Pin To Net: NetName=NetP7_16 Pin=XS3-16
Added Net: Name=NetP7_16
Added Pin To Net: NetName=NetP7_17 Pin=P7-17
Added Pin To Net: NetName=NetP7_17 Pin=XS3-17
Added Net: Name=NetP7_17
Added Pin To Net: NetName=NetP7_19 Pin=P7-19
Added Pin To Net: NetName=NetP7_19 Pin=XS3-19
Added Net: Name=NetP7_19
Added Pin To Net: NetName=NetP7_20 Pin=P7-20
Added Pin To Net: NetName=NetP7_20 Pin=XS3-20
Added Net: Name=NetP7_20
Added Pin To Net: NetName=NetP7_21 Pin=P7-21
Added Pin To Net: NetName=NetP7_21 Pin=XS3-21
Added Net: Name=NetP7_21
Added Pin To Net: NetName=NetP7_24 Pin=P7-24
Added Pin To Net: NetName=NetP7_24 Pin=XS3-24
Added Net: Name=NetP7_24
Added Pin To Net: NetName=NetP7_26 Pin=P7-26
Added Pin To Net: NetName=NetP7_26 Pin=XS3-26
Added Net: Name=NetP7_26
Added Pin To Net: NetName=NetP7_28 Pin=P7-28
Added Pin To Net: NetName=NetP7_28 Pin=XS3-28
Added Net: Name=NetP7_28
Added Pin To Net: NetName=NetP7_30 Pin=P7-30
Added Pin To Net: NetName=NetP7_30 Pin=XS3-30
Added Net: Name=NetP7_30
Added Pin To Net: NetName=NetP7_31 Pin=P7-31
Added Pin To Net: NetName=NetP7_31 Pin=XS3-31
Added Net: Name=NetP7_31
Added Pin To Net: NetName=NetP7_34 Pin=P7-34
Added Pin To Net: NetName=NetP7_34 Pin=XS3-34
Added Net: Name=NetP7_34
Added Pin To Net: NetName=NetP7_35 Pin=P7-35
Added Pin To Net: NetName=NetP7_35 Pin=XS3-35
Added Net: Name=NetP7_35
Added Pin To Net: NetName=NetP7_36 Pin=P7-36
Added Pin To Net: NetName=NetP7_36 Pin=XS3-36
Added Net: Name=NetP7_36
Added Pin To Net: NetName=NetP7_37 Pin=P7-37
Added Pin To Net: NetName=NetP7_37 Pin=XS3-37
Added Net: Name=NetP7_37
Added Pin To Net: NetName=NetP7_38 Pin=P7-38
Added Pin To Net: NetName=NetP7_38 Pin=XS3-38
Added Net: Name=NetP7_38
Added Pin To Net: NetName=NetP7_39 Pin=P7-39
Added Pin To Net: NetName=NetP7_39 Pin=XS3-39
Added Net: Name=NetP7_39
Added Pin To Net: NetName=NetP7_40 Pin=P7-40
Added Pin To Net: NetName=NetP7_40 Pin=XS3-40
Added Net: Name=NetP7_40
Added Pin To Net: NetName=NetP8_2 Pin=P8-2
Added Pin To Net: NetName=NetP8_2 Pin=XS4-2
Added Net: Name=NetP8_2
Added Pin To Net: NetName=NetP8_3 Pin=P8-3
Added Pin To Net: NetName=NetP8_3 Pin=XS4-3
Added Net: Name=NetP8_3
Added Pin To Net: NetName=NetP8_4 Pin=P8-4
Added Pin To Net: NetName=NetP8_4 Pin=XS4-4
Added Net: Name=NetP8_4
Added Pin To Net: NetName=NetP8_7 Pin=P8-7
Added Pin To Net: NetName=NetP8_7 Pin=XS4-7
Added Net: Name=NetP8_7
Added Pin To Net: NetName=NetP8_9 Pin=P8-9
Added Pin To Net: NetName=NetP8_9 Pin=XS4-9
Added Net: Name=NetP8_9
Added Pin To Net: NetName=NetP8_10 Pin=P8-10
Added Pin To Net: NetName=NetP8_10 Pin=XS4-10
Added Net: Name=NetP8_10
Added Pin To Net: NetName=NetP8_14 Pin=P8-14
Added Pin To Net: NetName=NetP8_14 Pin=XS4-14
Added Net: Name=NetP8_14
Added Pin To Net: NetName=NetP8_17 Pin=P8-17
Added Pin To Net: NetName=NetP8_17 Pin=XS4-17
Added Net: Name=NetP8_17
Added Pin To Net: NetName=NetP8_18 Pin=P8-18
Added Pin To Net: NetName=NetP8_18 Pin=XS4-18
Added Net: Name=NetP8_18
Added Pin To Net: NetName=NetP8_20 Pin=P8-20
Added Pin To Net: NetName=NetP8_20 Pin=XS4-20
Added Net: Name=NetP8_20
Added Pin To Net: NetName=NetP8_22 Pin=P8-22
Added Pin To Net: NetName=NetP8_22 Pin=XS4-22
Added Net: Name=NetP8_22
Added Pin To Net: NetName=NetP8_23 Pin=P8-23
Added Pin To Net: NetName=NetP8_23 Pin=XS4-23
Added Net: Name=NetP8_23
Added Pin To Net: NetName=NetP8_24 Pin=P8-24
Added Pin To Net: NetName=NetP8_24 Pin=XS4-24
Added Net: Name=NetP8_24
Added Pin To Net: NetName=NetP8_25 Pin=P8-25
Added Pin To Net: NetName=NetP8_25 Pin=XS4-25
Added Net: Name=NetP8_25
Added Pin To Net: NetName=NetP8_27 Pin=P8-27
Added Pin To Net: NetName=NetP8_27 Pin=XS4-27
Added Net: Name=NetP8_27
Added Pin To Net: NetName=NetP8_29 Pin=P8-29
Added Pin To Net: NetName=NetP8_29 Pin=XS4-29
Added Net: Name=NetP8_29
Added Pin To Net: NetName=NetP8_30 Pin=P8-30
Added Pin To Net: NetName=NetP8_30 Pin=XS4-30
Added Net: Name=NetP8_30
Added Pin To Net: NetName=NetP8_31 Pin=P8-31
Added Pin To Net: NetName=NetP8_31 Pin=XS4-31
Added Net: Name=NetP8_31
Added Pin To Net: NetName=NetP8_32 Pin=P8-32
Added Pin To Net: NetName=NetP8_32 Pin=XS4-32
Added Net: Name=NetP8_32
Added Pin To Net: NetName=NetP8_33 Pin=P8-33
Added Pin To Net: NetName=NetP8_33 Pin=XS4-33
Added Net: Name=NetP8_33
Added Pin To Net: NetName=NetP8_34 Pin=P8-34
Added Pin To Net: NetName=NetP8_34 Pin=XS4-34
Added Net: Name=NetP8_34
Added Pin To Net: NetName=NetP8_35 Pin=P8-35
Added Pin To Net: NetName=NetP8_35 Pin=XS4-35
Added Net: Name=NetP8_35
Added Pin To Net: NetName=NetP8_37 Pin=P8-37
Added Pin To Net: NetName=NetP8_37 Pin=XS4-37
Added Net: Name=NetP8_37
Added Pin To Net: NetName=NetP8_38 Pin=P8-38
Added Pin To Net: NetName=NetP8_38 Pin=XS4-38
Added Net: Name=NetP8_38
Added Pin To Net: NetName=NetP8_40 Pin=P8-40
Added Pin To Net: NetName=NetP8_40 Pin=XS4-40
Added Net: Name=NetP8_40
Added Member To Class: ClassName=stand Member=Component *2 PLLD-1.27-40S
Added Member To Class: ClassName=stand Member=Component *3 PLLD-1.27-40S
Added Member To Class: ClassName=stand Member=Component P1 Header 20X2
Added Member To Class: ClassName=stand Member=Component P3 Header 20X2
Added Member To Class: ClassName=stand Member=Component P4 Header 20X2
Added Member To Class: ClassName=stand Member=Component P5 Header 20X2
Added Member To Class: ClassName=stand Member=Component P6 Header 20X2
Added Member To Class: ClassName=stand Member=Component P7 Header 20X2
Added Member To Class: ClassName=stand Member=Component P8 Header 20X2
Added Member To Class: ClassName=stand Member=Component XS1 PBD-1.27-40SA
Added Member To Class: ClassName=stand Member=Component XS2 PBD-1.27-40SA
Added Member To Class: ClassName=stand Member=Component XS4 PBD-1.27-40SA
