Change Component Designator: OldDesignator=XP1 NewDesignator=XP1_1
Change Component Designator: OldDesignator=XP2 NewDesignator=XP2_1
Change Component Designator: OldDesignator=XP3 NewDesignator=XP3_1
Change Component Designator: OldDesignator=XP4 NewDesignator=XP4_1
Added Component: Designator=XP1_2(Headr 2x20 Female)
Added Component: Designator=XP2_2(Headr 2x20 Female)
Added Component: Designator=XP3_2(Headr 2x20 Female)
Added Component: Designator=XP4_2(Headr 2x20 Female)
Add Pin To Net: Unknown Pin: Pin LDO1-4
Add Pin To Net: Unknown Pin: Pin LDO2-4
Add Pin To Net: Unknown Pin: Pin TYPE-C1-1
Add Pin To Net: Unknown Pin: Pin TYPE-C1-2
Add Pin To Net: Unknown Pin: Pin TYPE-C1-3
Add Pin To Net: Unknown Pin: Pin TYPE-C1-4
Add Pin To Net: Unknown Pin: Pin TYPE-C1-5
Add Pin To Net: Unknown Pin: Pin TYPE-C1-7
Add Pin To Net: Unknown Pin: Pin TYPE-C1-8
Add Pin To Net: Unknown Pin: Pin TYPE-C1-9
Add Pin To Net: Unknown Pin: Pin TYPE-C1-10
Add Pin To Net: Unknown Pin: Pin TYPE-C1-11
Add Pin To Net: Unknown Pin: Pin TYPE-C1-12
Add Pin To Net: Unknown Pin: Pin TYPE-C1-13
Add Pin To Net: Unknown Pin: Pin TYPE-C1-15
Add Pin To Net: Unknown Pin: Pin TYPE-C1-16
Add Pin To Net: Unknown Pin: Pin VD1-A
Add Pin To Net: Unknown Pin: Pin VD1-C
Added Pin To Net: NetName=VCC Pin=XP1_2-1
Added Pin To Net: NetName=VCC Pin=XP1_2-2
Added Pin To Net: NetName=VCC Pin=XP1_2-3
Added Pin To Net: NetName=VCC Pin=XP1_2-4
Added Pin To Net: NetName=VCC Pin=XP1_2-5
Added Pin To Net: NetName=VCC Pin=XP1_2-6
Added Pin To Net: NetName=5V Pin=XP1_2-7
Added Pin To Net: NetName=5V Pin=XP1_2-8
Added Pin To Net: NetName=3V3 Pin=XP1_2-9
Added Pin To Net: NetName=3V3 Pin=XP1_2-10
Added Pin To Net: NetName=4V2 Pin=XP1_2-11
Added Pin To Net: NetName=4V2 Pin=XP1_2-12
Added Pin To Net: NetName=4V2 Pin=XP1_2-13
Added Pin To Net: NetName=4V2 Pin=XP1_2-14
Added Pin To Net: NetName=NetU4_37 Pin=XP1_2-17
Added Pin To Net: NetName=NetU4_36 Pin=XP1_2-19
Added Pin To Net: NetName=NetR3_2 Pin=XP1_2-25
Added Pin To Net: NetName=NetR4_2 Pin=XP1_2-27
Added Pin To Net: NetName=NetP_7 Pin=XP1_2-29
Added Pin To Net: NetName=NetP_3 Pin=XP1_2-31
Added Pin To Net: NetName=NetU4_40 Pin=XP1_2-33
Added Pin To Net: NetName=NetU4_124 Pin=XP1_2-34
Added Pin To Net: NetName=NetU4_129 Pin=XP1_2-36
Added Pin To Net: NetName=GND Pin=XP1_2-37
Added Pin To Net: NetName=GND Pin=XP1_2-38
Added Pin To Net: NetName=GND Pin=XP1_2-39
Added Pin To Net: NetName=GND Pin=XP1_2-40
Added Pin To Net: NetName=GND Pin=XP2_2-1
Added Pin To Net: NetName=GND Pin=XP2_2-2
Added Pin To Net: NetName=GND Pin=XP2_2-3
Added Pin To Net: NetName=GND Pin=XP2_2-4
Added Pin To Net: NetName=GND Pin=XP2_2-5
Added Pin To Net: NetName=GND Pin=XP2_2-6
Added Pin To Net: NetName=NetU4_60 Pin=XP2_2-7
Added Pin To Net: NetName=NetU4_64 Pin=XP2_2-9
Added Pin To Net: NetName=NetU4_66 Pin=XP2_2-11
Added Pin To Net: NetName=NetU4_67 Pin=XP2_2-13
Added Pin To Net: NetName=NetU4_139 Pin=XP2_2-15
Added Pin To Net: NetName=NetU4_41 Pin=XP2_2-17
Added Pin To Net: NetName=NetU4_46 Pin=XP2_2-19
Added Pin To Net: NetName=NetR36_1 Pin=XP2_2-20
Added Pin To Net: NetName=NetU4_47 Pin=XP2_2-21
Added Pin To Net: NetName=NetU4_99 Pin=XP2_2-23
Added Pin To Net: NetName=NetCAN1_7 Pin=XP2_2-24
Added Pin To Net: NetName=NetU4_35 Pin=XP2_2-25
Added Pin To Net: NetName=NetCAN1_6 Pin=XP2_2-26
Added Pin To Net: NetName=NetU4_43 Pin=XP2_2-27
Added Pin To Net: NetName=NetU4_116 Pin=XP2_2-28
Added Pin To Net: NetName=NetU4_81 Pin=XP2_2-29
Added Pin To Net: NetName=NetU4_113 Pin=XP2_2-30
Added Pin To Net: NetName=NetU4_82 Pin=XP2_2-31
Added Pin To Net: NetName=GND Pin=XP2_2-37
Added Pin To Net: NetName=GND Pin=XP2_2-38
Added Pin To Net: NetName=GND Pin=XP2_2-39
Added Pin To Net: NetName=GND Pin=XP2_2-40
Added Pin To Net: NetName=GND Pin=XP3_2-1
Added Pin To Net: NetName=GND Pin=XP3_2-2
Added Pin To Net: NetName=GND Pin=XP3_2-3
Added Pin To Net: NetName=GND Pin=XP3_2-4
Added Pin To Net: NetName=NetU4_141 Pin=XP3_2-6
Added Pin To Net: NetName=NetU4_142 Pin=XP3_2-8
Added Pin To Net: NetName=NetR6_1 Pin=XP3_2-9
Added Pin To Net: NetName=NetU4_1 Pin=XP3_2-10
Added Pin To Net: NetName=NetR7_1 Pin=XP3_2-11
Added Pin To Net: NetName=NetU4_2 Pin=XP3_2-12
Added Pin To Net: NetName=NetU4_3 Pin=XP3_2-14
Added Pin To Net: NetName=NetU4_111 Pin=XP3_2-23
Added Pin To Net: NetName=NetU4_26 Pin=XP3_2-24
Added Pin To Net: NetName=NetU4_112 Pin=XP3_2-25
Added Pin To Net: NetName=NetU4_27 Pin=XP3_2-26
Added Pin To Net: NetName=NetU4_137 Pin=XP3_2-27
Added Pin To Net: NetName=NetU4_28 Pin=XP3_2-28
Added Pin To Net: NetName=NetU4_136 Pin=XP3_2-29
Added Pin To Net: NetName=NetU4_29 Pin=XP3_2-30
Added Pin To Net: NetName=NetR37_1 Pin=XP3_2-32
Added Pin To Net: NetName=GND Pin=XP3_2-35
Added Pin To Net: NetName=GND Pin=XP3_2-36
Added Pin To Net: NetName=GND Pin=XP3_2-37
Added Pin To Net: NetName=GND Pin=XP3_2-38
Added Pin To Net: NetName=GND Pin=XP3_2-39
Added Pin To Net: NetName=GND Pin=XP3_2-40
Added Pin To Net: NetName=GND Pin=XP4_2-1
Added Pin To Net: NetName=GND Pin=XP4_2-2
Added Pin To Net: NetName=GND Pin=XP4_2-3
Added Pin To Net: NetName=GND Pin=XP4_2-4
Added Pin To Net: NetName=NetU4_4 Pin=XP4_2-5
Added Pin To Net: NetName=NetU4_5 Pin=XP4_2-7
Added Pin To Net: NetName=NetU4_58 Pin=XP4_2-9
Added Pin To Net: NetName=NetU4_70 Pin=XP4_2-10
Added Pin To Net: NetName=NetU4_69 Pin=XP4_2-12
Added Pin To Net: NetName=NetU4_45 Pin=XP4_2-14
Added Pin To Net: NetName=NetU4_14 Pin=XP4_2-15
Added Pin To Net: NetName=NetU4_75 Pin=XP4_2-16
Added Pin To Net: NetName=NetU4_15 Pin=XP4_2-17
Added Pin To Net: NetName=NetU4_124 Pin=XP4_2-22
Added Pin To Net: NetName=NetU4_129 Pin=XP4_2-24
Added Pin To Net: NetName=4V2 Pin=XP4_2-27
Added Pin To Net: NetName=4V2 Pin=XP4_2-28
Added Pin To Net: NetName=4V2 Pin=XP4_2-29
Added Pin To Net: NetName=4V2 Pin=XP4_2-30
Added Pin To Net: NetName=3V3 Pin=XP4_2-31
Added Pin To Net: NetName=3V3 Pin=XP4_2-32
Added Pin To Net: NetName=5V Pin=XP4_2-33
Added Pin To Net: NetName=5V Pin=XP4_2-34
Added Pin To Net: NetName=VCC Pin=XP4_2-35
Added Pin To Net: NetName=VCC Pin=XP4_2-36
Added Pin To Net: NetName=VCC Pin=XP4_2-37
Added Pin To Net: NetName=VCC Pin=XP4_2-38
Added Pin To Net: NetName=VCC Pin=XP4_2-39
Added Pin To Net: NetName=VCC Pin=XP4_2-40
Added Member To Class: ClassName=верхн€€ плата верси€ 1 Member=Component XP1_2 PLLD-1.27-40S
Added Member To Class: ClassName=верхн€€ плата верси€ 1 Member=Component XP2_2 PLLD-1.27-40S
Added Member To Class: ClassName=верхн€€ плата верси€ 1 Member=Component XP3_2 PLLD-1.27-40S
Added Member To Class: ClassName=верхн€€ плата верси€ 1 Member=Component XP4_2 PLLD-1.27-40S
