Added Component: Designator=C1(C0603)
Add component (AddParameter): Name = "Published"; Value = "18.05.2010"; VariantName = "[No Variations]"
Add component (AddParameter): Name = "Publisher"; Value = "Andrew Danich"; VariantName = "[No Variations]"
Add component (AddParameter): Name = "Type"; Value = "Конденсатор"; VariantName = "[No Variations]"
Added Component: Designator=C2(C0603)
Add component (AddParameter): Name = "Published"; Value = "18.05.2010"; VariantName = "[No Variations]"
Add component (AddParameter): Name = "Publisher"; Value = "Andrew Danich"; VariantName = "[No Variations]"
Add component (AddParameter): Name = "Type"; Value = "Конденсатор"; VariantName = "[No Variations]"
Added Component: Designator=C3(C0603)
Add component (AddParameter): Name = "Published"; Value = "18.05.2010"; VariantName = "[No Variations]"
Add component (AddParameter): Name = "Publisher"; Value = "Andrew Danich"; VariantName = "[No Variations]"
Add component (AddParameter): Name = "Type"; Value = "Конденсатор"; VariantName = "[No Variations]"
Added Component: Designator=C4(C0603)
Add component (AddParameter): Name = "Published"; Value = "18.05.2010"; VariantName = "[No Variations]"
Add component (AddParameter): Name = "Publisher"; Value = "Andrew Danich"; VariantName = "[No Variations]"
Add component (AddParameter): Name = "Type"; Value = "Конденсатор"; VariantName = "[No Variations]"
Added Component: Designator=C5(C0603)
Add component (AddParameter): Name = "Published"; Value = "18.05.2010"; VariantName = "[No Variations]"
Add component (AddParameter): Name = "Publisher"; Value = "Andrew Danich"; VariantName = "[No Variations]"
Add component (AddParameter): Name = "Type"; Value = "Конденсатор"; VariantName = "[No Variations]"
Added Component: Designator=C6(C0603)
Add component (AddParameter): Name = "Published"; Value = "18.05.2010"; VariantName = "[No Variations]"
Add component (AddParameter): Name = "Publisher"; Value = "Andrew Danich"; VariantName = "[No Variations]"
Add component (AddParameter): Name = "Type"; Value = "Конденсатор"; VariantName = "[No Variations]"
Added Component: Designator=C7(C0603)
Add component (AddParameter): Name = "Published"; Value = "18.05.2010"; VariantName = "[No Variations]"
Add component (AddParameter): Name = "Publisher"; Value = "Andrew Danich"; VariantName = "[No Variations]"
Add component (AddParameter): Name = "Type"; Value = "Конденсатор"; VariantName = "[No Variations]"
Added Component: Designator=C8(C0603)
Add component (AddParameter): Name = "Published"; Value = "18.05.2010"; VariantName = "[No Variations]"
Add component (AddParameter): Name = "Publisher"; Value = "Andrew Danich"; VariantName = "[No Variations]"
Add component (AddParameter): Name = "Type"; Value = "Конденсатор"; VariantName = "[No Variations]"
Added Component: Designator=C9(C0603)
Add component (AddParameter): Name = "Published"; Value = "18.05.2010"; VariantName = "[No Variations]"
Add component (AddParameter): Name = "Publisher"; Value = "Andrew Danich"; VariantName = "[No Variations]"
Add component (AddParameter): Name = "Type"; Value = "Конденсатор"; VariantName = "[No Variations]"
Added Component: Designator=C10(C0603)
Add component (AddParameter): Name = "Published"; Value = "18.05.2010"; VariantName = "[No Variations]"
Add component (AddParameter): Name = "Publisher"; Value = "Andrew Danich"; VariantName = "[No Variations]"
Add component (AddParameter): Name = "Type"; Value = "Конденсатор"; VariantName = "[No Variations]"
Added Component: Designator=C11(C0603)
Add component (AddParameter): Name = "Published"; Value = "18.05.2010"; VariantName = "[No Variations]"
Add component (AddParameter): Name = "Publisher"; Value = "Andrew Danich"; VariantName = "[No Variations]"
Add component (AddParameter): Name = "Type"; Value = "Конденсатор"; VariantName = "[No Variations]"
Added Component: Designator=C12(C0603)
Add component (AddParameter): Name = "Published"; Value = "18.05.2010"; VariantName = "[No Variations]"
Add component (AddParameter): Name = "Publisher"; Value = "Andrew Danich"; VariantName = "[No Variations]"
Add component (AddParameter): Name = "Type"; Value = "Конденсатор"; VariantName = "[No Variations]"
Added Component: Designator=C13(C0603)
Add component (AddParameter): Name = "Published"; Value = "18.05.2010"; VariantName = "[No Variations]"
Add component (AddParameter): Name = "Publisher"; Value = "Andrew Danich"; VariantName = "[No Variations]"
Add component (AddParameter): Name = "Type"; Value = "Конденсатор"; VariantName = "[No Variations]"
Added Component: Designator=C14(C0603)
Add component (AddParameter): Name = "Published"; Value = "18.05.2010"; VariantName = "[No Variations]"
Add component (AddParameter): Name = "Publisher"; Value = "Andrew Danich"; VariantName = "[No Variations]"
Add component (AddParameter): Name = "Type"; Value = "Конденсатор"; VariantName = "[No Variations]"
Added Component: Designator=C15(C0603)
Add component (AddParameter): Name = "Published"; Value = "18.05.2010"; VariantName = "[No Variations]"
Add component (AddParameter): Name = "Publisher"; Value = "Andrew Danich"; VariantName = "[No Variations]"
Add component (AddParameter): Name = "Type"; Value = "Конденсатор"; VariantName = "[No Variations]"
Added Component: Designator=C16(C0603)
Add component (AddParameter): Name = "Published"; Value = "18.05.2010"; VariantName = "[No Variations]"
Add component (AddParameter): Name = "Publisher"; Value = "Andrew Danich"; VariantName = "[No Variations]"
Add component (AddParameter): Name = "Type"; Value = "Конденсатор"; VariantName = "[No Variations]"
Added Component: Designator=C17(C0603)
Add component (AddParameter): Name = "Published"; Value = "18.05.2010"; VariantName = "[No Variations]"
Add component (AddParameter): Name = "Publisher"; Value = "Andrew Danich"; VariantName = "[No Variations]"
Add component (AddParameter): Name = "Type"; Value = "Конденсатор"; VariantName = "[No Variations]"
Added Component: Designator=C18(C0603)
Add component (AddParameter): Name = "Published"; Value = "18.05.2010"; VariantName = "[No Variations]"
Add component (AddParameter): Name = "Publisher"; Value = "Andrew Danich"; VariantName = "[No Variations]"
Add component (AddParameter): Name = "Type"; Value = "Конденсатор"; VariantName = "[No Variations]"
Added Component: Designator=C19(C0603)
Add component (AddParameter): Name = "Published"; Value = "18.05.2010"; VariantName = "[No Variations]"
Add component (AddParameter): Name = "Publisher"; Value = "Andrew Danich"; VariantName = "[No Variations]"
Add component (AddParameter): Name = "Type"; Value = "Конденсатор"; VariantName = "[No Variations]"
Added Component: Designator=C20(C0603)
Add component (AddParameter): Name = "Published"; Value = "18.05.2010"; VariantName = "[No Variations]"
Add component (AddParameter): Name = "Publisher"; Value = "Andrew Danich"; VariantName = "[No Variations]"
Add component (AddParameter): Name = "Type"; Value = "Конденсатор"; VariantName = "[No Variations]"
Added Component: Designator=C21(C0603)
Add component (AddParameter): Name = "Published"; Value = "18.05.2010"; VariantName = "[No Variations]"
Add component (AddParameter): Name = "Publisher"; Value = "Andrew Danich"; VariantName = "[No Variations]"
Add component (AddParameter): Name = "Type"; Value = "Конденсатор"; VariantName = "[No Variations]"
Added Component: Designator=C22(C0603)
Add component (AddParameter): Name = "Published"; Value = "18.05.2010"; VariantName = "[No Variations]"
Add component (AddParameter): Name = "Publisher"; Value = "Andrew Danich"; VariantName = "[No Variations]"
Add component (AddParameter): Name = "Type"; Value = "Конденсатор"; VariantName = "[No Variations]"
Added Component: Designator=C23(C0603)
Add component (AddParameter): Name = "Published"; Value = "18.05.2010"; VariantName = "[No Variations]"
Add component (AddParameter): Name = "Publisher"; Value = "Andrew Danich"; VariantName = "[No Variations]"
Add component (AddParameter): Name = "Type"; Value = "Конденсатор"; VariantName = "[No Variations]"
Added Component: Designator=C24(C0603)
Add component (AddParameter): Name = "Published"; Value = "18.05.2010"; VariantName = "[No Variations]"
Add component (AddParameter): Name = "Publisher"; Value = "Andrew Danich"; VariantName = "[No Variations]"
Add component (AddParameter): Name = "Type"; Value = "Конденсатор"; VariantName = "[No Variations]"
Added Component: Designator=C25(C0603)
Add component (AddParameter): Name = "Published"; Value = "18.05.2010"; VariantName = "[No Variations]"
Add component (AddParameter): Name = "Publisher"; Value = "Andrew Danich"; VariantName = "[No Variations]"
Add component (AddParameter): Name = "Type"; Value = "Конденсатор"; VariantName = "[No Variations]"
Added Component: Designator=C26(C0603)
Add component (AddParameter): Name = "Published"; Value = "18.05.2010"; VariantName = "[No Variations]"
Add component (AddParameter): Name = "Publisher"; Value = "Andrew Danich"; VariantName = "[No Variations]"
Add component (AddParameter): Name = "Type"; Value = "Конденсатор"; VariantName = "[No Variations]"
Added Component: Designator=C27(C0603)
Add component (AddParameter): Name = "Published"; Value = "18.05.2010"; VariantName = "[No Variations]"
Add component (AddParameter): Name = "Publisher"; Value = "Andrew Danich"; VariantName = "[No Variations]"
Add component (AddParameter): Name = "Type"; Value = "Конденсатор"; VariantName = "[No Variations]"
Added Component: Designator=C28(C0603)
Add component (AddParameter): Name = "Published"; Value = "18.05.2010"; VariantName = "[No Variations]"
Add component (AddParameter): Name = "Publisher"; Value = "Andrew Danich"; VariantName = "[No Variations]"
Add component (AddParameter): Name = "Type"; Value = "Конденсатор"; VariantName = "[No Variations]"
Added Component: Designator=C29(C0603)
Add component (AddParameter): Name = "Published"; Value = "18.05.2010"; VariantName = "[No Variations]"
Add component (AddParameter): Name = "Publisher"; Value = "Andrew Danich"; VariantName = "[No Variations]"
Add component (AddParameter): Name = "Type"; Value = "Конденсатор"; VariantName = "[No Variations]"
Added Component: Designator=C30(C0603)
Add component (AddParameter): Name = "Published"; Value = "18.05.2010"; VariantName = "[No Variations]"
Add component (AddParameter): Name = "Publisher"; Value = "Andrew Danich"; VariantName = "[No Variations]"
Add component (AddParameter): Name = "Type"; Value = "Конденсатор"; VariantName = "[No Variations]"
Added Component: Designator=C31(C0603)
Add component (AddParameter): Name = "Published"; Value = "18.05.2010"; VariantName = "[No Variations]"
Add component (AddParameter): Name = "Publisher"; Value = "Andrew Danich"; VariantName = "[No Variations]"
Add component (AddParameter): Name = "Type"; Value = "Конденсатор"; VariantName = "[No Variations]"
Added Component: Designator=C32(C0603)
Add component (AddParameter): Name = "Published"; Value = "18.05.2010"; VariantName = "[No Variations]"
Add component (AddParameter): Name = "Publisher"; Value = "Andrew Danich"; VariantName = "[No Variations]"
Add component (AddParameter): Name = "Type"; Value = "Конденсатор"; VariantName = "[No Variations]"
Added Component: Designator=C33(C0603)
Add component (AddParameter): Name = "Published"; Value = "18.05.2010"; VariantName = "[No Variations]"
Add component (AddParameter): Name = "Publisher"; Value = "Andrew Danich"; VariantName = "[No Variations]"
Add component (AddParameter): Name = "Type"; Value = "Конденсатор"; VariantName = "[No Variations]"
Added Component: Designator=C34(C0603)
Add component (AddParameter): Name = "Published"; Value = "18.05.2010"; VariantName = "[No Variations]"
Add component (AddParameter): Name = "Publisher"; Value = "Andrew Danich"; VariantName = "[No Variations]"
Add component (AddParameter): Name = "Type"; Value = "Конденсатор"; VariantName = "[No Variations]"
Added Component: Designator=C35(C0603)
Add component (AddParameter): Name = "Published"; Value = "18.05.2010"; VariantName = "[No Variations]"
Add component (AddParameter): Name = "Publisher"; Value = "Andrew Danich"; VariantName = "[No Variations]"
Add component (AddParameter): Name = "Type"; Value = "Конденсатор"; VariantName = "[No Variations]"
Added Component: Designator=CAN1(SO-8_S)
Added Component: Designator=D1(PQFN50P200X200X80-10N)
Added Component: Designator=D2(PQFN50P450X300X100-16N)
Added Component: Designator=D3(XDCR_BMM150)
Added Component: Designator=D4(XDCR_BMI270)
Added Component: Designator=D(GTFP08131Y2HR)
Added Component: Designator=HL1(LD0805)
Add component (AddParameter): Name = "Published"; Value = "03.12.2013"; VariantName = "[No Variations]"
Add component (AddParameter): Name = "Publisher"; Value = "Andrew Danich"; VariantName = "[No Variations]"
Add component (AddParameter): Name = "Type"; Value = "Индикатор единичный"; VariantName = "[No Variations]"
Added Component: Designator=HL2(LD0805)
Add component (AddParameter): Name = "Published"; Value = "03.12.2013"; VariantName = "[No Variations]"
Add component (AddParameter): Name = "Publisher"; Value = "Andrew Danich"; VariantName = "[No Variations]"
Add component (AddParameter): Name = "Type"; Value = "Индикатор единичный"; VariantName = "[No Variations]"
Added Component: Designator=HL3(LD0805)
Add component (AddParameter): Name = "Published"; Value = "03.12.2013"; VariantName = "[No Variations]"
Add component (AddParameter): Name = "Publisher"; Value = "Andrew Danich"; VariantName = "[No Variations]"
Add component (AddParameter): Name = "Type"; Value = "Индикатор единичный"; VariantName = "[No Variations]"
Added Component: Designator=HL4(LD0805)
Add component (AddParameter): Name = "Published"; Value = "03.12.2013"; VariantName = "[No Variations]"
Add component (AddParameter): Name = "Publisher"; Value = "Andrew Danich"; VariantName = "[No Variations]"
Add component (AddParameter): Name = "Type"; Value = "Индикатор единичный"; VariantName = "[No Variations]"
Added Component: Designator=LDO1(ТО-263)
Added Component: Designator=LDO2(ТО-263)
Added Component: Designator=P(PicoBlade 8pin)
Added Component: Designator=R1(R0603)
Add component (AddParameter): Name = "Published"; Value = "24.03.2010"; VariantName = "[No Variations]"
Add component (AddParameter): Name = "Publisher"; Value = "Andrew Danich"; VariantName = "[No Variations]"
Add component (AddParameter): Name = "Type"; Value = "Резистор"; VariantName = "[No Variations]"
Added Component: Designator=R2(R0603)
Add component (AddParameter): Name = "Published"; Value = "24.03.2010"; VariantName = "[No Variations]"
Add component (AddParameter): Name = "Publisher"; Value = "Andrew Danich"; VariantName = "[No Variations]"
Add component (AddParameter): Name = "Type"; Value = "Резистор"; VariantName = "[No Variations]"
Added Component: Designator=R3(R0603)
Add component (AddParameter): Name = "Published"; Value = "24.03.2010"; VariantName = "[No Variations]"
Add component (AddParameter): Name = "Publisher"; Value = "Andrew Danich"; VariantName = "[No Variations]"
Add component (AddParameter): Name = "Type"; Value = "Резистор"; VariantName = "[No Variations]"
Added Component: Designator=R4(R0603)
Add component (AddParameter): Name = "Published"; Value = "24.03.2010"; VariantName = "[No Variations]"
Add component (AddParameter): Name = "Publisher"; Value = "Andrew Danich"; VariantName = "[No Variations]"
Add component (AddParameter): Name = "Type"; Value = "Резистор"; VariantName = "[No Variations]"
Added Component: Designator=R5(R0603)
Add component (AddParameter): Name = "Published"; Value = "24.03.2010"; VariantName = "[No Variations]"
Add component (AddParameter): Name = "Publisher"; Value = "Andrew Danich"; VariantName = "[No Variations]"
Add component (AddParameter): Name = "Type"; Value = "Резистор"; VariantName = "[No Variations]"
Added Component: Designator=R6(R0603)
Add component (AddParameter): Name = "Published"; Value = "24.03.2010"; VariantName = "[No Variations]"
Add component (AddParameter): Name = "Publisher"; Value = "Andrew Danich"; VariantName = "[No Variations]"
Add component (AddParameter): Name = "Type"; Value = "Резистор"; VariantName = "[No Variations]"
Added Component: Designator=R7(R0603)
Add component (AddParameter): Name = "Published"; Value = "24.03.2010"; VariantName = "[No Variations]"
Add component (AddParameter): Name = "Publisher"; Value = "Andrew Danich"; VariantName = "[No Variations]"
Add component (AddParameter): Name = "Type"; Value = "Резистор"; VariantName = "[No Variations]"
Added Component: Designator=R8(R0603)
Add component (AddParameter): Name = "Published"; Value = "24.03.2010"; VariantName = "[No Variations]"
Add component (AddParameter): Name = "Publisher"; Value = "Andrew Danich"; VariantName = "[No Variations]"
Add component (AddParameter): Name = "Type"; Value = "Резистор"; VariantName = "[No Variations]"
Added Component: Designator=R9(R0603)
Add component (AddParameter): Name = "Published"; Value = "24.03.2010"; VariantName = "[No Variations]"
Add component (AddParameter): Name = "Publisher"; Value = "Andrew Danich"; VariantName = "[No Variations]"
Add component (AddParameter): Name = "Type"; Value = "Резистор"; VariantName = "[No Variations]"
Added Component: Designator=R10(R0603)
Add component (AddParameter): Name = "Published"; Value = "24.03.2010"; VariantName = "[No Variations]"
Add component (AddParameter): Name = "Publisher"; Value = "Andrew Danich"; VariantName = "[No Variations]"
Add component (AddParameter): Name = "Type"; Value = "Резистор"; VariantName = "[No Variations]"
Added Component: Designator=R11(R0603)
Add component (AddParameter): Name = "Published"; Value = "24.03.2010"; VariantName = "[No Variations]"
Add component (AddParameter): Name = "Publisher"; Value = "Andrew Danich"; VariantName = "[No Variations]"
Add component (AddParameter): Name = "Type"; Value = "Резистор"; VariantName = "[No Variations]"
Added Component: Designator=R12(R0603)
Add component (AddParameter): Name = "Published"; Value = "24.03.2010"; VariantName = "[No Variations]"
Add component (AddParameter): Name = "Publisher"; Value = "Andrew Danich"; VariantName = "[No Variations]"
Add component (AddParameter): Name = "Type"; Value = "Резистор"; VariantName = "[No Variations]"
Added Component: Designator=R13(R0603)
Add component (AddParameter): Name = "Published"; Value = "24.03.2010"; VariantName = "[No Variations]"
Add component (AddParameter): Name = "Publisher"; Value = "Andrew Danich"; VariantName = "[No Variations]"
Add component (AddParameter): Name = "Type"; Value = "Резистор"; VariantName = "[No Variations]"
Added Component: Designator=R14(R0603)
Add component (AddParameter): Name = "Published"; Value = "24.03.2010"; VariantName = "[No Variations]"
Add component (AddParameter): Name = "Publisher"; Value = "Andrew Danich"; VariantName = "[No Variations]"
Add component (AddParameter): Name = "Type"; Value = "Резистор"; VariantName = "[No Variations]"
Added Component: Designator=R15(R0603)
Add component (AddParameter): Name = "Published"; Value = "24.03.2010"; VariantName = "[No Variations]"
Add component (AddParameter): Name = "Publisher"; Value = "Andrew Danich"; VariantName = "[No Variations]"
Add component (AddParameter): Name = "Type"; Value = "Резистор"; VariantName = "[No Variations]"
Added Component: Designator=R16(R0603)
Add component (AddParameter): Name = "Published"; Value = "24.03.2010"; VariantName = "[No Variations]"
Add component (AddParameter): Name = "Publisher"; Value = "Andrew Danich"; VariantName = "[No Variations]"
Add component (AddParameter): Name = "Type"; Value = "Резистор"; VariantName = "[No Variations]"
Added Component: Designator=R17(R0603)
Add component (AddParameter): Name = "Published"; Value = "24.03.2010"; VariantName = "[No Variations]"
Add component (AddParameter): Name = "Publisher"; Value = "Andrew Danich"; VariantName = "[No Variations]"
Add component (AddParameter): Name = "Type"; Value = "Резистор"; VariantName = "[No Variations]"
Added Component: Designator=R18(R0603)
Add component (AddParameter): Name = "Published"; Value = "24.03.2010"; VariantName = "[No Variations]"
Add component (AddParameter): Name = "Publisher"; Value = "Andrew Danich"; VariantName = "[No Variations]"
Add component (AddParameter): Name = "Type"; Value = "Резистор"; VariantName = "[No Variations]"
Added Component: Designator=R19(R0603)
Add component (AddParameter): Name = "Published"; Value = "24.03.2010"; VariantName = "[No Variations]"
Add component (AddParameter): Name = "Publisher"; Value = "Andrew Danich"; VariantName = "[No Variations]"
Add component (AddParameter): Name = "Type"; Value = "Резистор"; VariantName = "[No Variations]"
Added Component: Designator=R20(R0603)
Add component (AddParameter): Name = "Published"; Value = "24.03.2010"; VariantName = "[No Variations]"
Add component (AddParameter): Name = "Publisher"; Value = "Andrew Danich"; VariantName = "[No Variations]"
Add component (AddParameter): Name = "Type"; Value = "Резистор"; VariantName = "[No Variations]"
Added Component: Designator=R21(R0603)
Add component (AddParameter): Name = "Published"; Value = "24.03.2010"; VariantName = "[No Variations]"
Add component (AddParameter): Name = "Publisher"; Value = "Andrew Danich"; VariantName = "[No Variations]"
Add component (AddParameter): Name = "Type"; Value = "Резистор"; VariantName = "[No Variations]"
Added Component: Designator=R22(R0603)
Add component (AddParameter): Name = "Published"; Value = "24.03.2010"; VariantName = "[No Variations]"
Add component (AddParameter): Name = "Publisher"; Value = "Andrew Danich"; VariantName = "[No Variations]"
Add component (AddParameter): Name = "Type"; Value = "Резистор"; VariantName = "[No Variations]"
Added Component: Designator=R23(R0603)
Add component (AddParameter): Name = "Published"; Value = "24.03.2010"; VariantName = "[No Variations]"
Add component (AddParameter): Name = "Publisher"; Value = "Andrew Danich"; VariantName = "[No Variations]"
Add component (AddParameter): Name = "Type"; Value = "Резистор"; VariantName = "[No Variations]"
Added Component: Designator=R24(R0603)
Add component (AddParameter): Name = "Published"; Value = "24.03.2010"; VariantName = "[No Variations]"
Add component (AddParameter): Name = "Publisher"; Value = "Andrew Danich"; VariantName = "[No Variations]"
Add component (AddParameter): Name = "Type"; Value = "Резистор"; VariantName = "[No Variations]"
Added Component: Designator=R25(R0603)
Add component (AddParameter): Name = "Published"; Value = "24.03.2010"; VariantName = "[No Variations]"
Add component (AddParameter): Name = "Publisher"; Value = "Andrew Danich"; VariantName = "[No Variations]"
Add component (AddParameter): Name = "Type"; Value = "Резистор"; VariantName = "[No Variations]"
Added Component: Designator=R26(R0603)
Add component (AddParameter): Name = "Published"; Value = "24.03.2010"; VariantName = "[No Variations]"
Add component (AddParameter): Name = "Publisher"; Value = "Andrew Danich"; VariantName = "[No Variations]"
Add component (AddParameter): Name = "Type"; Value = "Резистор"; VariantName = "[No Variations]"
Added Component: Designator=R27(R0603)
Add component (AddParameter): Name = "Published"; Value = "24.03.2010"; VariantName = "[No Variations]"
Add component (AddParameter): Name = "Publisher"; Value = "Andrew Danich"; VariantName = "[No Variations]"
Add component (AddParameter): Name = "Type"; Value = "Резистор"; VariantName = "[No Variations]"
Added Component: Designator=R28(R0603)
Add component (AddParameter): Name = "Published"; Value = "24.03.2010"; VariantName = "[No Variations]"
Add component (AddParameter): Name = "Publisher"; Value = "Andrew Danich"; VariantName = "[No Variations]"
Add component (AddParameter): Name = "Type"; Value = "Резистор"; VariantName = "[No Variations]"
Added Component: Designator=R29(R0603)
Add component (AddParameter): Name = "Published"; Value = "24.03.2010"; VariantName = "[No Variations]"
Add component (AddParameter): Name = "Publisher"; Value = "Andrew Danich"; VariantName = "[No Variations]"
Add component (AddParameter): Name = "Type"; Value = "Резистор"; VariantName = "[No Variations]"
Added Component: Designator=R30(R0603)
Add component (AddParameter): Name = "Published"; Value = "24.03.2010"; VariantName = "[No Variations]"
Add component (AddParameter): Name = "Publisher"; Value = "Andrew Danich"; VariantName = "[No Variations]"
Add component (AddParameter): Name = "Type"; Value = "Резистор"; VariantName = "[No Variations]"
Added Component: Designator=R31(R0603)
Add component (AddParameter): Name = "Published"; Value = "24.03.2010"; VariantName = "[No Variations]"
Add component (AddParameter): Name = "Publisher"; Value = "Andrew Danich"; VariantName = "[No Variations]"
Add component (AddParameter): Name = "Type"; Value = "Резистор"; VariantName = "[No Variations]"
Added Component: Designator=R32(R0603)
Add component (AddParameter): Name = "Published"; Value = "24.03.2010"; VariantName = "[No Variations]"
Add component (AddParameter): Name = "Publisher"; Value = "Andrew Danich"; VariantName = "[No Variations]"
Add component (AddParameter): Name = "Type"; Value = "Резистор"; VariantName = "[No Variations]"
Added Component: Designator=R33(R0603)
Add component (AddParameter): Name = "Published"; Value = "24.03.2010"; VariantName = "[No Variations]"
Add component (AddParameter): Name = "Publisher"; Value = "Andrew Danich"; VariantName = "[No Variations]"
Add component (AddParameter): Name = "Type"; Value = "Резистор"; VariantName = "[No Variations]"
Added Component: Designator=R34(R0603)
Add component (AddParameter): Name = "Published"; Value = "24.03.2010"; VariantName = "[No Variations]"
Add component (AddParameter): Name = "Publisher"; Value = "Andrew Danich"; VariantName = "[No Variations]"
Add component (AddParameter): Name = "Type"; Value = "Резистор"; VariantName = "[No Variations]"
Added Component: Designator=R35(R0603)
Add component (AddParameter): Name = "Published"; Value = "24.03.2010"; VariantName = "[No Variations]"
Add component (AddParameter): Name = "Publisher"; Value = "Andrew Danich"; VariantName = "[No Variations]"
Add component (AddParameter): Name = "Type"; Value = "Резистор"; VariantName = "[No Variations]"
Added Component: Designator=R36(R0603)
Add component (AddParameter): Name = "Published"; Value = "24.03.2010"; VariantName = "[No Variations]"
Add component (AddParameter): Name = "Publisher"; Value = "Andrew Danich"; VariantName = "[No Variations]"
Add component (AddParameter): Name = "Type"; Value = "Резистор"; VariantName = "[No Variations]"
Added Component: Designator=R37(R0603)
Add component (AddParameter): Name = "Published"; Value = "24.03.2010"; VariantName = "[No Variations]"
Add component (AddParameter): Name = "Publisher"; Value = "Andrew Danich"; VariantName = "[No Variations]"
Add component (AddParameter): Name = "Type"; Value = "Резистор"; VariantName = "[No Variations]"
Added Component: Designator=R38(R0603)
Add component (AddParameter): Name = "Published"; Value = "24.03.2010"; VariantName = "[No Variations]"
Add component (AddParameter): Name = "Publisher"; Value = "Andrew Danich"; VariantName = "[No Variations]"
Add component (AddParameter): Name = "Type"; Value = "Резистор"; VariantName = "[No Variations]"
Added Component: Designator=R39(R0603)
Add component (AddParameter): Name = "Published"; Value = "24.03.2010"; VariantName = "[No Variations]"
Add component (AddParameter): Name = "Publisher"; Value = "Andrew Danich"; VariantName = "[No Variations]"
Add component (AddParameter): Name = "Type"; Value = "Резистор"; VariantName = "[No Variations]"
Added Component: Designator=R40(R0603)
Add component (AddParameter): Name = "Published"; Value = "24.03.2010"; VariantName = "[No Variations]"
Add component (AddParameter): Name = "Publisher"; Value = "Andrew Danich"; VariantName = "[No Variations]"
Add component (AddParameter): Name = "Type"; Value = "Резистор"; VariantName = "[No Variations]"
Added Component: Designator=R41(R0603)
Add component (AddParameter): Name = "Published"; Value = "24.03.2010"; VariantName = "[No Variations]"
Add component (AddParameter): Name = "Publisher"; Value = "Andrew Danich"; VariantName = "[No Variations]"
Add component (AddParameter): Name = "Type"; Value = "Резистор"; VariantName = "[No Variations]"
Added Component: Designator=R42(R0603)
Add component (AddParameter): Name = "Published"; Value = "24.03.2010"; VariantName = "[No Variations]"
Add component (AddParameter): Name = "Publisher"; Value = "Andrew Danich"; VariantName = "[No Variations]"
Add component (AddParameter): Name = "Type"; Value = "Резистор"; VariantName = "[No Variations]"
Added Component: Designator=TYPE-C1(HRO_TYPE-C-31-M-12)
Added Component: Designator=U1(SOIC127P790X216-8N)
Added Component: Designator=U2(QMI8658)
Added Component: Designator=U3(QMC5883L)
Added Component: Designator=U4(QFP50P2200X2200X160-144N)
Added Component: Designator=VD1(DO-214AA)
Added Component: Designator=XP1(Headr 2x20 male)
Added Component: Designator=XP2(Headr 2x20 male)
Added Component: Designator=XP3(Headr 2x20 male)
Added Component: Designator=XP4(Headr 2x20 male)
Added Component: Designator=Y1(XTAL_ABM7-8.000MHZ-8-R80-D2Y-T)
Add component (AddParameter): Name = "Availability"; Value = "Unavailable"; VariantName = "[No Variations]"
Add component (AddParameter): Name = "MF"; Value = ""; VariantName = "[No Variations]"
Add component (AddParameter): Name = "MP"; Value = "ABM7-8.000MHZ-8-R80-D2Y-T"; VariantName = "[No Variations]"
Add component (AddParameter): Name = "Package"; Value = "None"; VariantName = "[No Variations]"
Add component (AddParameter): Name = "Price"; Value = "None"; VariantName = "[No Variations]"
Add component (AddParameter): Name = "Value"; Value = ""; VariantName = "[No Variations]"
Added Pin To Net: NetName=3V3_SEN Pin=C3-2
Added Pin To Net: NetName=3V3_SEN Pin=C4-2
Added Pin To Net: NetName=3V3_SEN Pin=C12-2
Added Pin To Net: NetName=3V3_SEN Pin=C13-2
Added Pin To Net: NetName=3V3_SEN Pin=C23-2
Added Pin To Net: NetName=3V3_SEN Pin=C25-2
Added Pin To Net: NetName=3V3_SEN Pin=C29-2
Added Pin To Net: NetName=3V3_SEN Pin=C31-2
Added Pin To Net: NetName=3V3_SEN Pin=C32-2
Added Pin To Net: NetName=3V3_SEN Pin=D1-1
Added Pin To Net: NetName=3V3_SEN Pin=D1-10
Added Pin To Net: NetName=3V3_SEN Pin=D2-3
Added Pin To Net: NetName=3V3_SEN Pin=D2-11
Added Pin To Net: NetName=3V3_SEN Pin=D3-B2
Added Pin To Net: NetName=3V3_SEN Pin=D3-E5
Added Pin To Net: NetName=3V3_SEN Pin=LDO2-3
Added Pin To Net: NetName=3V3_SEN Pin=R6-2
Added Pin To Net: NetName=3V3_SEN Pin=R7-2
Added Pin To Net: NetName=3V3_SEN Pin=R35-2
Added Pin To Net: NetName=3V3_SEN Pin=R38-2
Added Pin To Net: NetName=3V3_SEN Pin=R42-2
Added Pin To Net: NetName=3V3_SEN Pin=U2-5
Added Pin To Net: NetName=3V3_SEN Pin=U2-8
Added Pin To Net: NetName=3V3_SEN Pin=U3-2
Added Pin To Net: NetName=3V3_SEN Pin=U3-4
Added Pin To Net: NetName=3V3_SEN Pin=U3-13
Added Net: Name=3V3_SEN
Added Pin To Net: NetName=3V3 Pin=C2-2
Added Pin To Net: NetName=3V3 Pin=C9-2
Added Pin To Net: NetName=3V3 Pin=C10-2
Added Pin To Net: NetName=3V3 Pin=C11-2
Added Pin To Net: NetName=3V3 Pin=C14-2
Added Pin To Net: NetName=3V3 Pin=C15-2
Added Pin To Net: NetName=3V3 Pin=C16-2
Added Pin To Net: NetName=3V3 Pin=C17-2
Added Pin To Net: NetName=3V3 Pin=C18-2
Added Pin To Net: NetName=3V3 Pin=C19-2
Added Pin To Net: NetName=3V3 Pin=C20-2
Added Pin To Net: NetName=3V3 Pin=C21-2
Added Pin To Net: NetName=3V3 Pin=C22-2
Added Pin To Net: NetName=3V3 Pin=C24-2
Added Pin To Net: NetName=3V3 Pin=C28-2
Added Pin To Net: NetName=3V3 Pin=C33-2
Added Pin To Net: NetName=3V3 Pin=D-4
Added Pin To Net: NetName=3V3 Pin=LDO1-3
Added Pin To Net: NetName=3V3 Pin=P-1
Added Pin To Net: NetName=3V3 Pin=R18-1
Added Pin To Net: NetName=3V3 Pin=R19-2
Added Pin To Net: NetName=3V3 Pin=R20-2
Added Pin To Net: NetName=3V3 Pin=R21-2
Added Pin To Net: NetName=3V3 Pin=R26-2
Added Pin To Net: NetName=3V3 Pin=R27-2
Added Pin To Net: NetName=3V3 Pin=R28-2
Added Pin To Net: NetName=3V3 Pin=R29-1
Added Pin To Net: NetName=3V3 Pin=R30-1
Added Pin To Net: NetName=3V3 Pin=R31-1
Added Pin To Net: NetName=3V3 Pin=R32-1
Added Pin To Net: NetName=3V3 Pin=R33-2
Added Pin To Net: NetName=3V3 Pin=U1-8
Added Pin To Net: NetName=3V3 Pin=U4-6
Added Pin To Net: NetName=3V3 Pin=U4-17
Added Pin To Net: NetName=3V3 Pin=U4-30
Added Pin To Net: NetName=3V3 Pin=U4-33
Added Pin To Net: NetName=3V3 Pin=U4-39
Added Pin To Net: NetName=3V3 Pin=U4-52
Added Pin To Net: NetName=3V3 Pin=U4-62
Added Pin To Net: NetName=3V3 Pin=U4-72
Added Pin To Net: NetName=3V3 Pin=U4-84
Added Pin To Net: NetName=3V3 Pin=U4-95
Added Pin To Net: NetName=3V3 Pin=U4-108
Added Pin To Net: NetName=3V3 Pin=U4-121
Added Pin To Net: NetName=3V3 Pin=U4-131
Added Pin To Net: NetName=3V3 Pin=U4-144
Added Pin To Net: NetName=3V3 Pin=XP1-9
Added Pin To Net: NetName=3V3 Pin=XP1-10
Added Pin To Net: NetName=3V3 Pin=XP4-31
Added Pin To Net: NetName=3V3 Pin=XP4-32
Added Net: Name=3V3
Added Pin To Net: NetName=4V2 Pin=XP1-11
Added Pin To Net: NetName=4V2 Pin=XP1-12
Added Pin To Net: NetName=4V2 Pin=XP1-13
Added Pin To Net: NetName=4V2 Pin=XP1-14
Added Pin To Net: NetName=4V2 Pin=XP4-27
Added Pin To Net: NetName=4V2 Pin=XP4-28
Added Pin To Net: NetName=4V2 Pin=XP4-29
Added Pin To Net: NetName=4V2 Pin=XP4-30
Added Net: Name=4V2
Added Pin To Net: NetName=5V Pin=C27-2
Added Pin To Net: NetName=5V Pin=C30-2
Added Pin To Net: NetName=5V Pin=CAN1-3
Added Pin To Net: NetName=5V Pin=LDO1-1
Added Pin To Net: NetName=5V Pin=LDO2-1
Added Pin To Net: NetName=5V Pin=XP1-7
Added Pin To Net: NetName=5V Pin=XP1-8
Added Pin To Net: NetName=5V Pin=XP4-33
Added Pin To Net: NetName=5V Pin=XP4-34
Added Net: Name=5V
Added Pin To Net: NetName=GND Pin=C1-1
Added Pin To Net: NetName=GND Pin=C2-1
Added Pin To Net: NetName=GND Pin=C3-1
Added Pin To Net: NetName=GND Pin=C4-1
Added Pin To Net: NetName=GND Pin=C5-1
Added Pin To Net: NetName=GND Pin=C7-1
Added Pin To Net: NetName=GND Pin=C8-1
Added Pin To Net: NetName=GND Pin=C9-1
Added Pin To Net: NetName=GND Pin=C10-1
Added Pin To Net: NetName=GND Pin=C11-1
Added Pin To Net: NetName=GND Pin=C12-1
Added Pin To Net: NetName=GND Pin=C13-1
Added Pin To Net: NetName=GND Pin=C14-1
Added Pin To Net: NetName=GND Pin=C15-1
Added Pin To Net: NetName=GND Pin=C16-1
Added Pin To Net: NetName=GND Pin=C17-1
Added Pin To Net: NetName=GND Pin=C18-1
Added Pin To Net: NetName=GND Pin=C19-1
Added Pin To Net: NetName=GND Pin=C20-1
Added Pin To Net: NetName=GND Pin=C21-1
Added Pin To Net: NetName=GND Pin=C22-1
Added Pin To Net: NetName=GND Pin=C23-1
Added Pin To Net: NetName=GND Pin=C24-1
Added Pin To Net: NetName=GND Pin=C25-1
Added Pin To Net: NetName=GND Pin=C27-1
Added Pin To Net: NetName=GND Pin=C28-1
Added Pin To Net: NetName=GND Pin=C29-1
Added Pin To Net: NetName=GND Pin=C30-1
Added Pin To Net: NetName=GND Pin=C31-1
Added Pin To Net: NetName=GND Pin=C32-1
Added Pin To Net: NetName=GND Pin=C33-1
Added Pin To Net: NetName=GND Pin=C34-1
Added Pin To Net: NetName=GND Pin=C35-1
Added Pin To Net: NetName=GND Pin=CAN1-2
Added Pin To Net: NetName=GND Pin=D-6
Added Pin To Net: NetName=GND Pin=D-S1
Added Pin To Net: NetName=GND Pin=D-S2
Added Pin To Net: NetName=GND Pin=D1-3
Added Pin To Net: NetName=GND Pin=D1-8
Added Pin To Net: NetName=GND Pin=D1-9
Added Pin To Net: NetName=GND Pin=D2-2
Added Pin To Net: NetName=GND Pin=D2-4
Added Pin To Net: NetName=GND Pin=D2-6
Added Pin To Net: NetName=GND Pin=D2-7
Added Pin To Net: NetName=GND Pin=D3-A1
Added Pin To Net: NetName=GND Pin=D3-C5
Added Pin To Net: NetName=GND Pin=D3-E1
Added Pin To Net: NetName=GND Pin=D3-E3
Added Pin To Net: NetName=GND Pin=D4-6
Added Pin To Net: NetName=GND Pin=D4-7
Added Pin To Net: NetName=GND Pin=HL3-2
Added Pin To Net: NetName=GND Pin=HL4-2
Added Pin To Net: NetName=GND Pin=LDO1-2
Added Pin To Net: NetName=GND Pin=LDO2-2
Added Pin To Net: NetName=GND Pin=P-6
Added Pin To Net: NetName=GND Pin=R14-1
Added Pin To Net: NetName=GND Pin=R17-2
Added Pin To Net: NetName=GND Pin=R25-2
Added Pin To Net: NetName=GND Pin=R34-1
Added Pin To Net: NetName=GND Pin=R36-2
Added Pin To Net: NetName=GND Pin=R37-2
Added Pin To Net: NetName=GND Pin=U1-4
Added Pin To Net: NetName=GND Pin=U2-6
Added Pin To Net: NetName=GND Pin=U2-7
Added Pin To Net: NetName=GND Pin=U3-9
Added Pin To Net: NetName=GND Pin=U3-11
Added Pin To Net: NetName=GND Pin=U4-16
Added Pin To Net: NetName=GND Pin=U4-38
Added Pin To Net: NetName=GND Pin=U4-51
Added Pin To Net: NetName=GND Pin=U4-61
Added Pin To Net: NetName=GND Pin=U4-83
Added Pin To Net: NetName=GND Pin=U4-94
Added Pin To Net: NetName=GND Pin=U4-107
Added Pin To Net: NetName=GND Pin=U4-120
Added Pin To Net: NetName=GND Pin=U4-130
Added Pin To Net: NetName=GND Pin=XP1-37
Added Pin To Net: NetName=GND Pin=XP1-38
Added Pin To Net: NetName=GND Pin=XP1-39
Added Pin To Net: NetName=GND Pin=XP1-40
Added Pin To Net: NetName=GND Pin=XP2-1
Added Pin To Net: NetName=GND Pin=XP2-2
Added Pin To Net: NetName=GND Pin=XP2-3
Added Pin To Net: NetName=GND Pin=XP2-4
Added Pin To Net: NetName=GND Pin=XP2-5
Added Pin To Net: NetName=GND Pin=XP2-6
Added Pin To Net: NetName=GND Pin=XP2-37
Added Pin To Net: NetName=GND Pin=XP2-38
Added Pin To Net: NetName=GND Pin=XP2-39
Added Pin To Net: NetName=GND Pin=XP2-40
Added Pin To Net: NetName=GND Pin=XP3-1
Added Pin To Net: NetName=GND Pin=XP3-2
Added Pin To Net: NetName=GND Pin=XP3-3
Added Pin To Net: NetName=GND Pin=XP3-4
Added Pin To Net: NetName=GND Pin=XP3-35
Added Pin To Net: NetName=GND Pin=XP3-36
Added Pin To Net: NetName=GND Pin=XP3-37
Added Pin To Net: NetName=GND Pin=XP3-38
Added Pin To Net: NetName=GND Pin=XP3-39
Added Pin To Net: NetName=GND Pin=XP3-40
Added Pin To Net: NetName=GND Pin=XP4-1
Added Pin To Net: NetName=GND Pin=XP4-2
Added Pin To Net: NetName=GND Pin=XP4-3
Added Pin To Net: NetName=GND Pin=XP4-4
Added Net: Name=GND
Added Pin To Net: NetName=NetC1_2 Pin=C1-2
Added Pin To Net: NetName=NetC1_2 Pin=CAN1-5
Added Pin To Net: NetName=NetC1_2 Pin=R1-2
Added Pin To Net: NetName=NetC1_2 Pin=R2-2
Added Net: Name=NetC1_2
Added Pin To Net: NetName=NetC5_2 Pin=C5-2
Added Pin To Net: NetName=NetC5_2 Pin=U3-10
Added Net: Name=NetC5_2
Added Pin To Net: NetName=NetC6_1 Pin=C6-1
Added Pin To Net: NetName=NetC6_1 Pin=U3-12
Added Net: Name=NetC6_1
Added Pin To Net: NetName=NetC6_2 Pin=C6-2
Added Pin To Net: NetName=NetC6_2 Pin=U3-8
Added Net: Name=NetC6_2
Added Pin To Net: NetName=NetC7_2 Pin=C7-2
Added Pin To Net: NetName=NetC7_2 Pin=U4-24
Added Pin To Net: NetName=NetC7_2 Pin=Y1-2
Added Net: Name=NetC7_2
Added Pin To Net: NetName=NetC8_2 Pin=C8-2
Added Pin To Net: NetName=NetC8_2 Pin=U4-23
Added Pin To Net: NetName=NetC8_2 Pin=Y1-1
Added Net: Name=NetC8_2
Added Pin To Net: NetName=NetC26_2 Pin=C26-2
Added Pin To Net: NetName=NetC26_2 Pin=R18-2
Added Pin To Net: NetName=NetC26_2 Pin=U4-32
Added Net: Name=NetC26_2
Added Pin To Net: NetName=NetC34_2 Pin=C34-2
Added Pin To Net: NetName=NetC34_2 Pin=D4-5
Added Pin To Net: NetName=NetC34_2 Pin=R42-1
Added Net: Name=NetC34_2
Added Pin To Net: NetName=NetC35_2 Pin=C35-2
Added Pin To Net: NetName=NetC35_2 Pin=D4-8
Added Net: Name=NetC35_2
Added Pin To Net: NetName=NetCAN1_1 Pin=CAN1-1
Added Pin To Net: NetName=NetCAN1_1 Pin=U4-74
Added Net: Name=NetCAN1_1
Added Pin To Net: NetName=NetCAN1_4 Pin=CAN1-4
Added Pin To Net: NetName=NetCAN1_4 Pin=U4-73
Added Net: Name=NetCAN1_4
Added Pin To Net: NetName=NetCAN1_6 Pin=CAN1-6
Added Pin To Net: NetName=NetCAN1_6 Pin=R2-1
Added Pin To Net: NetName=NetCAN1_6 Pin=XP2-26
Added Net: Name=NetCAN1_6
Added Pin To Net: NetName=NetCAN1_7 Pin=CAN1-7
Added Pin To Net: NetName=NetCAN1_7 Pin=R1-1
Added Pin To Net: NetName=NetCAN1_7 Pin=XP2-24
Added Net: Name=NetCAN1_7
Added Pin To Net: NetName=NetD1_2 Pin=D1-2
Added Pin To Net: NetName=NetD1_2 Pin=R8-2
Added Net: Name=NetD1_2
Added Pin To Net: NetName=NetD1_4 Pin=D1-4
Added Pin To Net: NetName=NetD1_4 Pin=R9-2
Added Net: Name=NetD1_4
Added Pin To Net: NetName=NetD1_5 Pin=D1-5
Added Pin To Net: NetName=NetD1_5 Pin=R10-2
Added Net: Name=NetD1_5
Added Pin To Net: NetName=NetD1_6 Pin=D1-6
Added Pin To Net: NetName=NetD1_6 Pin=U4-49
Added Net: Name=NetD1_6
Added Pin To Net: NetName=NetD1_7 Pin=D1-7
Added Pin To Net: NetName=NetD1_7 Pin=U4-125
Added Net: Name=NetD1_7
Added Pin To Net: NetName=NetD2_1 Pin=D2-1
Added Pin To Net: NetName=NetD2_1 Pin=U4-92
Added Net: Name=NetD2_1
Added Pin To Net: NetName=NetD2_5 Pin=D2-5
Added Pin To Net: NetName=NetD2_5 Pin=U4-50
Added Net: Name=NetD2_5
Added Pin To Net: NetName=NetD2_8 Pin=D2-8
Added Pin To Net: NetName=NetD2_8 Pin=R11-2
Added Net: Name=NetD2_8
Added Pin To Net: NetName=NetD2_9 Pin=D2-9
Added Pin To Net: NetName=NetD2_9 Pin=R13-2
Added Net: Name=NetD2_9
Added Pin To Net: NetName=NetD2_10 Pin=D2-10
Added Pin To Net: NetName=NetD2_10 Pin=D2-15
Added Pin To Net: NetName=NetD2_10 Pin=R12-1
Added Net: Name=NetD2_10
Added Pin To Net: NetName=NetD2_12 Pin=D2-12
Added Pin To Net: NetName=NetD2_12 Pin=U4-91
Added Net: Name=NetD2_12
Added Pin To Net: NetName=NetD2_13 Pin=D2-13
Added Pin To Net: NetName=NetD2_13 Pin=U4-90
Added Net: Name=NetD2_13
Added Pin To Net: NetName=NetD2_14 Pin=D2-14
Added Pin To Net: NetName=NetD2_14 Pin=U4-53
Added Net: Name=NetD2_14
Added Pin To Net: NetName=NetD2_16 Pin=D2-16
Added Pin To Net: NetName=NetD2_16 Pin=U4-93
Added Net: Name=NetD2_16
Added Pin To Net: NetName=NetD3_A3 Pin=D3-A3
Added Pin To Net: NetName=NetD3_A3 Pin=R22-2
Added Net: Name=NetD3_A3
Added Pin To Net: NetName=NetD3_A5 Pin=D3-A5
Added Pin To Net: NetName=NetD3_A5 Pin=U4-55
Added Net: Name=NetD3_A5
Added Pin To Net: NetName=NetD3_B4 Pin=D3-B4
Added Pin To Net: NetName=NetD3_B4 Pin=R23-2
Added Net: Name=NetD3_B4
Added Pin To Net: NetName=NetD3_C1 Pin=D3-C1
Added Pin To Net: NetName=NetD3_C1 Pin=R24-1
Added Net: Name=NetD3_C1
Added Pin To Net: NetName=NetD3_D2 Pin=D3-D2
Added Pin To Net: NetName=NetD3_D2 Pin=U4-89
Added Net: Name=NetD3_D2
Added Pin To Net: NetName=NetD4_1 Pin=D4-1
Added Pin To Net: NetName=NetD4_1 Pin=R41-2
Added Net: Name=NetD4_1
Added Pin To Net: NetName=NetD4_4 Pin=D4-4
Added Pin To Net: NetName=NetD4_4 Pin=U4-88
Added Net: Name=NetD4_4
Added Pin To Net: NetName=NetD4_9 Pin=D4-9
Added Pin To Net: NetName=NetD4_9 Pin=U4-132
Added Net: Name=NetD4_9
Added Pin To Net: NetName=NetD4_12 Pin=D4-12
Added Pin To Net: NetName=NetD4_12 Pin=R38-1
Added Pin To Net: NetName=NetD4_12 Pin=U4-22
Added Net: Name=NetD4_12
Added Pin To Net: NetName=NetD4_13 Pin=D4-13
Added Pin To Net: NetName=NetD4_13 Pin=R39-2
Added Net: Name=NetD4_13
Added Pin To Net: NetName=NetD4_14 Pin=D4-14
Added Pin To Net: NetName=NetD4_14 Pin=R40-2
Added Net: Name=NetD4_14
Added Pin To Net: NetName=NetD_1 Pin=D-1
Added Pin To Net: NetName=NetD_1 Pin=R31-2
Added Pin To Net: NetName=NetD_1 Pin=U4-101
Added Net: Name=NetD_1
Added Pin To Net: NetName=NetD_2 Pin=D-2
Added Pin To Net: NetName=NetD_2 Pin=R32-2
Added Net: Name=NetD_2
Added Pin To Net: NetName=NetD_3 Pin=D-3
Added Pin To Net: NetName=NetD_3 Pin=U4-42
Added Net: Name=NetD_3
Added Pin To Net: NetName=NetD_5 Pin=D-5
Added Pin To Net: NetName=NetD_5 Pin=U4-48
Added Net: Name=NetD_5
Added Pin To Net: NetName=NetD_7 Pin=D-7
Added Pin To Net: NetName=NetD_7 Pin=R29-2
Added Pin To Net: NetName=NetD_7 Pin=U4-98
Added Net: Name=NetD_7
Added Pin To Net: NetName=NetD_8 Pin=D-8
Added Pin To Net: NetName=NetD_8 Pin=R30-2
Added Pin To Net: NetName=NetD_8 Pin=U4-100
Added Net: Name=NetD_8
Added Pin To Net: NetName=NetHL1_1 Pin=HL1-1
Added Pin To Net: NetName=NetHL1_1 Pin=R26-1
Added Net: Name=NetHL1_1
Added Pin To Net: NetName=NetHL1_2 Pin=HL1-2
Added Pin To Net: NetName=NetHL1_2 Pin=U4-8
Added Net: Name=NetHL1_2
Added Pin To Net: NetName=NetHL2_1 Pin=HL2-1
Added Pin To Net: NetName=NetHL2_1 Pin=R27-1
Added Net: Name=NetHL2_1
Added Pin To Net: NetName=NetHL2_2 Pin=HL2-2
Added Pin To Net: NetName=NetHL2_2 Pin=U4-9
Added Net: Name=NetHL2_2
Added Pin To Net: NetName=NetHL3_1 Pin=HL3-1
Added Pin To Net: NetName=NetHL3_1 Pin=R33-1
Added Net: Name=NetHL3_1
Added Pin To Net: NetName=NetHL4_1 Pin=HL4-1
Added Pin To Net: NetName=NetHL4_1 Pin=R35-1
Added Net: Name=NetHL4_1
Added Pin To Net: NetName=NetP_2 Pin=P-2
Added Pin To Net: NetName=NetP_2 Pin=R19-1
Added Net: Name=NetP_2
Added Pin To Net: NetName=NetP_3 Pin=P-3
Added Pin To Net: NetName=NetP_3 Pin=R20-1
Added Pin To Net: NetName=NetP_3 Pin=U4-110
Added Pin To Net: NetName=NetP_3 Pin=XP1-31
Added Net: Name=NetP_3
Added Pin To Net: NetName=NetP_4 Pin=P-4
Added Pin To Net: NetName=NetP_4 Pin=R21-1
Added Pin To Net: NetName=NetP_4 Pin=U4-105
Added Net: Name=NetP_4
Added Pin To Net: NetName=NetP_5 Pin=P-5
Added Pin To Net: NetName=NetP_5 Pin=R25-1
Added Pin To Net: NetName=NetP_5 Pin=U4-109
Added Net: Name=NetP_5
Added Pin To Net: NetName=NetP_7 Pin=P-7
Added Pin To Net: NetName=NetP_7 Pin=R5-2
Added Pin To Net: NetName=NetP_7 Pin=R8-1
Added Pin To Net: NetName=NetP_7 Pin=R11-1
Added Pin To Net: NetName=NetP_7 Pin=R22-1
Added Pin To Net: NetName=NetP_7 Pin=R39-1
Added Pin To Net: NetName=NetP_7 Pin=U4-133
Added Pin To Net: NetName=NetP_7 Pin=XP1-29
Added Net: Name=NetP_7
Added Pin To Net: NetName=NetP_8 Pin=P-8
Added Pin To Net: NetName=NetP_8 Pin=U4-25
Added Net: Name=NetP_8
Added Pin To Net: NetName=NetR3_1 Pin=R3-1
Added Pin To Net: NetName=NetR3_1 Pin=U2-1
Added Net: Name=NetR3_1
Added Pin To Net: NetName=NetR3_2 Pin=R3-2
Added Pin To Net: NetName=NetR3_2 Pin=R10-1
Added Pin To Net: NetName=NetR3_2 Pin=R12-2
Added Pin To Net: NetName=NetR3_2 Pin=R24-2
Added Pin To Net: NetName=NetR3_2 Pin=R41-1
Added Pin To Net: NetName=NetR3_2 Pin=U4-134
Added Pin To Net: NetName=NetR3_2 Pin=XP1-25
Added Net: Name=NetR3_2
Added Pin To Net: NetName=NetR4_1 Pin=R4-1
Added Pin To Net: NetName=NetR4_1 Pin=U2-14
Added Net: Name=NetR4_1
Added Pin To Net: NetName=NetR4_2 Pin=R4-2
Added Pin To Net: NetName=NetR4_2 Pin=R9-1
Added Pin To Net: NetName=NetR4_2 Pin=R13-1
Added Pin To Net: NetName=NetR4_2 Pin=R23-1
Added Pin To Net: NetName=NetR4_2 Pin=R40-1
Added Pin To Net: NetName=NetR4_2 Pin=U4-135
Added Pin To Net: NetName=NetR4_2 Pin=XP1-27
Added Net: Name=NetR4_2
Added Pin To Net: NetName=NetR5_1 Pin=R5-1
Added Pin To Net: NetName=NetR5_1 Pin=U2-13
Added Net: Name=NetR5_1
Added Pin To Net: NetName=NetR6_1 Pin=R6-1
Added Pin To Net: NetName=NetR6_1 Pin=U3-16
Added Pin To Net: NetName=NetR6_1 Pin=U4-10
Added Pin To Net: NetName=NetR6_1 Pin=XP3-9
Added Net: Name=NetR6_1
Added Pin To Net: NetName=NetR7_1 Pin=R7-1
Added Pin To Net: NetName=NetR7_1 Pin=U3-1
Added Pin To Net: NetName=NetR7_1 Pin=U4-11
Added Pin To Net: NetName=NetR7_1 Pin=XP3-11
Added Net: Name=NetR7_1
Added Pin To Net: NetName=NetR14_2 Pin=R14-2
Added Net: Name=NetR14_2
Added Pin To Net: NetName=NetR15_1 Pin=R15-1
Added Net: Name=NetR15_1
Added Pin To Net: NetName=NetR15_2 Pin=R15-2
Added Pin To Net: NetName=NetR15_2 Pin=U4-104
Added Net: Name=NetR15_2
Added Pin To Net: NetName=NetR16_1 Pin=R16-1
Added Net: Name=NetR16_1
Added Pin To Net: NetName=NetR16_2 Pin=R16-2
Added Pin To Net: NetName=NetR16_2 Pin=U4-103
Added Net: Name=NetR16_2
Added Pin To Net: NetName=NetR17_1 Pin=R17-1
Added Net: Name=NetR17_1
Added Pin To Net: NetName=NetR28_1 Pin=R28-1
Added Pin To Net: NetName=NetR28_1 Pin=R34-2
Added Pin To Net: NetName=NetR28_1 Pin=U4-34
Added Net: Name=NetR28_1
Added Pin To Net: NetName=NetR36_1 Pin=R36-1
Added Pin To Net: NetName=NetR36_1 Pin=U4-138
Added Pin To Net: NetName=NetR36_1 Pin=XP2-20
Added Net: Name=NetR36_1
Added Pin To Net: NetName=NetR37_1 Pin=R37-1
Added Pin To Net: NetName=NetR37_1 Pin=U4-31
Added Pin To Net: NetName=NetR37_1 Pin=XP3-32
Added Net: Name=NetR37_1
Added Net: Name=NetTYPE-C1_2
Added Pin To Net: NetName=NetU1_1 Pin=U1-1
Added Pin To Net: NetName=NetU1_1 Pin=U4-123
Added Net: Name=NetU1_1
Added Pin To Net: NetName=NetU1_2 Pin=U1-2
Added Pin To Net: NetName=NetU1_2 Pin=U4-86
Added Net: Name=NetU1_2
Added Pin To Net: NetName=NetU1_3 Pin=U1-3
Added Pin To Net: NetName=NetU1_3 Pin=U4-114
Added Net: Name=NetU1_3
Added Pin To Net: NetName=NetU1_5 Pin=U1-5
Added Pin To Net: NetName=NetU1_5 Pin=U4-85
Added Net: Name=NetU1_5
Added Pin To Net: NetName=NetU1_6 Pin=U1-6
Added Pin To Net: NetName=NetU1_6 Pin=U4-117
Added Net: Name=NetU1_6
Added Pin To Net: NetName=NetU1_7 Pin=U1-7
Added Pin To Net: NetName=NetU1_7 Pin=U4-115
Added Net: Name=NetU1_7
Added Pin To Net: NetName=NetU2_4 Pin=U2-4
Added Pin To Net: NetName=NetU2_4 Pin=U4-127
Added Net: Name=NetU2_4
Added Pin To Net: NetName=NetU2_9 Pin=U2-9
Added Pin To Net: NetName=NetU2_9 Pin=U4-126
Added Net: Name=NetU2_9
Added Pin To Net: NetName=NetU2_12 Pin=U2-12
Added Pin To Net: NetName=NetU2_12 Pin=U4-54
Added Net: Name=NetU2_12
Added Pin To Net: NetName=NetU4_1 Pin=U4-1
Added Pin To Net: NetName=NetU4_1 Pin=XP3-10
Added Net: Name=NetU4_1
Added Pin To Net: NetName=NetU4_2 Pin=U4-2
Added Pin To Net: NetName=NetU4_2 Pin=XP3-12
Added Net: Name=NetU4_2
Added Pin To Net: NetName=NetU4_3 Pin=U4-3
Added Pin To Net: NetName=NetU4_3 Pin=XP3-14
Added Net: Name=NetU4_3
Added Pin To Net: NetName=NetU4_4 Pin=U4-4
Added Pin To Net: NetName=NetU4_4 Pin=XP4-5
Added Net: Name=NetU4_4
Added Pin To Net: NetName=NetU4_5 Pin=U4-5
Added Pin To Net: NetName=NetU4_5 Pin=XP4-7
Added Net: Name=NetU4_5
Added Pin To Net: NetName=NetU4_14 Pin=U4-14
Added Pin To Net: NetName=NetU4_14 Pin=XP4-15
Added Net: Name=NetU4_14
Added Pin To Net: NetName=NetU4_15 Pin=U4-15
Added Pin To Net: NetName=NetU4_15 Pin=XP4-17
Added Net: Name=NetU4_15
Added Pin To Net: NetName=NetU4_26 Pin=U4-26
Added Pin To Net: NetName=NetU4_26 Pin=XP3-24
Added Net: Name=NetU4_26
Added Pin To Net: NetName=NetU4_27 Pin=U4-27
Added Pin To Net: NetName=NetU4_27 Pin=XP3-26
Added Net: Name=NetU4_27
Added Pin To Net: NetName=NetU4_28 Pin=U4-28
Added Pin To Net: NetName=NetU4_28 Pin=XP3-28
Added Net: Name=NetU4_28
Added Pin To Net: NetName=NetU4_29 Pin=U4-29
Added Pin To Net: NetName=NetU4_29 Pin=XP3-30
Added Net: Name=NetU4_29
Added Pin To Net: NetName=NetU4_35 Pin=U4-35
Added Pin To Net: NetName=NetU4_35 Pin=XP2-25
Added Net: Name=NetU4_35
Added Pin To Net: NetName=NetU4_36 Pin=U4-36
Added Pin To Net: NetName=NetU4_36 Pin=XP1-19
Added Net: Name=NetU4_36
Added Pin To Net: NetName=NetU4_37 Pin=U4-37
Added Pin To Net: NetName=NetU4_37 Pin=XP1-17
Added Net: Name=NetU4_37
Added Pin To Net: NetName=NetU4_40 Pin=U4-40
Added Pin To Net: NetName=NetU4_40 Pin=XP1-33
Added Net: Name=NetU4_40
Added Pin To Net: NetName=NetU4_41 Pin=U4-41
Added Pin To Net: NetName=NetU4_41 Pin=XP2-17
Added Net: Name=NetU4_41
Added Pin To Net: NetName=NetU4_43 Pin=U4-43
Added Pin To Net: NetName=NetU4_43 Pin=XP2-27
Added Net: Name=NetU4_43
Added Pin To Net: NetName=NetU4_45 Pin=U4-45
Added Pin To Net: NetName=NetU4_45 Pin=XP4-14
Added Net: Name=NetU4_45
Added Pin To Net: NetName=NetU4_46 Pin=U4-46
Added Pin To Net: NetName=NetU4_46 Pin=XP2-19
Added Net: Name=NetU4_46
Added Pin To Net: NetName=NetU4_47 Pin=U4-47
Added Pin To Net: NetName=NetU4_47 Pin=XP2-21
Added Net: Name=NetU4_47
Added Pin To Net: NetName=NetU4_58 Pin=U4-58
Added Pin To Net: NetName=NetU4_58 Pin=XP4-9
Added Net: Name=NetU4_58
Added Pin To Net: NetName=NetU4_60 Pin=U4-60
Added Pin To Net: NetName=NetU4_60 Pin=XP2-7
Added Net: Name=NetU4_60
Added Pin To Net: NetName=NetU4_64 Pin=U4-64
Added Pin To Net: NetName=NetU4_64 Pin=XP2-9
Added Net: Name=NetU4_64
Added Pin To Net: NetName=NetU4_66 Pin=U4-66
Added Pin To Net: NetName=NetU4_66 Pin=XP2-11
Added Net: Name=NetU4_66
Added Pin To Net: NetName=NetU4_67 Pin=U4-67
Added Pin To Net: NetName=NetU4_67 Pin=XP2-13
Added Net: Name=NetU4_67
Added Pin To Net: NetName=NetU4_69 Pin=U4-69
Added Pin To Net: NetName=NetU4_69 Pin=XP4-12
Added Net: Name=NetU4_69
Added Pin To Net: NetName=NetU4_70 Pin=U4-70
Added Pin To Net: NetName=NetU4_70 Pin=XP4-10
Added Net: Name=NetU4_70
Added Pin To Net: NetName=NetU4_75 Pin=U4-75
Added Pin To Net: NetName=NetU4_75 Pin=XP4-16
Added Net: Name=NetU4_75
Added Pin To Net: NetName=NetU4_81 Pin=U4-81
Added Pin To Net: NetName=NetU4_81 Pin=XP2-29
Added Net: Name=NetU4_81
Added Pin To Net: NetName=NetU4_82 Pin=U4-82
Added Pin To Net: NetName=NetU4_82 Pin=XP2-31
Added Net: Name=NetU4_82
Added Pin To Net: NetName=NetU4_99 Pin=U4-99
Added Pin To Net: NetName=NetU4_99 Pin=XP2-23
Added Net: Name=NetU4_99
Added Pin To Net: NetName=NetU4_111 Pin=U4-111
Added Pin To Net: NetName=NetU4_111 Pin=XP3-23
Added Net: Name=NetU4_111
Added Pin To Net: NetName=NetU4_112 Pin=U4-112
Added Pin To Net: NetName=NetU4_112 Pin=XP3-25
Added Net: Name=NetU4_112
Added Pin To Net: NetName=NetU4_113 Pin=U4-113
Added Pin To Net: NetName=NetU4_113 Pin=XP2-30
Added Net: Name=NetU4_113
Added Pin To Net: NetName=NetU4_116 Pin=U4-116
Added Pin To Net: NetName=NetU4_116 Pin=XP2-28
Added Net: Name=NetU4_116
Added Pin To Net: NetName=NetU4_124 Pin=U4-124
Added Pin To Net: NetName=NetU4_124 Pin=XP1-34
Added Pin To Net: NetName=NetU4_124 Pin=XP4-22
Added Net: Name=NetU4_124
Added Pin To Net: NetName=NetU4_129 Pin=U4-129
Added Pin To Net: NetName=NetU4_129 Pin=XP1-36
Added Pin To Net: NetName=NetU4_129 Pin=XP4-24
Added Net: Name=NetU4_129
Added Pin To Net: NetName=NetU4_136 Pin=U4-136
Added Pin To Net: NetName=NetU4_136 Pin=XP3-29
Added Net: Name=NetU4_136
Added Pin To Net: NetName=NetU4_137 Pin=U4-137
Added Pin To Net: NetName=NetU4_137 Pin=XP3-27
Added Net: Name=NetU4_137
Added Pin To Net: NetName=NetU4_139 Pin=U4-139
Added Pin To Net: NetName=NetU4_139 Pin=XP2-15
Added Net: Name=NetU4_139
Added Pin To Net: NetName=NetU4_141 Pin=U4-141
Added Pin To Net: NetName=NetU4_141 Pin=XP3-6
Added Net: Name=NetU4_141
Added Pin To Net: NetName=NetU4_142 Pin=U4-142
Added Pin To Net: NetName=NetU4_142 Pin=XP3-8
Added Net: Name=NetU4_142
Added Pin To Net: NetName=VCC Pin=XP1-1
Added Pin To Net: NetName=VCC Pin=XP1-2
Added Pin To Net: NetName=VCC Pin=XP1-3
Added Pin To Net: NetName=VCC Pin=XP1-4
Added Pin To Net: NetName=VCC Pin=XP1-5
Added Pin To Net: NetName=VCC Pin=XP1-6
Added Pin To Net: NetName=VCC Pin=XP4-35
Added Pin To Net: NetName=VCC Pin=XP4-36
Added Pin To Net: NetName=VCC Pin=XP4-37
Added Pin To Net: NetName=VCC Pin=XP4-38
Added Pin To Net: NetName=VCC Pin=XP4-39
Added Pin To Net: NetName=VCC Pin=XP4-40
Added Net: Name=VCC
Added Class: Name=верхняя плата версия 1
