Removed Pin From Net: NetName=VBUS Pin=HL5-1
Removed Pin From Net: NetName=5V Pin=HL5-2
Removed Pin From Net: NetName=NetR15_2 Pin=R15-2
Removed Pin From Net: NetName=NetR16_2 Pin=R16-2
Removed Pin From Net: NetName=3V3 Pin=R26-2
Removed Pin From Net: NetName=GND Pin=R28-1
Removed Pin From Net: NetName=NetR25_1 Pin=R28-2
Removed Pin From Net: NetName=3V3 Pin=R33-2
Removed Pin From Net: NetName=GND Pin=R34-1
Removed Pin From Net: NetName=NetR32_1 Pin=R34-2
Removed Pin From Net: NetName=NetR25_1 Pin=SB1-1
Removed Pin From Net: NetName=NetR25_1 Pin=U1-138
Removed Pin From Net: NetName=NetU1_87 Pin=VT1-1
Removed Pin From Net: NetName=GND Pin=VT1-2
Removed Pin From Net: NetName=NetR20_2 Pin=VT1-3
Removed Pin From Net: NetName=NetU1_88 Pin=VT2-1
Removed Pin From Net: NetName=GND Pin=VT2-2
Removed Pin From Net: NetName=NetR21_2 Pin=VT2-3
Removed Pin From Net: NetName=NetU1_89 Pin=VT3-1
Removed Pin From Net: NetName=GND Pin=VT3-2
Removed Pin From Net: NetName=NetR22_2 Pin=VT3-3
Removed Pin From Net: NetName=NetU1_90 Pin=VT4-1
Removed Pin From Net: NetName=GND Pin=VT4-2
Removed Pin From Net: NetName=NetR23_2 Pin=VT4-3
Removed Pin From Net: NetName=NetU1_35 Pin=X4-15
Removed Pin From Net: NetName=NetU1_34 Pin=X5-23
Removed Pin From Net: NetName=NetU1_35 Pin=X8-15
Removed Pin From Net: NetName=NetU1_34 Pin=X9-23
Removed Member From Class: ClassName=Схема версия 3.0 Member=HL5
Removed Member From Class: ClassName=Схема версия 3.0 Member=R26
Removed Member From Class: ClassName=Схема версия 3.0 Member=R28
Removed Member From Class: ClassName=Схема версия 3.0 Member=R33
Removed Member From Class: ClassName=Схема версия 3.0 Member=R34
Added Component: Designator=VT1(SOT-23)
Add component (AddParameter): Name = "Published"; Value = "24.09.2010"; VariantName = "[No Variations]"
Add component (AddParameter): Name = "Publisher"; Value = "Andrew Danich"; VariantName = "[No Variations]"
Add component (AddParameter): Name = "Type"; Value = "Транзистор"; VariantName = "[No Variations]"
Added Component: Designator=VT2(SOT-23)
Add component (AddParameter): Name = "Published"; Value = "24.09.2010"; VariantName = "[No Variations]"
Add component (AddParameter): Name = "Publisher"; Value = "Andrew Danich"; VariantName = "[No Variations]"
Add component (AddParameter): Name = "Type"; Value = "Транзистор"; VariantName = "[No Variations]"
Added Component: Designator=VT3(SOT-23)
Add component (AddParameter): Name = "Published"; Value = "24.09.2010"; VariantName = "[No Variations]"
Add component (AddParameter): Name = "Publisher"; Value = "Andrew Danich"; VariantName = "[No Variations]"
Add component (AddParameter): Name = "Type"; Value = "Транзистор"; VariantName = "[No Variations]"
Added Component: Designator=VT4(SOT-23)
Add component (AddParameter): Name = "Published"; Value = "24.09.2010"; VariantName = "[No Variations]"
Add component (AddParameter): Name = "Publisher"; Value = "Andrew Danich"; VariantName = "[No Variations]"
Add component (AddParameter): Name = "Type"; Value = "Транзистор"; VariantName = "[No Variations]"
Added Pin To Net: NetName=NetR16_2 Pin=R15-2
Added Pin To Net: NetName=NetR15_2 Pin=R16-2
Added Pin To Net: NetName=NetR25_1 Pin=SB1-2
Added Pin To Net: NetName=3V3 Pin=U1-143
Add Pin To Net: Unknown Pin: Pin U11-4
Add Pin To Net: Unknown Pin: Pin VD1-1
Add Pin To Net: Unknown Pin: Pin VD1-2
Added Pin To Net: NetName=NetU1_87 Pin=VT1-1
Added Pin To Net: NetName=NetR20_2 Pin=VT1-2
Added Pin To Net: NetName=GND Pin=VT1-3
Added Pin To Net: NetName=NetU1_88 Pin=VT2-1
Added Pin To Net: NetName=NetR21_2 Pin=VT2-2
Added Pin To Net: NetName=GND Pin=VT2-3
Added Pin To Net: NetName=NetU1_89 Pin=VT3-1
Added Pin To Net: NetName=NetR22_2 Pin=VT3-2
Added Pin To Net: NetName=GND Pin=VT3-3
Added Pin To Net: NetName=NetU1_90 Pin=VT4-1
Added Pin To Net: NetName=NetR23_2 Pin=VT4-2
Added Pin To Net: NetName=GND Pin=VT4-3
Added Pin To Net: NetName=NetU1_35 Pin=X5-23
Added Pin To Net: NetName=NetU1_35 Pin=X9-23
Change Net Name : Old Net Name=NetR15_2 New Net Name=NetR16_2
Change Net Name : Old Net Name=NetR16_2 New Net Name=NetR15_2
Change Net Name : Old Net Name=NetU1_129 New Net Name=NetU1_132
Added Pin To Net: NetName=NetR29_2 Pin=R29-2
Added Pin To Net: NetName=NetR29_2 Pin=SB1-1
Added Pin To Net: NetName=NetR29_2 Pin=U1-138
Added Net: Name=NetR29_2
Added Pin To Net: NetName=NetR35_2 Pin=R35-2
Added Pin To Net: NetName=NetR35_2 Pin=SB2-2
Added Net: Name=NetR35_2
Added Pin To Net: NetName=NetX4_15 Pin=X4-15
Added Pin To Net: NetName=NetX4_15 Pin=X8-15
Added Net: Name=NetX4_15
Add Class Member: Failed to add class member : Component VD1 Schottky
