Removed Pin From Net: NetName=GND Pin=R51-2
Removed Pin From Net: NetName=GND Pin=R52-2
Removed Pin From Net: NetName=GND Pin=R53-2
Removed Pin From Net: NetName=GND Pin=R54-2
Removed Pin From Net: NetName=VCC Pin=VT1-3
Removed Pin From Net: NetName=VCC Pin=VT2-3
Removed Pin From Net: NetName=VCC Pin=VT3-3
Removed Pin From Net: NetName=VCC Pin=VT4-3
Removed Member From Class: ClassName=Схема версия 3.0 Member=R51
Removed Member From Class: ClassName=Схема версия 3.0 Member=R52
Removed Member From Class: ClassName=Схема версия 3.0 Member=R53
Removed Member From Class: ClassName=Схема версия 3.0 Member=R54
Change Component Comment : Designator=VT3 Old Comment=MOSFET-N New Comment=КТ234В9
Added Component: Designator=R20(R2512)
Add component (AddParameter): Name = "Published"; Value = "19.09.2014"; VariantName = "[No Variations]"
Add component (AddParameter): Name = "Publisher"; Value = "Andrew Danich"; VariantName = "[No Variations]"
Add component (AddParameter): Name = "Type"; Value = "Резистор"; VariantName = "[No Variations]"
Added Component: Designator=R21(R2512)
Add component (AddParameter): Name = "Published"; Value = "19.09.2014"; VariantName = "[No Variations]"
Add component (AddParameter): Name = "Publisher"; Value = "Andrew Danich"; VariantName = "[No Variations]"
Add component (AddParameter): Name = "Type"; Value = "Резистор"; VariantName = "[No Variations]"
Added Component: Designator=R22(R2512)
Add component (AddParameter): Name = "Published"; Value = "19.09.2014"; VariantName = "[No Variations]"
Add component (AddParameter): Name = "Publisher"; Value = "Andrew Danich"; VariantName = "[No Variations]"
Add component (AddParameter): Name = "Type"; Value = "Резистор"; VariantName = "[No Variations]"
Added Component: Designator=R23(R2512)
Add component (AddParameter): Name = "Published"; Value = "19.09.2014"; VariantName = "[No Variations]"
Add component (AddParameter): Name = "Publisher"; Value = "Andrew Danich"; VariantName = "[No Variations]"
Add component (AddParameter): Name = "Type"; Value = "Резистор"; VariantName = "[No Variations]"
Added Pin To Net: NetName=VCC Pin=R20-1
Added Pin To Net: NetName=VCC Pin=R21-1
Added Pin To Net: NetName=VCC Pin=R22-1
Added Pin To Net: NetName=VCC Pin=R23-1
Add Pin To Net: Unknown Pin: Pin U10-4
Add Pin To Net: Unknown Pin: Pin U11-4
Added Pin To Net: NetName=GND Pin=VT1-2
Added Pin To Net: NetName=GND Pin=VT2-2
Added Pin To Net: NetName=GND Pin=VT3-2
Added Pin To Net: NetName=GND Pin=VT4-2
Added Pin To Net: NetName=NetR20_2 Pin=R20-2
Added Pin To Net: NetName=NetR20_2 Pin=VT1-3
Added Net: Name=NetR20_2
Added Pin To Net: NetName=NetR21_2 Pin=R21-2
Added Pin To Net: NetName=NetR21_2 Pin=VT2-3
Added Net: Name=NetR21_2
Added Pin To Net: NetName=NetR22_2 Pin=R22-2
Added Pin To Net: NetName=NetR22_2 Pin=VT3-3
Added Net: Name=NetR22_2
Added Pin To Net: NetName=NetR23_2 Pin=R23-2
Added Pin To Net: NetName=NetR23_2 Pin=VT4-3
Added Net: Name=NetR23_2
Added Member To Class: ClassName=Схема версия 3.0 Member=Component R20 0020ab 1K8 2512
Added Member To Class: ClassName=Схема версия 3.0 Member=Component R21 0020ab 1K8 2512
Added Member To Class: ClassName=Схема версия 3.0 Member=Component R22 0020ab 1K8 2512
Added Member To Class: ClassName=Схема версия 3.0 Member=Component R23 0020ab 1K8 2512
