Change Component Designator: Old Designator=C8 New Designator=C13
Change Component Designator: Old Designator=C9 New Designator=C14
Change Component Designator: Old Designator=C10 New Designator=C6
Change Component Designator: Old Designator=C11 New Designator=C7
Change Component Designator: Old Designator=C14 New Designator=C1
Change Component Designator: Old Designator=C14 New Designator=C2
Change Component Designator: Old Designator=C14 New Designator=C3
Change Component Designator: Old Designator=C14 New Designator=C4
Change Component Designator: Old Designator=C14 New Designator=C5
Change Component Designator: Old Designator=C14 New Designator=C8
Change Component Designator: Old Designator=C14 New Designator=C9
Change Component Designator: Old Designator=C14 New Designator=C10
Change Component Designator: Old Designator=C14 New Designator=C11
Change Component Designator: Old Designator=C14 New Designator=C12
Change Component Designator: Old Designator=C15 New Designator=C17
Change Component Designator: Old Designator=C16 New Designator=C18
Change Component Designator: Old Designator=C17 New Designator=C19
Change Component Designator: Old Designator=C18 New Designator=C20
Change Component Designator: Old Designator=C19 New Designator=C21
Change Component Designator: Old Designator=C20 New Designator=C22
Change Component Designator: Old Designator=C21 New Designator=C23
Change Component Designator: Old Designator=C24 New Designator=C26
Change Component Designator: Old Designator=C25 New Designator=C27
Change Component Designator: Old Designator=C26 New Designator=C28
Change Component Designator: Old Designator=C27 New Designator=C29
Change Component Designator: Old Designator=C28 New Designator=C30
Change Component Designator: Old Designator=C29 New Designator=C31
Change Component Designator: Old Designator=C30 New Designator=C32
Change Component Designator: Old Designator=C31 New Designator=C15
Change Component Designator: Old Designator=C32 New Designator=C16
Change Component Designator: Old Designator=C35 New Designator=C24
Change Component Designator: Old Designator=C36 New Designator=C25
Change Component Designator: Old Designator=DA? New Designator=DA1
Change Component Designator: Old Designator=L? New Designator=L1
Change Component Designator: Old Designator=L? New Designator=L2
Change Component Designator: Old Designator=P? New Designator=P1
Change Component Designator: Old Designator=R4 New Designator=R9
Change Component Designator: Old Designator=R5 New Designator=R10
Change Component Designator: Old Designator=R6 New Designator=R11
Change Component Designator: Old Designator=R17 New Designator=R16
Change Component Designator: Old Designator=R18 New Designator=R17
Change Component Designator: Old Designator=R19 New Designator=R38
Change Component Designator: Old Designator=R24 New Designator=R28
Change Component Designator: Old Designator=R25 New Designator=R29
Change Component Designator: Old Designator=R26 New Designator=R30
Change Component Designator: Old Designator=R27 New Designator=R31
Change Component Designator: Old Designator=R28 New Designator=R32
Change Component Designator: Old Designator=R29 New Designator=R33
Change Component Designator: Old Designator=R30 New Designator=R34
Change Component Designator: Old Designator=R31 New Designator=R35
Change Component Designator: Old Designator=R32 New Designator=R36
Change Component Designator: Old Designator=R33 New Designator=R37
Change Component Designator: Old Designator=R34 New Designator=R39
Change Component Designator: Old Designator=R35 New Designator=R40
Change Component Designator: Old Designator=R43 New Designator=R19
Change Component Designator: Old Designator=R44 New Designator=R20
Change Component Designator: Old Designator=R45 New Designator=R21
Change Component Designator: Old Designator=R46 New Designator=R4
Change Component Designator: Old Designator=R46 New Designator=R5
Change Component Designator: Old Designator=R46 New Designator=R6
Change Component Designator: Old Designator=R46 New Designator=R7
Change Component Designator: Old Designator=R46 New Designator=R8
Change Component Designator: Old Designator=R46 New Designator=R18
Change Component Designator: Old Designator=R46 New Designator=R22
Change Component Designator: Old Designator=R46 New Designator=R27
Change Component Designator: Old Designator=R47 New Designator=R23
Change Component Designator: Old Designator=R48 New Designator=R24
Change Component Designator: Old Designator=R49 New Designator=R25
Change Component Designator: Old Designator=R50 New Designator=R26
Change Component Designator: Old Designator=R51 New Designator=R12
Change Component Designator: Old Designator=R52 New Designator=R13
Change Component Designator: Old Designator=R53 New Designator=R14
Change Component Designator: Old Designator=R54 New Designator=R15
Change Component Designator: Old Designator=U8 New Designator=U2
Change Component Designator: Old Designator=U9 New Designator=U3
Change Component Designator: Old Designator=U10 New Designator=U4
Change Component Designator: Old Designator=U11 New Designator=U5
Change Component Designator: Old Designator=VT? New Designator=VT5
Change Component Designator: Old Designator=X12 New Designator=X2
Change Component Designator: Old Designator=XW? New Designator=XW1
