Change Component Designator: Old Designator=C4 New Designator=C3
Change Component Designator: Old Designator=C6 New Designator=C4
Change Component Designator: Old Designator=C7 New Designator=C5
Change Component Designator: Old Designator=C8 New Designator=C6
Change Component Designator: Old Designator=C9 New Designator=C7
Change Component Designator: Old Designator=C11 New Designator=C8
Change Component Designator: Old Designator=C13 New Designator=C9
Change Component Designator: Old Designator=C14 New Designator=C10
Change Component Designator: Old Designator=C15 New Designator=C11
Change Component Designator: Old Designator=C16 New Designator=C12
Change Component Designator: Old Designator=C20 New Designator=C14
Change Component Designator: Old Designator=C21 New Designator=C15
Change Component Designator: Old Designator=C22 New Designator=C18
Change Component Designator: Old Designator=C23 New Designator=C19
Change Component Designator: Old Designator=C24 New Designator=C20
Change Component Designator: Old Designator=C25 New Designator=C21
Change Component Designator: Old Designator=C26 New Designator=C22
Change Component Designator: Old Designator=C27 New Designator=C23
Change Component Designator: Old Designator=C28 New Designator=C24
Change Component Designator: Old Designator=C29 New Designator=C25
Change Component Designator: Old Designator=C35 New Designator=C16
Change Component Designator: Old Designator=C36 New Designator=C17
Change Component Designator: Old Designator=C? New Designator=C13
Change Component Designator: Old Designator=R1 New Designator=R13
Change Component Designator: Old Designator=R2 New Designator=R1
Change Component Designator: Old Designator=R3 New Designator=R2
Change Component Designator: Old Designator=R5 New Designator=R3
Change Component Designator: Old Designator=R6 New Designator=R18
Change Component Designator: Old Designator=R10 New Designator=R4
Change Component Designator: Old Designator=R11 New Designator=R5
Change Component Designator: Old Designator=R12 New Designator=R6
Change Component Designator: Old Designator=R14 New Designator=R7
Change Component Designator: Old Designator=R18 New Designator=R8
Change Component Designator: Old Designator=R19 New Designator=R9
Change Component Designator: Old Designator=R22 New Designator=R11
Change Component Designator: Old Designator=R26 New Designator=R12
Change Component Designator: Old Designator=R27 New Designator=R14
Change Component Designator: Old Designator=R28 New Designator=R15
Change Component Designator: Old Designator=R29 New Designator=R16
Change Component Designator: Old Designator=R30 New Designator=R17
Change Component Designator: Old Designator=R31 New Designator=R19
Change Component Designator: Old Designator=R32 New Designator=R20
Change Component Designator: Old Designator=R33 New Designator=R21
Change Component Designator: Old Designator=R34 New Designator=R22
Change Component Designator: Old Designator=R35 New Designator=R24
Change Component Designator: Old Designator=R36 New Designator=R23
Change Component Designator: Old Designator=R? New Designator=R10
Change Component Designator: Old Designator=U4 New Designator=U5
Change Component Designator: Old Designator=U11 New Designator=U4
Change Component Designator: Old Designator=U? New Designator=U2
Change Component Designator: Old Designator=U? New Designator=U3
Change Component Designator: Old Designator=VD1 New Designator=VD4
Change Component Designator: Old Designator=VD2 New Designator=VD1
Change Component Designator: Old Designator=VD3 New Designator=VD2
Change Component Designator: Old Designator=VD4 New Designator=VD3
Change Component Designator: Old Designator=X1 New Designator=X3
Change Component Designator: Old Designator=X2 New Designator=X4
Change Component Designator: Old Designator=X3 New Designator=X7
Change Component Designator: Old Designator=X4 New Designator=X8
Change Component Designator: Old Designator=X5 New Designator=X1
Change Component Designator: Old Designator=X6 New Designator=X2
Change Component Designator: Old Designator=X7 New Designator=X5
Change Component Designator: Old Designator=X8 New Designator=X6
Change Component Designator: Old Designator=X10 New Designator=X9
Change Component Designator: Old Designator=X11 New Designator=X10
Change Component Designator: Old Designator=X12 New Designator=X11
Change Component Designator: Old Designator=X13 New Designator=X12
Change Component Designator: Old Designator=X15 New Designator=X13
Change Component Designator: Old Designator=X16 New Designator=X14
Change Component Designator: Old Designator=X17 New Designator=X15
Change Component Designator: Old Designator=X18 New Designator=X16
Change Component Designator: Old Designator=X20 New Designator=X17
Change Component Designator: Old Designator=X21 New Designator=X18
Change Component Designator: Old Designator=X22 New Designator=X23
Change Component Designator: Old Designator=X23 New Designator=X21
Change Component Designator: Old Designator=X24 New Designator=X22
Change Component Designator: Old Designator=X25 New Designator=X24
Change Component Designator: Old Designator=X26 New Designator=X20
Change Component Designator: Old Designator=X27 New Designator=X19
