Added Parameter Value= to Part C2
Added Parameter Value= to Part C3
Added Parameter Value= to Part C4
Added Parameter Value= to Part C5
Added Parameter Value= to Part C6
Added Parameter Value= to Part C7
Added Parameter Value= to Part C8
Added Parameter Value= to Part C9
Added Parameter Value= to Part C10
Added Parameter Value= to Part C11
Added Parameter Value= to Part C12
Added Parameter Value= to Part C13
Added Parameter Value= to Part C14
Added Parameter Value= to Part C15
Added Parameter Value= to Part C16
Added Parameter Value= to Part C17
Added Parameter Value= to Part C18
Added Parameter Value= to Part C19
Added Parameter Value= to Part C20
Added Parameter Value= to Part C21
Added Parameter Value= to Part C22
Added Parameter Value= to Part C23
Added Parameter Value= to Part C24
Added Parameter Value= to Part C25
Added Parameter Value= to Part C26
Added Parameter Value= to Part C27
Added Parameter Value= to Part C28
Added Parameter Value= to Part C29
Added Parameter Value= to Part C35
Added Parameter Value= to Part C36
Added Parameter Value= to Part R1
Added Parameter Value= to Implementation SIM Resistors
Added Parameter Value= to Part R2
Added Parameter Value= to Implementation SIM Resistors
Added Parameter Value= to Part R3
Added Parameter Value= to Implementation SIM Resistors
Added Parameter Value= to Part R4
Added Parameter Value= to Implementation SIM Resistors
Added Parameter Value= to Part R5
Added Parameter Value= to Implementation SIM Resistors
Added Parameter Value= to Part R6
Added Parameter Value= to Implementation SIM Resistors
Added Parameter Value= to Part R7
Added Parameter Value= to Implementation SIM Resistors
Added Parameter Value= to Part R8
Added Parameter Value= to Implementation SIM Resistors
Added Parameter Value= to Part R9
Added Parameter Value= to Implementation SIM Resistors
Added Parameter Value= to Part R10
Added Parameter Value= to Implementation SIM Resistors
Added Parameter Value= to Part R11
Added Parameter Value= to Implementation SIM Resistors
Added Parameter Value= to Part R12
Added Parameter Value= to Implementation SIM Resistors
Added Parameter Value= to Part R13
Added Parameter Value= to Implementation SIM Resistors
Added Parameter Value= to Part R14
Added Parameter Value= to Implementation SIM Resistors
Added Parameter Value= to Part R15
Added Parameter Value= to Implementation SIM Resistors
Added Parameter Value= to Part R16
Added Parameter Value= to Implementation SIM Resistors
Added Parameter Value= to Part R17
Added Parameter Value= to Implementation SIM Resistors
Added Parameter Value= to Part R18
Added Parameter Value= to Implementation SIM Resistors
Added Parameter Value= to Part R19
Added Parameter Value= to Implementation SIM Resistors
Added Parameter Value= to Part R20
Added Parameter Value= to Implementation SIM Resistors
Added Parameter Value= to Part R21
Added Parameter Value= to Implementation SIM Resistors
Added Parameter Value= to Part R22
Added Parameter Value= to Implementation SIM Resistors
Added Parameter Value= to Part R23
Added Parameter Value= to Implementation SIM Resistors
Added Parameter Value= to Part R24
Added Parameter Value= to Implementation SIM Resistors
Added Parameter Value= to Part R25
Added Parameter Value= to Implementation SIM Resistors
Added Parameter Value= to Part R26
Added Parameter Value= to Implementation SIM Resistors
Added Parameter Value= to Part R27
Added Parameter Value= to Implementation SIM Resistors
Added Parameter Value= to Part R28
Added Parameter Value= to Implementation SIM Resistors
Added Parameter Value= to Part R29
Added Parameter Value= to Implementation SIM Resistors
Added Parameter Value= to Part R30
Added Parameter Value= to Implementation SIM Resistors
Added Parameter Value= to Part R31
Added Parameter Value= to Implementation SIM Resistors
Added Parameter Value= to Part R32
Added Parameter Value= to Implementation SIM Resistors
Added Parameter Value= to Part R33
Added Parameter Value= to Implementation SIM Resistors
Added Parameter Value= to Part R34
Added Parameter Value= to Implementation SIM Resistors
Added Parameter Value= to Part R35
Added Parameter Value= to Implementation SIM Resistors
Added Parameter Value= to Part R36
Added Parameter Value= to Implementation SIM Resistors
Added Parameter Value= to Part U1
Added Parameter Value= to Part U2
Added Parameter Value= to Part U3
Added Parameter Value= to Part U4
Added Parameter Value= to Part U11
Added Parameter Value= to Implementation PCBLIB DO-214AA
Added Parameter Value= to Part VD1
Added Parameter Value= to Part VD2
Added Parameter Value= to Part VD3
Added Parameter Value= to Part VD4
Added Parameter Value= to Part X1
Added Parameter Value= to Part X2
Added Parameter Value= to Part X3
Added Parameter Value= to Part X4
Added Parameter Value= to Part X5
Added Parameter Value= to Part X6
Added Parameter Value= to Part X7
Added Parameter Value= to Part X8
Added Parameter Value= to Part X9
Added Parameter Value= to Part X10
Added Parameter Value= to Part X11
Added Parameter Value= to Part X12
Added Parameter Value= to Part X13
Added Parameter Value= to Part X14
Added Parameter Value= to Part X15
Added Parameter Value= to Part X16
Added Parameter Value= to Part X17
Added Parameter Value= to Part X17
Added Parameter Value= to Part X18
Added Parameter Value= to Part X19
Added Parameter Value= to Part X20
Added Parameter Value= to Part X21
Added Parameter Value= to Part X22
Added Parameter Value= to Part X23
Added Parameter Value= to Part X24
Added Parameter Value= to Part X25
Added Parameter Value= to Part X26
Added Parameter Value= to Sheet 
