Change Footprint: Cannot match pads with new footprint in component :LDO Footprint:D2PAK-2
Added Component: Designator=C?(C0603)
Add component (AddParameter): Name = "Published"; Value = "18.05.2010"; VariantName = "[No Variations]"
Add component (AddParameter): Name = "Publisher"; Value = "Andrew Danich"; VariantName = "[No Variations]"
Add component (AddParameter): Name = "Type"; Value = "Конденсатор"; VariantName = "[No Variations]"
Added Component: Designator=C?(C0603)
Add component (AddParameter): Name = "Published"; Value = "18.05.2010"; VariantName = "[No Variations]"
Add component (AddParameter): Name = "Publisher"; Value = "Andrew Danich"; VariantName = "[No Variations]"
Add component (AddParameter): Name = "Type"; Value = "Конденсатор"; VariantName = "[No Variations]"
Added Component: Designator=D(D2PAK-2)
Added Pin To Net: NetName=GND Pin=C?-1
Added Pin To Net: NetName=GND Pin=C?-1
Added Pin To Net: NetName=3V3 Pin=C?-2
Added Pin To Net: NetName=VCC Pin=C?-2
Added Pin To Net: NetName=VCC Pin=D-1
Add Pin To Net: Unknown Pin: Pin D-2
Added Pin To Net: NetName=3V3 Pin=D-3
Added Pin To Net: NetName=GND Pin=D-4
Add Pin To Net: Unknown Pin: Pin TYPE-C-1
Add Pin To Net: Unknown Pin: Pin TYPE-C-2
Add Pin To Net: Unknown Pin: Pin TYPE-C-3
Add Pin To Net: Unknown Pin: Pin TYPE-C-7
Add Pin To Net: Unknown Pin: Pin TYPE-C-8
Add Pin To Net: Unknown Pin: Pin TYPE-C-9
Add Pin To Net: Unknown Pin: Pin TYPE-C-10
Add Pin To Net: Unknown Pin: Pin TYPE-C-11
Add Pin To Net: Unknown Pin: Pin TYPE-C-15
Add Pin To Net: Unknown Pin: Pin TYPE-C-16
Added Member To Class: ClassName=нижняя плата версия 1 Member=Component C? 10 uF
Added Member To Class: ClassName=нижняя плата версия 1 Member=Component C? 0.1 uF
Added Member To Class: ClassName=нижняя плата версия 1 Member=Component D КФ1158Н
