Change Component Parameter Comment in C1 Old= New=4u7
Change Component Parameter Comment in C2 Old= New=100n
Change Component Parameter Comment in C3 Old= New=1p
Change Component Parameter Comment in C4 Old= New=220p
Change Component Parameter Comment in C5 Old= New=
Change Component Parameter Comment in C6 Old= New=100n
Change Component Parameter Comment in C7 Old= New=22u
Change Component Parameter Comment in C8 Old= New=4u7
Change Component Parameter Comment in C9 Old= New=100n
Change Component Parameter Comment in C10 Old= New=1p
Change Component Parameter Comment in C11 Old= New=220p
Change Component Parameter Comment in C12 Old= New=
Change Component Parameter Comment in C13 Old= New=100n
Change Component Parameter Comment in C14 Old= New=22u
Change Component Parameter Comment in C15 Old= New=4u7
Change Component Parameter Comment in C16 Old= New=100n
Change Component Parameter Comment in C17 Old= New=1p
Change Component Parameter Comment in C18 Old= New=220p
Change Component Parameter Comment in C19 Old= New=
Change Component Parameter Comment in C20 Old= New=100n
Change Component Parameter Comment in C21 Old= New=22u
Change Component Parameter Comment in C22 Old= New=
Change Component Parameter Comment in C23 Old= New=22u
Change Component Parameter Comment in C24 Old= New=22u
Change Component Parameter Comment in C25 Old= New=100n
Change Component Parameter Comment in C26 Old= New=100n
Change Component Parameter Comment in C27 Old= New=100n
Change Component Parameter Comment in C28 Old= New=22u
Change Component Parameter Comment in C29 Old= New=22u
Change Component Parameter Comment in C35 Old= New=
Change Component Parameter Comment in C36 Old= New=
Change Component Parameter Comment in L1 Old= New=4u7
Change Component Parameter Comment in R1 Old= New=
Change Component Parameter Comment in R2 Old= New=23K7
Change Component Parameter Comment in R3 Old= New=133K
Change Component Parameter Comment in R4 Old= New=0
Change Component Parameter Comment in R5 Old= New=124K
Change Component Parameter Comment in R6 Old= New=
Change Component Parameter Comment in R7 Old= New=
Change Component Parameter Comment in R8 Old= New=100K
Change Component Parameter Comment in R9 Old= New=100K
Change Component Parameter Comment in R10 Old= New=57K6
Change Component Parameter Comment in R11 Old= New=29K4
Change Component Parameter Comment in R12 Old= New=113K
Change Component Parameter Comment in R13 Old= New=0
Change Component Parameter Comment in R14 Old= New=124K
Change Component Parameter Comment in R15 Old= New=
Change Component Parameter Comment in R16 Old= New=100K
Change Component Parameter Comment in R17 Old= New=100K
Change Component Parameter Comment in R18 Old= New=57.6
Change Component Parameter Comment in R19 Old= New=23K7
Change Component Parameter Comment in R20 Old= New=113K
Change Component Parameter Comment in R21 Old= New=0
Change Component Parameter Comment in R22 Old= New=124K
Change Component Parameter Comment in R23 Old= New=
Change Component Parameter Comment in R24 Old= New=100K
Change Component Parameter Comment in R25 Old= New=100K
Change Component Parameter Comment in R26 Old= New=57.6
Change Component Parameter Comment in R27 Old= New=1K
Change Component Parameter Comment in R28 Old= New=1K
Change Component Parameter Comment in R29 Old= New=1K
Change Component Parameter Comment in R30 Old= New=75
Change Component Parameter Comment in R31 Old= New=75
Change Component Parameter Comment in R32 Old= New=10K
Change Component Parameter Comment in R33 Old= New=100K
Change Component Parameter Comment in R34 Old= New=10K
Change Component Parameter Comment in R35 Old= New=10K
Change Component Parameter Comment in R36 Old= New=0R001
Change Component Parameter Comment in U11 Old= New=йт1158м3.3б
Change Component Parameter Comment in VD1 Old= New=
Change Component Parameter Comment in VD2 Old= New=SS3P4
Change Component Parameter Comment in VD3 Old= New=SS3P4
Change Component Parameter Comment in VD4 Old= New=SS3P4
Change Component Parameter Comment in X1 Old= New=PLLD-1.27-40S
Change Component Parameter Comment in X2 Old= New=PLLD-1.27-40S
Change Component Parameter Comment in X3 Old= New=PLLD-1.27-40S
Change Component Parameter Comment in X4 Old= New=PLLD-1.27-40S
Change Component Parameter Comment in X5 Old= New=Molex Picoblade 0532610471
Change Component Parameter Comment in X6 Old= New=Molex Picoblade 0532610371
Change Component Parameter Comment in X7 Old= New=Molex Picoblade 0532610471
Change Component Parameter Comment in X8 Old= New=Molex Picoblade 0532610371
Change Component Parameter Comment in X10 Old= New=Molex Picoblade 0532610471
Change Component Parameter Comment in X11 Old= New=Molex Picoblade 0532610671
Change Component Parameter Comment in X12 Old= New=Molex Picoblade 0532610471
Change Component Parameter Comment in X13 Old= New=Molex Picoblade 0532610671
Change Component Parameter Comment in X14 Old= New=4u7
Change Component Parameter Comment in X15 Old= New=
Change Component Parameter Comment in X16 Old= New=
Change Component Parameter Comment in X17 Old= New=Molex Picoblade 0532610471
Change Component Parameter Comment in X18 Old= New=Molex Picoblade 0532610671
Change Component Parameter Comment in X19 Old= New=4u7
Change Component Parameter Comment in X20 Old= New=Molex Picoblade 0532610471
Change Component Parameter Comment in X21 Old= New=Molex Picoblade 0532610671
Change Component Parameter Comment in X22 Old= New=Molex Picoblade 0532610771
Change Component Parameter Comment in X23 Old= New=Molex Picoblade 0532610471
Change Component Parameter Comment in X24 Old= New=Amass XT-60-PW-M
Change Component Parameter Comment in X25 Old= New=Amass XT-60-PW-F
Change Component Parameter Comment in X27 Old= New=
Change Component Parameter Comment in Z1 Old= New=27MHz
