Remove Pin from Net: Failed to remove Pin
Remove Pin from Net: Failed to remove Pin
Remove Pin from Net: Failed to remove Pin
Remove Pin from Net: Failed to remove Pin
Remove Pin from Net: Failed to remove Pin
Remove Pin from Net: Failed to remove Pin
Remove Pin from Net: Failed to remove Pin
Remove Pin from Net: Failed to remove Pin
Remove Pin from Net: Failed to remove Pin
Remove Pin from Net: Failed to remove Pin
Remove Pin from Net: Failed to remove Pin
Remove Pin from Net: Failed to remove Pin
Remove Pin from Net: Failed to remove Pin
Remove Pin from Net: Failed to remove Pin
Remove Pin from Net: Failed to remove Pin
Remove Pin from Net: Failed to remove Pin
Remove Pin from Net: Failed to remove Pin
Remove Pin from Net: Failed to remove Pin
Remove Pin from Net: Failed to remove Pin
Remove Pin from Net: Failed to remove Pin
Remove Pin from Net: Failed to remove Pin
Remove Pin from Net: Failed to remove Pin
Remove Pin from Net: Failed to remove Pin
Remove Pin from Net: Failed to remove Pin
Remove Pin from Net: Failed to remove Pin
Remove Pin from Net: Failed to remove Pin
Remove Pin from Net: Failed to remove Pin
Remove Pin from Net: Failed to remove Pin
Remove Pin from Net: Failed to remove Pin
Remove Pin from Net: Failed to remove Pin
Remove Pin from Net: Failed to remove Pin
Remove Pin from Net: Failed to remove Pin
Remove Pin from Net: Failed to remove Pin
Remove Pin from Net: Failed to remove Pin
Remove Pin from Net: Failed to remove Pin
Remove Pin from Net: Failed to remove Pin
Remove Pin from Net: Failed to remove Pin
Remove Pin from Net: Failed to remove Pin
Remove Pin from Net: Failed to remove Pin
Remove Pin from Net: Failed to remove Pin
Remove Pin from Net: Failed to remove Pin
Remove Pin from Net: Failed to remove Pin
Remove Pin from Net: Failed to remove Pin
Remove Pin from Net: Failed to remove Pin
Remove Pin from Net: Failed to remove Pin
Remove Pin from Net: Failed to remove Pin
Remove Pin from Net: Failed to remove Pin
Remove Pin from Net: Failed to remove Pin
Remove Pin from Net: Failed to remove Pin
Remove Pin from Net: Failed to remove Pin
Remove Pin from Net: Failed to remove Pin
Remove Pin from Net: Failed to remove Pin
Remove Pin from Net: Failed to remove Pin
Remove Pin from Net: Failed to remove Pin
Remove Pin from Net: Failed to remove Pin
Remove Pin from Net: Failed to remove Pin
Remove Pin from Net: Failed to remove Pin
Remove Pin from Net: Failed to remove Pin
Remove Pin from Net: Failed to remove Pin
Removed Pin From Net: NetName=5V Pin=-7
Remove Pin from Net: Failed to remove Pin
Remove Pin from Net: Failed to remove Pin
Removed Pin From Net: NetName=5V Pin=-8
Remove Pin from Net: Failed to remove Pin
Removed Pin From Net: NetName=3V3 Pin=-9
Remove Pin from Net: Failed to remove Pin
Remove Pin from Net: Failed to remove Pin
Remove Pin from Net: Failed to remove Pin
Remove Pin from Net: Failed to remove Pin
Removed Pin From Net: NetName=3V3 Pin=-10
Remove Pin from Net: Failed to remove Pin
Removed Pin From Net: NetName=4V2 Pin=-11
Remove Pin from Net: Failed to remove Pin
Removed Pin From Net: NetName=4V2 Pin=-12
Remove Pin from Net: Failed to remove Pin
Removed Pin From Net: NetName=4V2 Pin=-13
Remove Pin from Net: Failed to remove Pin
Removed Pin From Net: NetName=4V2 Pin=-14
Remove Pin from Net: Failed to remove Pin
Remove Pin from Net: Failed to remove Pin
Remove Pin from Net: Failed to remove Pin
Remove Pin from Net: Failed to remove Pin
Remove Pin from Net: Failed to remove Pin
Remove Pin from Net: Failed to remove Pin
Remove Pin from Net: Failed to remove Pin
Remove Pin from Net: Failed to remove Pin
Remove Pin from Net: Failed to remove Pin
Remove Pin from Net: Failed to remove Pin
Remove Pin from Net: Failed to remove Pin
Remove Pin from Net: Failed to remove Pin
Remove Pin from Net: Failed to remove Pin
Remove Pin from Net: Failed to remove Pin
Removed Pin From Net: NetName=GND Pin=-37
Remove Pin from Net: Failed to remove Pin
Remove Pin from Net: Failed to remove Pin
Removed Pin From Net: NetName=GND Pin=-38
Remove Pin from Net: Failed to remove Pin
Remove Pin from Net: Failed to remove Pin
Removed Pin From Net: NetName=GND Pin=-39
Remove Pin from Net: Failed to remove Pin
Remove Pin from Net: Failed to remove Pin
Removed Pin From Net: NetName=GND Pin=-40
Remove Pin from Net: Failed to remove Pin
Remove Pin from Net: Failed to remove Pin
Remove Pin from Net: Unknown Pin: Pin -A1_B12
Remove Pin from Net: Unknown Pin: Pin -A4_B9
Remove Pin from Net: Unknown Pin: Pin -A
Remove Pin from Net: Unknown Pin: Pin -A
Remove Pin from Net: Unknown Pin: Pin -A
Remove Pin from Net: Unknown Pin: Pin -B1_A12
Remove Pin from Net: Unknown Pin: Pin -B4_A9
Remove Pin from Net: Unknown Pin: Pin -C
Removed Pin From Net: NetName=5V Pin=C4-1
Removed Pin From Net: NetName=GND Pin=C4-2
Removed Pin From Net: NetName=GND Pin=C10-1
Removed Pin From Net: NetName=GND Pin=C13-2
Removed Pin From Net: NetName=GND Pin=C14-1
Removed Pin From Net: NetName=GND Pin=C17-1
Removed Pin From Net: NetName=GND Pin=C18-2
Removed Pin From Net: NetName=GND Pin=C19-2
Removed Pin From Net: NetName=GND Pin=C20-2
Removed Pin From Net: NetName=GND Pin=C21-1
Removed Pin From Net: NetName=GND Pin=C24-1
Removed Pin From Net: NetName=4V2 Pin=C25-1
Removed Pin From Net: NetName=GND Pin=C26-2
Removed Pin From Net: NetName=GND Pin=C27-2
Removed Pin From Net: NetName=GND Pin=C28-1
Removed Pin From Net: NetName=GND Pin=C29-1
Removed Pin From Net: NetName=GND Pin=C30-1
Removed Pin From Net: NetName=3V3 Pin=C30-2
Removed Pin From Net: NetName=GND Pin=R2-2
Removed Pin From Net: NetName=5V Pin=R3-2
Removed Pin From Net: NetName=GND Pin=R6-1
Removed Pin From Net: NetName=5V Pin=R8-2
Removed Pin From Net: NetName=NetC8_1 Pin=R9-1
Removed Pin From Net: NetName=5V Pin=R10-2
Removed Pin From Net: NetName=GND Pin=R11-2
Removed Pin From Net: NetName=NetC9_1 Pin=R12-1
Removed Pin From Net: NetName=NetC13_1 Pin=R13-2
Removed Pin From Net: NetName=GND Pin=R15-2
Removed Pin From Net: NetName=GND Pin=R16-2
Removed Pin From Net: NetName=GND Pin=R19-2
Removed Pin From Net: NetName=NetC19_1 Pin=R21-1
Removed Pin From Net: NetName=GND Pin=R23-2
Removed Pin From Net: NetName=GND Pin=R24-2
Removed Pin From Net: NetName=4V2 Pin=R25-2
Removed Pin From Net: NetName=4V2 Pin=R26-2
Removed Pin From Net: NetName=GND Pin=R27-2
Removed Pin From Net: NetName=NetC26_1 Pin=R29-1
Removed Pin From Net: NetName=GND Pin=R30-2
Removed Pin From Net: NetName=GND Pin=R32-2
Removed Pin From Net: NetName=GND Pin=R33-2
Removed Pin From Net: NetName=GND Pin=R34-2
Removed Pin From Net: NetName=3V3 Pin=R35-2
Removed Pin From Net: NetName=5V Pin=R36-2
Removed Pin From Net: NetName=GND Pin=R37-2
Removed Pin From Net: NetName=GND Pin=R39-1
Removed Member From Class: ClassName=нижн€€ плата верси€ 2 Member=C27
Removed Member From Class: ClassName=нижн€€ плата верси€ 2 Member=C28
Removed Member From Class: ClassName=нижн€€ плата верси€ 2 Member=C29
Removed Member From Class: ClassName=нижн€€ плата верси€ 2 Member=C30
Removed Member From Class: ClassName=нижн€€ плата верси€ 2 Member=C31
Removed Member From Class: ClassName=нижн€€ плата верси€ 2 Member=R29
Removed Member From Class: ClassName=нижн€€ плата верси€ 2 Member=R30
Removed Member From Class: ClassName=нижн€€ плата верси€ 2 Member=R31
Removed Member From Class: ClassName=нижн€€ плата верси€ 2 Member=R32
Removed Member From Class: ClassName=нижн€€ плата верси€ 2 Member=R33
Removed Member From Class: ClassName=нижн€€ плата верси€ 2 Member=R34
Removed Member From Class: ClassName=нижн€€ плата верси€ 2 Member=R35
Removed Member From Class: ClassName=нижн€€ плата верси€ 2 Member=R36
Removed Member From Class: ClassName=нижн€€ плата верси€ 2 Member=R37
Removed Member From Class: ClassName=нижн€€ плата верси€ 2 Member=R38
Removed Member From Class: ClassName=нижн€€ плата верси€ 2 Member=R39
Change Component Footprint: Designator=C1 Old Footprint=C0603 New Footprint=C1206
Change Component Footprint: Designator=C6 Old Footprint=C0603 New Footprint=C1206
Change Component Footprint: Designator=C11 Old Footprint=C0603 New Footprint=C1206
Change Component Footprint: Designator=C15 Old Footprint=C0603 New Footprint=C1206
Change Component Footprint: Designator=C19 Old Footprint=C0603 New Footprint=C1206
Change Component Footprint: Designator=C20 Old Footprint=C0603 New Footprint=C1206
Change Component Footprint: Designator=C24 Old Footprint=C0603 New Footprint=C1206
Change Component Footprint: Designator=C25 Old Footprint=C0603 New Footprint=C1206
Change Component Footprint: Designator=C2 Old Footprint=CAPPM3528X210N New Footprint=C0603
Change Component Footprint: Designator=C3 Old Footprint=CAPPM3528X210N New Footprint=C0603
Change Component Footprint: Designator=C5 Old Footprint=CAPPM3528X210N New Footprint=C0603
Change Footprint: Footprint Not Found RESC6864X114N
Change Component Comment : Designator=R4 Old Comment= New Comment=57K6
Change Component Comment : Designator=R2 Old Comment= New Comment=133K
Change Component Comment : Designator=R25 Old Comment=0 New Comment=0R001
Change Component Comment : Designator=R28 Old Comment=0 New Comment=1K
Change Component Comment : Designator=R20 Old Comment=0 New Comment=10K
Change Component Comment : Designator=R9 Old Comment=0 New Comment=23K7
Change Component Comment : Designator=R12 Old Comment=0 New Comment=57.6
Change Component Comment : Designator=R17 Old Comment=0 New Comment=75
Change Component Comment : Designator=C10 Old Comment=0.1 uF New Comment=22u
Change Component Comment : Designator=C24 Old Comment=0.1 uF New Comment=22u
Change Component Comment : Designator=C9 Old Comment=0.1 uF New Comment=100n
Change Component Comment : Designator=C23 Old Comment=0.1 uF New Comment=100n
Change Component Comment : Designator=C16 Old Comment=0.1 uF New Comment=
Change Component Comment : Designator=C17 Old Comment=0.1 uF New Comment=
Change Component Comment : Designator=R1 Old Comment=1 kOm New Comment=23K7
Change Component Comment : Designator=R5 Old Comment=1 kOm New Comment=29K4
Change Component Comment : Designator=R3 Old Comment=1 kOm New Comment=124K
Change Component Comment : Designator=C20 Old Comment=1 pF New Comment=22u
Change Component Comment : Designator=C13 Old Comment=1 pF New Comment=220p
Change Component Comment : Designator=C14 Old Comment=4.7 uF New Comment=100n
Change Component Comment : Designator=C21 Old Comment=4.7 uF New Comment=100n
Change Component Comment : Designator=R8 Old Comment=10 kOm New Comment=57.6
Change Component Comment : Designator=R6 Old Comment=10 kOm New Comment=113K
Change Component Comment : Designator=R7 Old Comment=10 kOm New Comment=124K
Change Component Comment : Designator=R15 Old Comment=18.7 kOm New Comment=1K
Change Component Comment : Designator=R23 Old Comment=18.7 kOm New Comment=1K
Change Component Comment : Designator=C15 Old Comment=22 pF New Comment=22u
Change Component Comment : Designator=C22 Old Comment=22 pF New Comment=100n
Change Component Comment : Designator=C8 Old Comment=22 pF New Comment=220p
Change Component Comment : Designator=C11 Old Comment=22 uF New Comment=4u7
Change Component Comment : Designator=C18 Old Comment=22 uF New Comment=
Change Component Comment : Designator=R19 Old Comment=23.7 kOm New Comment=75
Change Component Comment : Designator=R11 Old Comment=23.7 kOm New Comment=124K
Change Component Comment : Designator=R27 Old Comment=29 kOm New Comment=1K
Change Component Comment : Designator=C25 Old Comment=33 uF New Comment=22u
Change Component Comment : Designator=R21 Old Comment=76.8 kOm New Comment=10K
Change Component Comment : Designator=R13 Old Comment=76.8 kOm New Comment=
Change Component Comment : Designator=R14 Old Comment=100 kOm New Comment=1K
Change Component Comment : Designator=R22 Old Comment=100 kOm New Comment=100K
Change Component Comment : Designator=R26 Old Comment=124 kOm New Comment=1K
Change Component Comment : Designator=R10 Old Comment=124 kOm New Comment=113K
Change Component Comment : Designator=R18 Old Comment=124 kOm New Comment=
Change Component Comment : Designator=R16 Old Comment=193.38 kOm New Comment=1K
Change Component Comment : Designator=R24 Old Comment=193.38 kOm New Comment=1K
Change Component Comment : Designator=C19 Old Comment=330 pF New Comment=22u
Change Component Comment : Designator=C12 Old Comment=330 pF New Comment=100n
Change Component Comment : Designator=C26 Old Comment=330 pF New Comment=100n
Change Component Comment : Designator=C1 Old Comment=Capacitor New Comment=4u7
Change Component Comment : Designator=C6 Old Comment=Capacitor New Comment=4u7
Change Component Comment : Designator=C4 Old Comment=Capacitor New Comment=100n
Change Component Comment : Designator=C7 Old Comment=Capacitor New Comment=100n
Change Component Comment : Designator=C5 Old Comment=T493B105K025BC6120 New Comment=22u
Change Component Comment : Designator=C2 Old Comment=T493B105K025BC6120 New Comment=100n
Change Component Comment : Designator=C3 Old Comment=T493B105K025BC6120 New Comment=220p
Change component parameters: Designator = "C1" ("C1"); Footprint = "C0603"; UniqueID = "\WCJXFSPT" ("\WCJXFSPT")
Change component parameters (AddParameter): Name = "Value"; Value = "4u7"; VariantName = "[No Variations]"
Change component parameters: Designator = "C2" ("C2"); Footprint = "CAPPM3528X210N"; UniqueID = "\EAYUGWLO" ("\EAYUGWLO")
Change component parameters (AddParameter): Name = "Value"; Value = "100n"; VariantName = "[No Variations]"
Change component parameters: Designator = "C3" ("C3"); Footprint = "CAPPM3528X210N"; UniqueID = "\QGVIJEDE" ("\QGVIJEDE")
Change component parameters (AddParameter): Name = "Value"; Value = "220p"; VariantName = "[No Variations]"
Change component parameters: Designator = "C4" ("C4"); Footprint = "C0603"; UniqueID = "\GFJDZDSV" ("\GFJDZDSV")
Change component parameters (AddParameter): Name = "Value"; Value = "100n"; VariantName = "[No Variations]"
Change component parameters: Designator = "C5" ("C5"); Footprint = "CAPPM3528X210N"; UniqueID = "\JHMJBQJL" ("\JHMJBQJL")
Change component parameters (AddParameter): Name = "Value"; Value = "22u"; VariantName = "[No Variations]"
Change component parameters: Designator = "C6" ("C6"); Footprint = "C0603"; UniqueID = "\IDDFQIHI" ("\IDDFQIHI")
Change component parameters (AddParameter): Name = "Value"; Value = "4u7"; VariantName = "[No Variations]"
Change component parameters: Designator = "C7" ("C7"); Footprint = "C0603"; UniqueID = "\WEABYGZW" ("\WEABYGZW")
Change component parameters (AddParameter): Name = "Value"; Value = "100n"; VariantName = "[No Variations]"
Change component parameters: Designator = "C8" ("C8"); Footprint = "C0603"; UniqueID = "\ZJVBEUZS" ("\ZJVBEUZS")
Change component parameters (AddParameter): Name = "Value"; Value = "220p"; VariantName = "[No Variations]"
Change component parameters: Designator = "C9" ("C9"); Footprint = "C0603"; UniqueID = "\HUKHYNXI" ("\HUKHYNXI")
Change component parameters (AddParameter): Name = "Value"; Value = "100n"; VariantName = "[No Variations]"
Change component parameters: Designator = "C10" ("C10"); Footprint = "C0603"; UniqueID = "\JQWSIYTV" ("\JQWSIYTV")
Change component parameters (AddParameter): Name = "Value"; Value = "22u"; VariantName = "[No Variations]"
Change component parameters: Designator = "C11" ("C11"); Footprint = "C0603"; UniqueID = "\MPSIJCHK" ("\MPSIJCHK")
Change component parameters (AddParameter): Name = "Value"; Value = "4u7"; VariantName = "[No Variations]"
Change component parameters: Designator = "C12" ("C12"); Footprint = "C0603"; UniqueID = "\YTDUJOYK" ("\YTDUJOYK")
Change component parameters (AddParameter): Name = "Value"; Value = "100n"; VariantName = "[No Variations]"
Change component parameters: Designator = "C13" ("C13"); Footprint = "C0603"; UniqueID = "\TZHWCUDS" ("\TZHWCUDS")
Change component parameters (AddParameter): Name = "Value"; Value = "220p"; VariantName = "[No Variations]"
Change component parameters: Designator = "C14" ("C14"); Footprint = "C0603"; UniqueID = "\UOTJHEBY" ("\UOTJHEBY")
Change component parameters (AddParameter): Name = "Value"; Value = "100n"; VariantName = "[No Variations]"
Change component parameters: Designator = "C15" ("C15"); Footprint = "C0603"; UniqueID = "\DESPTCMY" ("\DESPTCMY")
Change component parameters (AddParameter): Name = "Value"; Value = "22u"; VariantName = "[No Variations]"
Change component parameters: Designator = "C16" ("C16"); Footprint = "C0603"; UniqueID = "\LASSILSF" ("\LASSILSF")
Change component parameters (AddParameter): Name = "Value"; Value = ""; VariantName = "[No Variations]"
Change component parameters: Designator = "C17" ("C17"); Footprint = "C0603"; UniqueID = "\LAIYIXQJ" ("\LAIYIXQJ")
Change component parameters (AddParameter): Name = "Value"; Value = ""; VariantName = "[No Variations]"
Change component parameters: Designator = "C18" ("C18"); Footprint = "C0603"; UniqueID = "\UEKSLGDB" ("\UEKSLGDB")
Change component parameters (AddParameter): Name = "Value"; Value = ""; VariantName = "[No Variations]"
Change component parameters: Designator = "C19" ("C19"); Footprint = "C0603"; UniqueID = "\PAAAHLOX" ("\PAAAHLOX")
Change component parameters (AddParameter): Name = "Value"; Value = "22u"; VariantName = "[No Variations]"
Change component parameters: Designator = "C20" ("C20"); Footprint = "C0603"; UniqueID = "\DUOPNBGV" ("\DUOPNBGV")
Change component parameters (AddParameter): Name = "Value"; Value = "22u"; VariantName = "[No Variations]"
Change component parameters: Designator = "C21" ("C21"); Footprint = "C0603"; UniqueID = "\BSGBADSI" ("\BSGBADSI")
Change component parameters (AddParameter): Name = "Value"; Value = "100n"; VariantName = "[No Variations]"
Change component parameters: Designator = "C22" ("C22"); Footprint = "C0603"; UniqueID = "\WAERBMRS" ("\WAERBMRS")
Change component parameters (AddParameter): Name = "Value"; Value = "100n"; VariantName = "[No Variations]"
Change component parameters: Designator = "C23" ("C23"); Footprint = "C0603"; UniqueID = "\WIXYZLMI" ("\WIXYZLMI")
Change component parameters (AddParameter): Name = "Value"; Value = "100n"; VariantName = "[No Variations]"
Change component parameters: Designator = "C24" ("C24"); Footprint = "C0603"; UniqueID = "\KKGVLAJZ" ("\KKGVLAJZ")
Change component parameters (AddParameter): Name = "Value"; Value = "22u"; VariantName = "[No Variations]"
Change component parameters: Designator = "C25" ("C25"); Footprint = "C0603"; UniqueID = "\TOTUBFNP" ("\TOTUBFNP")
Change component parameters (AddParameter): Name = "Value"; Value = "22u"; VariantName = "[No Variations]"
Change component parameters: Designator = "C26" ("C26"); Footprint = "C0603"; UniqueID = "\CVWPYFUL" ("\CVWPYFUL")
Change component parameters (AddParameter): Name = "Value"; Value = "100n"; VariantName = "[No Variations]"
Change component parameters: Designator = "R1" ("R1"); Footprint = "R0603"; UniqueID = "\QYLFQLPH" ("\QYLFQLPH")
Change component parameters (AddParameter): Name = "Value"; Value = "23K7"; VariantName = "[No Variations]"
Change component parameters: Designator = "R2" ("R2"); Footprint = "R0603"; UniqueID = "\OSQHCLXM" ("\OSQHCLXM")
Change component parameters (AddParameter): Name = "Value"; Value = "133K"; VariantName = "[No Variations]"
Change component parameters: Designator = "R3" ("R3"); Footprint = "R0603"; UniqueID = "\ABHVELSM" ("\ABHVELSM")
Change component parameters (AddParameter): Name = "Value"; Value = "124K"; VariantName = "[No Variations]"
Change component parameters: Designator = "R4" ("R4"); Footprint = "R0603"; UniqueID = "\RVAISPQF" ("\RVAISPQF")
Change component parameters (AddParameter): Name = "Value"; Value = "57K6"; VariantName = "[No Variations]"
Change component parameters: Designator = "R5" ("R5"); Footprint = "R0603"; UniqueID = "\QYKTNOHK" ("\QYKTNOHK")
Change component parameters (AddParameter): Name = "Value"; Value = "29K4"; VariantName = "[No Variations]"
Change component parameters: Designator = "R6" ("R6"); Footprint = "R0603"; UniqueID = "\CIAXVZIE" ("\CIAXVZIE")
Change component parameters (AddParameter): Name = "Value"; Value = "113K"; VariantName = "[No Variations]"
Change component parameters: Designator = "R7" ("R7"); Footprint = "R0603"; UniqueID = "\LXCSBYJW" ("\LXCSBYJW")
Change component parameters (AddParameter): Name = "Value"; Value = "124K"; VariantName = "[No Variations]"
Change component parameters: Designator = "R8" ("R8"); Footprint = "R0603"; UniqueID = "\MCSGWYKV" ("\MCSGWYKV")
Change component parameters (AddParameter): Name = "Value"; Value = "57.6"; VariantName = "[No Variations]"
Change component parameters: Designator = "R9" ("R9"); Footprint = "R0603"; UniqueID = "\UZOJYTUY" ("\UZOJYTUY")
Change component parameters (AddParameter): Name = "Value"; Value = "23K7"; VariantName = "[No Variations]"
Change component parameters: Designator = "R10" ("R10"); Footprint = "R0603"; UniqueID = "\HWBABSAB" ("\HWBABSAB")
Change component parameters (AddParameter): Name = "Value"; Value = "113K"; VariantName = "[No Variations]"
Change component parameters: Designator = "R11" ("R11"); Footprint = "R0603"; UniqueID = "\TDYZMGSN" ("\TDYZMGSN")
Change component parameters (AddParameter): Name = "Value"; Value = "124K"; VariantName = "[No Variations]"
Change component parameters: Designator = "R12" ("R12"); Footprint = "R0603"; UniqueID = "\EEFOSVGW" ("\EEFOSVGW")
Change component parameters (AddParameter): Name = "Value"; Value = "57.6"; VariantName = "[No Variations]"
Change component parameters: Designator = "R13" ("R13"); Footprint = "R0603"; UniqueID = "\OOQJJDDV" ("\OOQJJDDV")
Change component parameters (AddParameter): Name = "Value"; Value = ""; VariantName = "[No Variations]"
Change component parameters: Designator = "R14" ("R14"); Footprint = "R0603"; UniqueID = "\ROGEIEZY" ("\ROGEIEZY")
Change component parameters (AddParameter): Name = "Value"; Value = "1K"; VariantName = "[No Variations]"
Change component parameters: Designator = "R15" ("R15"); Footprint = "R0603"; UniqueID = "\GLTPYMWB" ("\GLTPYMWB")
Change component parameters (AddParameter): Name = "Value"; Value = "1K"; VariantName = "[No Variations]"
Change component parameters: Designator = "R16" ("R16"); Footprint = "R0603"; UniqueID = "\UDFKDRZT" ("\UDFKDRZT")
Change component parameters (AddParameter): Name = "Value"; Value = "1K"; VariantName = "[No Variations]"
Change component parameters: Designator = "R17" ("R17"); Footprint = "R0603"; UniqueID = "\RPBECRBL" ("\RPBECRBL")
Change component parameters (AddParameter): Name = "Value"; Value = "75"; VariantName = "[No Variations]"
Change component parameters: Designator = "R18" ("R18"); Footprint = "R0603"; UniqueID = "\BUFQROHC" ("\BUFQROHC")
Change component parameters (AddParameter): Name = "Value"; Value = ""; VariantName = "[No Variations]"
Change component parameters: Designator = "R19" ("R19"); Footprint = "R0603"; UniqueID = "\FGHEKBJT" ("\FGHEKBJT")
Change component parameters (AddParameter): Name = "Value"; Value = "75"; VariantName = "[No Variations]"
Change component parameters: Designator = "R20" ("R20"); Footprint = "R0603"; UniqueID = "\PZVBEMFH" ("\PZVBEMFH")
Change component parameters (AddParameter): Name = "Value"; Value = "10K"; VariantName = "[No Variations]"
Change component parameters: Designator = "R21" ("R21"); Footprint = "R0603"; UniqueID = "\PUNOJEBF" ("\PUNOJEBF")
Change component parameters (AddParameter): Name = "Value"; Value = "10K"; VariantName = "[No Variations]"
Change component parameters: Designator = "R22" ("R22"); Footprint = "R0603"; UniqueID = "\TWXWMDRK" ("\TWXWMDRK")
Change component parameters (AddParameter): Name = "Value"; Value = "100K"; VariantName = "[No Variations]"
Change component parameters: Designator = "R23" ("R23"); Footprint = "R0603"; UniqueID = "\BOJKRKEH" ("\BOJKRKEH")
Change component parameters (AddParameter): Name = "Value"; Value = "1K"; VariantName = "[No Variations]"
Change component parameters: Designator = "R24" ("R24"); Footprint = "R0603"; UniqueID = "\WGANRIOS" ("\WGANRIOS")
Change component parameters (AddParameter): Name = "Value"; Value = "1K"; VariantName = "[No Variations]"
Change component parameters: Designator = "R25" ("R25"); Footprint = "R0603"; UniqueID = "\AJDXUHWD" ("\AJDXUHWD")
Change component parameters (AddParameter): Name = "Value"; Value = "0R001"; VariantName = "[No Variations]"
Change component parameters: Designator = "R26" ("R26"); Footprint = "R0603"; UniqueID = "\GQSZSJIR" ("\GQSZSJIR")
Change component parameters (AddParameter): Name = "Value"; Value = "1K"; VariantName = "[No Variations]"
Change component parameters: Designator = "R27" ("R27"); Footprint = "R0603"; UniqueID = "\MVKEJQSB" ("\MVKEJQSB")
Change component parameters (AddParameter): Name = "Value"; Value = "1K"; VariantName = "[No Variations]"
Change component parameters: Designator = "R28" ("R28"); Footprint = "R0603"; UniqueID = "\SLODFOBL" ("\SLODFOBL")
Change component parameters (AddParameter): Name = "Value"; Value = "1K"; VariantName = "[No Variations]"
Added Component: Designator=L1(ћ»-3)
Add component (AddParameter): Name = "Value"; Value = "4u7"; VariantName = "[No Variations]"
Added Component: Designator=L2(ћ»-3)
Add component (AddParameter): Name = "Value"; Value = "4u7"; VariantName = "[No Variations]"
Added Component: Designator=L3(ћ»-3)
Add component (AddParameter): Name = "Value"; Value = "4u7"; VariantName = "[No Variations]"
Added Component: Designator=U1(SOIC127P600X170-9N)
Add component (AddParameter): Name = "Value"; Value = "MP1584EN"; VariantName = "[No Variations]"
Added Component: Designator=U2(SOIC127P600X170-9N)
Add component (AddParameter): Name = "Value"; Value = "MP1584EN"; VariantName = "[No Variations]"
Added Component: Designator=U3(SOIC127P600X170-9N)
Add component (AddParameter): Name = "Value"; Value = "MP1584EN"; VariantName = "[No Variations]"
Added Component: Designator=U4(SOT-428)
Add component (AddParameter): Name = "Value"; Value = " ‘1158Ќ3.3¬"; VariantName = "[No Variations]"
Added Component: Designator=U5(at7456)
Add component (AddParameter): Name = "Value"; Value = "AT7456"; VariantName = "[No Variations]"
Added Component: Designator=VD1(DO-214AC)
Add component (AddParameter): Name = "Published"; Value = "18.05.2010"; VariantName = "[No Variations]"
Add component (AddParameter): Name = "Publisher"; Value = "Andrew Danich"; VariantName = "[No Variations]"
Add component (AddParameter): Name = "Type"; Value = "ƒиод"; VariantName = "[No Variations]"
Add component (AddParameter): Name = "Value"; Value = "SS3P4"; VariantName = "[No Variations]"
Added Component: Designator=VD2(DO-214AC)
Add component (AddParameter): Name = "Published"; Value = "18.05.2010"; VariantName = "[No Variations]"
Add component (AddParameter): Name = "Publisher"; Value = "Andrew Danich"; VariantName = "[No Variations]"
Add component (AddParameter): Name = "Type"; Value = "ƒиод"; VariantName = "[No Variations]"
Add component (AddParameter): Name = "Value"; Value = "SS3P4"; VariantName = "[No Variations]"
Added Component: Designator=VD3(DO-214AC)
Add component (AddParameter): Name = "Published"; Value = "18.05.2010"; VariantName = "[No Variations]"
Add component (AddParameter): Name = "Publisher"; Value = "Andrew Danich"; VariantName = "[No Variations]"
Add component (AddParameter): Name = "Type"; Value = "ƒиод"; VariantName = "[No Variations]"
Add component (AddParameter): Name = "Value"; Value = "SS3P4"; VariantName = "[No Variations]"
Added Component: Designator=VD4(DO-214AA)
Add component (AddParameter): Name = "Published"; Value = "18.05.2010"; VariantName = "[No Variations]"
Add component (AddParameter): Name = "Publisher"; Value = "Andrew Danich"; VariantName = "[No Variations]"
Add component (AddParameter): Name = "Type"; Value = "ƒиод"; VariantName = "[No Variations]"
Add component (AddParameter): Name = "Value"; Value = ""; VariantName = "[No Variations]"
Added Component: Designator=X1(PicoBlade 4pin)
Add component (AddParameter): Name = "Value"; Value = "Molex Picoblade 0532610471"; VariantName = "[No Variations]"
Added Component: Designator=X2(PicoBlade 3pin)
Add component (AddParameter): Name = "Value"; Value = "Molex Picoblade 0532610371"; VariantName = "[No Variations]"
Added Component: Designator=X3(Headr 2x20 male)
Add component (AddParameter): Name = "Value"; Value = "PLLD-1.27-40S"; VariantName = "[No Variations]"
Added Component: Designator=X4(Headr 2x20 male)
Add component (AddParameter): Name = "Value"; Value = "PLLD-1.27-40S"; VariantName = "[No Variations]"
Added Component: Designator=X5(PicoBlade 4pin)
Add component (AddParameter): Name = "Value"; Value = "Molex Picoblade 0532610471"; VariantName = "[No Variations]"
Added Component: Designator=X6(PicoBlade 3pin)
Add component (AddParameter): Name = "Value"; Value = "Molex Picoblade 0532610371"; VariantName = "[No Variations]"
Added Component: Designator=X7(PicoBlade 4pin)
Add component (AddParameter): Name = "Value"; Value = "Molex Picoblade 0532610471"; VariantName = "[No Variations]"
Added Component: Designator=X8(PicoBlade 6pin)
Add component (AddParameter): Name = "Value"; Value = "Molex Picoblade 0532610671"; VariantName = "[No Variations]"
Added Component: Designator=X9(Headr 2x20 male)
Add component (AddParameter): Name = "Value"; Value = "PLLD-1.27-40S"; VariantName = "[No Variations]"
Added Component: Designator=X10(Headr 2x20 male)
Add component (AddParameter): Name = "Value"; Value = "PLLD-1.27-40S"; VariantName = "[No Variations]"
Added Component: Designator=X11(PicoBlade 4pin)
Add component (AddParameter): Name = "Value"; Value = "Molex Picoblade 0532610471"; VariantName = "[No Variations]"
Added Component: Designator=X12(PicoBlade 6pin)
Add component (AddParameter): Name = "Value"; Value = "Molex Picoblade 0532610671"; VariantName = "[No Variations]"
Added Component: Designator=X13(PicoBlade 4pin)
Add component (AddParameter): Name = "Value"; Value = "Molex Picoblade 0532610471"; VariantName = "[No Variations]"
Added Component: Designator=X14(PicoBlade 6pin)
Add component (AddParameter): Name = "Value"; Value = "Molex Picoblade 0532610671"; VariantName = "[No Variations]"
Added Component: Designator=X15(PicoBlade 4pin)
Add component (AddParameter): Name = "Value"; Value = "Molex Picoblade 0532610471"; VariantName = "[No Variations]"
Added Component: Designator=X16(PicoBlade 6pin)
Add component (AddParameter): Name = "Value"; Value = "Molex Picoblade 0532610671"; VariantName = "[No Variations]"
Added Component: Designator=X17(SERV)
Add component (AddParameter): Name = "Value"; Value = ""; VariantName = "[No Variations]"
Added Component: Designator=X18(SERV)
Add component (AddParameter): Name = "Value"; Value = ""; VariantName = "[No Variations]"
Added Component: Designator=X19(PicoBlade 4pin)
Add component (AddParameter): Name = "Value"; Value = "Molex Picoblade 0532610471"; VariantName = "[No Variations]"
Added Component: Designator=X20(SERV)
Add component (AddParameter): Name = "Value"; Value = ""; VariantName = "[No Variations]"
Added Component: Designator=X21(HRO_TYPE-C-31-M-12)
Add component (AddParameter): Name = "Value"; Value = "TYPE-C-31-M-12"; VariantName = "[No Variations]"
Added Component: Designator=X22(AMASS_XT60PW-M)
Add component (AddParameter): Name = "Value"; Value = "Amass XT-60-PW-M"; VariantName = "[No Variations]"
Added Component: Designator=X23(PicoBlade 7pin)
Add component (AddParameter): Name = "Value"; Value = "Molex Picoblade 0532610771"; VariantName = "[No Variations]"
Add Component: Footprint Not Found AMASS_XT60PW-F
Added Component: Designator=Z1(XTAL_NX5032GA-8.000M-STD-CSU-1)
Add component (AddParameter): Name = "Value"; Value = "27MHz"; VariantName = "[No Variations]"
Added Pin To Net: NetName=5V Pin=C1-1
Added Pin To Net: NetName=GND Pin=C1-2
Added Pin To Net: NetName=5V Pin=C2-1
Added Pin To Net: NetName=GND Pin=C2-2
Added Pin To Net: NetName=5V Pin=C3-2
Added Pin To Net: NetName=5V Pin=C5-1
Added Pin To Net: NetName=5V Pin=C8-2
Added Pin To Net: NetName=5V Pin=C10-1
Added Pin To Net: NetName=4V2 Pin=C10-2
Added Pin To Net: NetName=5V Pin=C12-1
Added Pin To Net: NetName=5V Pin=C13-2
Added Pin To Net: NetName=5V Pin=C15-1
Added Pin To Net: NetName=5V Pin=C16-1
Added Pin To Net: NetName=5V Pin=C17-1
Added Pin To Net: NetName=3V3 Pin=C17-2
Added Pin To Net: NetName=NetC19_1 Pin=C20-1
Added Pin To Net: NetName=5V Pin=C21-2
Added Pin To Net: NetName=5V Pin=C22-2
Added Pin To Net: NetName=5V Pin=C23-2
Added Pin To Net: NetName=5V Pin=C24-1
Added Pin To Net: NetName=GND Pin=C24-2
Added Pin To Net: NetName=5V Pin=C25-1
Added Pin To Net: NetName=NetC9_1 Pin=L2-1
Added Pin To Net: NetName=4V2 Pin=L2-2
Added Pin To Net: NetName=5V Pin=R4-1
Added Pin To Net: NetName=NetC8_1 Pin=R6-2
Added Pin To Net: NetName=4V2 Pin=R7-1
Added Pin To Net: NetName=5V Pin=R8-1
Added Pin To Net: NetName=NetC13_1 Pin=R10-2
Added Pin To Net: NetName=5V Pin=R12-1
Added Pin To Net: NetName=5V Pin=R13-2
Added Pin To Net: NetName=5V Pin=R17-1
Added Pin To Net: NetName=5V Pin=R18-2
Added Pin To Net: NetName=NetC19_1 Pin=R19-1
Added Pin To Net: NetName=5V Pin=R20-2
Added Pin To Net: NetName=GND Pin=R22-1
Added Pin To Net: NetName=5V Pin=R23-1
Added Pin To Net: NetName=NetC26_1 Pin=R23-2
Added Pin To Net: NetName=NetC26_1 Pin=R24-1
Added Pin To Net: NetName=5V Pin=R25-1
Added Pin To Net: NetName=5V Pin=R26-2
Added Pin To Net: NetName=5V Pin=R27-2
Added Pin To Net: NetName=GND Pin=U1-2
Added Pin To Net: NetName=5V Pin=U1-4
Added Pin To Net: NetName=GND Pin=U1-5
Added Pin To Net: NetName=5V Pin=U1-9
Added Pin To Net: NetName=NetC9_2 Pin=U2-1
Added Pin To Net: NetName=GND Pin=U2-2
Added Pin To Net: NetName=NetC9_1 Pin=U2-3
Added Pin To Net: NetName=5V Pin=U2-4
Added Pin To Net: NetName=GND Pin=U2-5
Added Pin To Net: NetName=5V Pin=U2-9
Added Pin To Net: NetName=GND Pin=U3-2
Added Pin To Net: NetName=5V Pin=U3-4
Added Pin To Net: NetName=GND Pin=U3-5
Added Pin To Net: NetName=5V Pin=U3-9
Added Pin To Net: NetName=5V Pin=U4-2
Added Pin To Net: NetName=3V3 Pin=U4-3
Add Pin To Net: Unknown Pin: Pin U4-4
Added Pin To Net: NetName=5V Pin=U5-4
Added Pin To Net: NetName=5V Pin=U5-20
Added Pin To Net: NetName=5V Pin=U5-23
Add Pin To Net: Unknown Pin: Pin U10-3
Add Pin To Net: Unknown Pin: Pin U10-4
Add Pin To Net: Unknown Pin: Pin U10-7
Added Pin To Net: NetName=5V Pin=VD1-1
Added Pin To Net: NetName=5V Pin=VD2-1
Added Pin To Net: NetName=NetC9_1 Pin=VD2-2
Added Pin To Net: NetName=5V Pin=VD3-1
Added Pin To Net: NetName=5V Pin=VD4-1
Added Pin To Net: NetName=GND Pin=VD4-2
Added Pin To Net: NetName=5V Pin=X1-4
Added Pin To Net: NetName=5V Pin=X2-3
Added Pin To Net: NetName=GND Pin=X3-1
Added Pin To Net: NetName=GND Pin=X3-2
Added Pin To Net: NetName=GND Pin=X3-3
Added Pin To Net: NetName=GND Pin=X3-4
Added Pin To Net: NetName=GND Pin=X3-5
Added Pin To Net: NetName=GND Pin=X3-6
Added Pin To Net: NetName=3V3 Pin=X3-9
Added Pin To Net: NetName=3V3 Pin=X3-10
Added Pin To Net: NetName=4V2 Pin=X3-11
Added Pin To Net: NetName=4V2 Pin=X3-12
Added Pin To Net: NetName=4V2 Pin=X3-13
Added Pin To Net: NetName=4V2 Pin=X3-14
Added Pin To Net: NetName=5V Pin=X3-37
Added Pin To Net: NetName=5V Pin=X3-38
Added Pin To Net: NetName=5V Pin=X3-39
Added Pin To Net: NetName=5V Pin=X3-40
Added Pin To Net: NetName=5V Pin=X4-1
Added Pin To Net: NetName=5V Pin=X4-2
Added Pin To Net: NetName=5V Pin=X4-3
Added Pin To Net: NetName=5V Pin=X4-4
Added Pin To Net: NetName=5V Pin=X4-5
Added Pin To Net: NetName=5V Pin=X4-6
Added Pin To Net: NetName=5V Pin=X4-37
Added Pin To Net: NetName=5V Pin=X4-38
Added Pin To Net: NetName=5V Pin=X4-39
Added Pin To Net: NetName=5V Pin=X4-40
Added Pin To Net: NetName=5V Pin=X5-4
Added Pin To Net: NetName=GND Pin=X6-1
Added Pin To Net: NetName=5V Pin=X6-3
Added Pin To Net: NetName=5V Pin=X7-4
Added Pin To Net: NetName=5V Pin=X8-4
Added Pin To Net: NetName=5V Pin=X8-5
Added Pin To Net: NetName=5V Pin=X8-6
Added Pin To Net: NetName=5V Pin=X9-1
Added Pin To Net: NetName=5V Pin=X9-2
Added Pin To Net: NetName=5V Pin=X9-3
Added Pin To Net: NetName=5V Pin=X9-4
Added Pin To Net: NetName=5V Pin=X9-10
Added Pin To Net: NetName=5V Pin=X9-12
Added Pin To Net: NetName=5V Pin=X9-35
Added Pin To Net: NetName=5V Pin=X9-36
Added Pin To Net: NetName=5V Pin=X9-37
Added Pin To Net: NetName=5V Pin=X9-38
Added Pin To Net: NetName=5V Pin=X9-39
Added Pin To Net: NetName=5V Pin=X9-40
Added Pin To Net: NetName=5V Pin=X10-1
Added Pin To Net: NetName=5V Pin=X10-2
Added Pin To Net: NetName=5V Pin=X10-3
Added Pin To Net: NetName=5V Pin=X10-4
Added Pin To Net: NetName=5V Pin=X10-14
Added Pin To Net: NetName=5V Pin=X10-16
Added Pin To Net: NetName=4V2 Pin=X10-27
Added Pin To Net: NetName=4V2 Pin=X10-28
Added Pin To Net: NetName=4V2 Pin=X10-29
Added Pin To Net: NetName=4V2 Pin=X10-30
Added Pin To Net: NetName=3V3 Pin=X10-31
Added Pin To Net: NetName=3V3 Pin=X10-32
Added Pin To Net: NetName=GND Pin=X10-35
Added Pin To Net: NetName=GND Pin=X10-36
Added Pin To Net: NetName=GND Pin=X10-37
Added Pin To Net: NetName=GND Pin=X10-38
Added Pin To Net: NetName=GND Pin=X10-39
Added Pin To Net: NetName=GND Pin=X10-40
Added Pin To Net: NetName=5V Pin=X11-4
Added Pin To Net: NetName=5V Pin=X12-4
Added Pin To Net: NetName=5V Pin=X12-5
Added Pin To Net: NetName=5V Pin=X12-6
Added Pin To Net: NetName=5V Pin=X13-4
Added Pin To Net: NetName=5V Pin=X15-4
Added Pin To Net: NetName=5V Pin=X18-1
Added Pin To Net: NetName=5V Pin=X18-2
Added Pin To Net: NetName=5V Pin=X18-3
Added Pin To Net: NetName=5V Pin=X18-4
Added Pin To Net: NetName=5V Pin=X18-5
Added Pin To Net: NetName=5V Pin=X18-6
Added Pin To Net: NetName=5V Pin=X18-7
Added Pin To Net: NetName=5V Pin=X18-8
Added Pin To Net: NetName=5V Pin=X18-9
Added Pin To Net: NetName=5V Pin=X18-10
Added Pin To Net: NetName=5V Pin=X18-11
Added Pin To Net: NetName=5V Pin=X18-12
Added Pin To Net: NetName=5V Pin=X18-13
Added Pin To Net: NetName=5V Pin=X19-4
Added Pin To Net: NetName=5V Pin=X21-A1_B12
Added Pin To Net: NetName=5V Pin=X21-B1_A12
Added Pin To Net: NetName=GND Pin=X22-1
Added Pin To Net: NetName=5V Pin=X22-2
Added Pin To Net: NetName=5V Pin=X23-7
Add Pin To Net: Unknown Pin: Pin X24-1
Change Net Name : Old Net Name=5V New Net Name=GND
Change Net Name : Old Net Name=GND New Net Name=VCC
Added Pin To Net: NetName=5V Pin=C5-2
Added Pin To Net: NetName=5V Pin=C16-2
Added Pin To Net: NetName=5V Pin=C21-1
Added Pin To Net: NetName=5V Pin=C22-1
Added Pin To Net: NetName=5V Pin=C23-1
Added Pin To Net: NetName=5V Pin=L1-2
Added Pin To Net: NetName=5V Pin=R3-1
Added Pin To Net: NetName=5V Pin=R14-1
Added Pin To Net: NetName=5V Pin=R15-1
Added Pin To Net: NetName=5V Pin=R16-1
Added Pin To Net: NetName=5V Pin=R21-2
Added Pin To Net: NetName=5V Pin=U4-1
Added Pin To Net: NetName=5V Pin=U5-3
Added Pin To Net: NetName=5V Pin=U5-21
Added Pin To Net: NetName=5V Pin=U5-24
Added Pin To Net: NetName=5V Pin=X1-1
Added Pin To Net: NetName=5V Pin=X2-1
Added Pin To Net: NetName=5V Pin=X3-7
Added Pin To Net: NetName=5V Pin=X3-8
Added Pin To Net: NetName=5V Pin=X5-1
Added Pin To Net: NetName=5V Pin=X7-1
Added Pin To Net: NetName=5V Pin=X8-1
Added Pin To Net: NetName=5V Pin=X10-33
Added Pin To Net: NetName=5V Pin=X10-34
Added Pin To Net: NetName=5V Pin=X11-1
Added Pin To Net: NetName=5V Pin=X12-1
Added Pin To Net: NetName=5V Pin=X13-1
Added Pin To Net: NetName=5V Pin=X14-1
Added Pin To Net: NetName=5V Pin=X15-1
Added Pin To Net: NetName=5V Pin=X19-1
Added Pin To Net: NetName=5V Pin=X21-A4_B9
Added Pin To Net: NetName=5V Pin=X21-B4_A9
Added Pin To Net: NetName=5V Pin=X23-1
Added Net: Name=5V
Added Pin To Net: NetName=NetC3_1 Pin=C3-1
Added Pin To Net: NetName=NetC3_1 Pin=R2-2
Added Net: Name=NetC3_1
Added Pin To Net: NetName=NetC4_1 Pin=C4-1
Added Pin To Net: NetName=NetC4_1 Pin=L1-1
Added Pin To Net: NetName=NetC4_1 Pin=U1-3
Added Pin To Net: NetName=NetC4_1 Pin=VD1-2
Added Net: Name=NetC4_1
Added Pin To Net: NetName=NetC4_2 Pin=C4-2
Added Pin To Net: NetName=NetC4_2 Pin=U1-1
Added Net: Name=NetC4_2
Added Pin To Net: NetName=NetC14_1 Pin=C14-1
Added Pin To Net: NetName=NetC14_1 Pin=L3-1
Added Pin To Net: NetName=NetC14_1 Pin=U3-3
Added Pin To Net: NetName=NetC14_1 Pin=VD3-2
Added Net: Name=NetC14_1
Added Pin To Net: NetName=NetC14_2 Pin=C14-2
Added Pin To Net: NetName=NetC14_2 Pin=U3-1
Added Net: Name=NetC14_2
Added Pin To Net: NetName=NetC18_1 Pin=C18-1
Added Pin To Net: NetName=NetC18_1 Pin=R17-2
Added Pin To Net: NetName=NetC18_1 Pin=X2-2
Added Net: Name=NetC18_1
Added Pin To Net: NetName=NetC18_2 Pin=C18-2
Added Pin To Net: NetName=NetC18_2 Pin=U5-22
Added Net: Name=NetC18_2
Added Pin To Net: NetName=NetC19_2 Pin=C19-2
Added Pin To Net: NetName=NetC19_2 Pin=U5-26
Added Net: Name=NetC19_2
Added Pin To Net: NetName=NetC20_2 Pin=C20-2
Added Pin To Net: NetName=NetC20_2 Pin=U5-25
Added Net: Name=NetC20_2
Added Pin To Net: NetName=NetC26_2 Pin=C26-2
Added Pin To Net: NetName=NetC26_2 Pin=R26-1
Added Pin To Net: NetName=NetC26_2 Pin=R28-1
Added Net: Name=NetC26_2
Added Pin To Net: NetName=NetR1_1 Pin=R1-1
Added Pin To Net: NetName=NetR1_1 Pin=R3-2
Added Pin To Net: NetName=NetR1_1 Pin=U1-6
Added Net: Name=NetR1_1
Added Pin To Net: NetName=NetR2_1 Pin=R2-1
Added Pin To Net: NetName=NetR2_1 Pin=U1-7
Added Net: Name=NetR2_1
Added Pin To Net: NetName=NetR4_2 Pin=R4-2
Added Pin To Net: NetName=NetR4_2 Pin=U1-8
Added Net: Name=NetR4_2
Added Pin To Net: NetName=NetR5_1 Pin=R5-1
Added Pin To Net: NetName=NetR5_1 Pin=R7-2
Added Pin To Net: NetName=NetR5_1 Pin=U2-6
Added Net: Name=NetR5_1
Added Pin To Net: NetName=NetR6_1 Pin=R6-1
Added Pin To Net: NetName=NetR6_1 Pin=U2-7
Added Net: Name=NetR6_1
Added Pin To Net: NetName=NetR8_2 Pin=R8-2
Added Pin To Net: NetName=NetR8_2 Pin=U2-8
Added Net: Name=NetR8_2
Added Pin To Net: NetName=NetR9_1 Pin=R9-1
Added Pin To Net: NetName=NetR9_1 Pin=R11-2
Added Pin To Net: NetName=NetR9_1 Pin=U3-6
Added Net: Name=NetR9_1
Added Pin To Net: NetName=NetR10_1 Pin=R10-1
Added Pin To Net: NetName=NetR10_1 Pin=U3-7
Added Net: Name=NetR10_1
Added Pin To Net: NetName=NetR12_2 Pin=R12-2
Added Pin To Net: NetName=NetR12_2 Pin=U3-8
Added Net: Name=NetR12_2
Added Pin To Net: NetName=NetR13_1 Pin=R13-1
Added Pin To Net: NetName=NetR13_1 Pin=X21-A5
Added Net: Name=NetR13_1
Added Pin To Net: NetName=NetR14_2 Pin=R14-2
Added Pin To Net: NetName=NetR14_2 Pin=U5-18
Added Net: Name=NetR14_2
Added Pin To Net: NetName=NetR15_2 Pin=R15-2
Added Pin To Net: NetName=NetR15_2 Pin=U5-17
Added Net: Name=NetR15_2
Added Pin To Net: NetName=NetR16_2 Pin=R16-2
Added Pin To Net: NetName=NetR16_2 Pin=U5-12
Added Net: Name=NetR16_2
Added Pin To Net: NetName=NetR18_1 Pin=R18-1
Added Pin To Net: NetName=NetR18_1 Pin=X21-B5
Added Net: Name=NetR18_1
Added Pin To Net: NetName=NetR19_2 Pin=R19-2
Added Pin To Net: NetName=NetR19_2 Pin=X6-2
Added Net: Name=NetR19_2
Added Pin To Net: NetName=NetR20_1 Pin=R20-1
Added Pin To Net: NetName=NetR20_1 Pin=R22-2
Added Pin To Net: NetName=NetR20_1 Pin=X10-17
Added Net: Name=NetR20_1
Added Pin To Net: NetName=NetR21_1 Pin=R21-1
Added Pin To Net: NetName=NetR21_1 Pin=U5-19
Added Net: Name=NetR21_1
Added Pin To Net: NetName=NetR24_2 Pin=R24-2
Added Pin To Net: NetName=NetR24_2 Pin=R25-2
Added Net: Name=NetR24_2
Added Pin To Net: NetName=NetR27_1 Pin=R27-1
Added Net: Name=NetR27_1
Added Pin To Net: NetName=NetR28_2 Pin=R28-2
Added Pin To Net: NetName=NetR28_2 Pin=X10-15
Added Net: Name=NetR28_2
Added Pin To Net: NetName=NetU5_5 Pin=U5-5
Added Pin To Net: NetName=NetU5_5 Pin=Z1-2
Added Net: Name=NetU5_5
Added Pin To Net: NetName=NetU5_6 Pin=U5-6
Added Pin To Net: NetName=NetU5_6 Pin=Z1-1
Added Net: Name=NetU5_6
Added Pin To Net: NetName=NetU5_8 Pin=U5-8
Added Pin To Net: NetName=NetU5_8 Pin=X3-24
Added Net: Name=NetU5_8
Added Pin To Net: NetName=NetU5_9 Pin=U5-9
Added Pin To Net: NetName=NetU5_9 Pin=X3-18
Added Net: Name=NetU5_9
Added Pin To Net: NetName=NetU5_10 Pin=U5-10
Added Pin To Net: NetName=NetU5_10 Pin=X3-22
Added Net: Name=NetU5_10
Added Pin To Net: NetName=NetU5_11 Pin=U5-11
Added Pin To Net: NetName=NetU5_11 Pin=X3-20
Added Net: Name=NetU5_11
Added Pin To Net: NetName=NetX1_2 Pin=X1-2
Added Pin To Net: NetName=NetX1_2 Pin=X9-27
Added Net: Name=NetX1_2
Added Pin To Net: NetName=NetX1_3 Pin=X1-3
Added Pin To Net: NetName=NetX1_3 Pin=X9-29
Added Net: Name=NetX1_3
Added Pin To Net: NetName=NetX3_17 Pin=X3-17
Added Pin To Net: NetName=NetX3_17 Pin=X5-2
Added Net: Name=NetX3_17
Added Pin To Net: NetName=NetX3_19 Pin=X3-19
Added Pin To Net: NetName=NetX3_19 Pin=X5-3
Added Net: Name=NetX3_19
Added Pin To Net: NetName=NetX3_25 Pin=X3-25
Added Pin To Net: NetName=NetX3_25 Pin=X23-2
Added Net: Name=NetX3_25
Added Pin To Net: NetName=NetX3_27 Pin=X3-27
Added Pin To Net: NetName=NetX3_27 Pin=X23-3
Added Net: Name=NetX3_27
Added Pin To Net: NetName=NetX3_29 Pin=X3-29
Added Pin To Net: NetName=NetX3_29 Pin=X23-4
Added Net: Name=NetX3_29
Added Pin To Net: NetName=NetX3_31 Pin=X3-31
Added Pin To Net: NetName=NetX3_31 Pin=X23-5
Added Net: Name=NetX3_31
Added Pin To Net: NetName=NetX3_33 Pin=X3-33
Added Pin To Net: NetName=NetX3_33 Pin=X23-6
Added Net: Name=NetX3_33
Added Pin To Net: NetName=NetX4_7 Pin=X4-7
Added Pin To Net: NetName=NetX4_7 Pin=X20-1
Added Net: Name=NetX4_7
Added Pin To Net: NetName=NetX4_8 Pin=X4-8
Added Pin To Net: NetName=NetX4_8 Pin=X16-1
Added Net: Name=NetX4_8
Added Pin To Net: NetName=NetX4_9 Pin=X4-9
Added Pin To Net: NetName=NetX4_9 Pin=X20-2
Added Net: Name=NetX4_9
Added Pin To Net: NetName=NetX4_10 Pin=X4-10
Added Pin To Net: NetName=NetX4_10 Pin=X16-2
Added Net: Name=NetX4_10
Added Pin To Net: NetName=NetX4_11 Pin=X4-11
Added Pin To Net: NetName=NetX4_11 Pin=X20-3
Added Net: Name=NetX4_11
Added Pin To Net: NetName=NetX4_12 Pin=X4-12
Added Pin To Net: NetName=NetX4_12 Pin=X16-3
Added Net: Name=NetX4_12
Added Pin To Net: NetName=NetX4_13 Pin=X4-13
Added Pin To Net: NetName=NetX4_13 Pin=X20-4
Added Net: Name=NetX4_13
Added Pin To Net: NetName=NetX4_14 Pin=X4-14
Added Pin To Net: NetName=NetX4_14 Pin=X16-4
Added Net: Name=NetX4_14
Added Pin To Net: NetName=NetX4_15 Pin=X4-15
Added Pin To Net: NetName=NetX4_15 Pin=X20-5
Added Net: Name=NetX4_15
Added Pin To Net: NetName=NetX4_16 Pin=X4-16
Added Pin To Net: NetName=NetX4_16 Pin=X16-5
Added Net: Name=NetX4_16
Added Pin To Net: NetName=NetX4_17 Pin=X4-17
Added Pin To Net: NetName=NetX4_17 Pin=X20-6
Added Net: Name=NetX4_17
Added Pin To Net: NetName=NetX4_18 Pin=X4-18
Added Pin To Net: NetName=NetX4_18 Pin=X16-6
Added Net: Name=NetX4_18
Added Pin To Net: NetName=NetX4_19 Pin=X4-19
Added Pin To Net: NetName=NetX4_19 Pin=X20-7
Added Net: Name=NetX4_19
Added Pin To Net: NetName=NetX4_21 Pin=X4-21
Added Pin To Net: NetName=NetX4_21 Pin=X20-8
Added Net: Name=NetX4_21
Added Pin To Net: NetName=NetX4_23 Pin=X4-23
Added Pin To Net: NetName=NetX4_23 Pin=X20-9
Added Net: Name=NetX4_23
Added Pin To Net: NetName=NetX4_24 Pin=X4-24
Added Pin To Net: NetName=NetX4_24 Pin=X15-2
Added Net: Name=NetX4_24
Added Pin To Net: NetName=NetX4_25 Pin=X4-25
Added Pin To Net: NetName=NetX4_25 Pin=X20-10
Added Net: Name=NetX4_25
Added Pin To Net: NetName=NetX4_26 Pin=X4-26
Added Pin To Net: NetName=NetX4_26 Pin=X15-3
Added Net: Name=NetX4_26
Added Pin To Net: NetName=NetX4_27 Pin=X4-27
Added Pin To Net: NetName=NetX4_27 Pin=X20-11
Added Net: Name=NetX4_27
Added Pin To Net: NetName=NetX4_28 Pin=X4-28
Added Pin To Net: NetName=NetX4_28 Pin=X11-2
Added Net: Name=NetX4_28
Added Pin To Net: NetName=NetX4_29 Pin=X4-29
Added Pin To Net: NetName=NetX4_29 Pin=X20-12
Added Net: Name=NetX4_29
Added Pin To Net: NetName=NetX4_30 Pin=X4-30
Added Pin To Net: NetName=NetX4_30 Pin=X11-3
Added Net: Name=NetX4_30
Added Pin To Net: NetName=NetX4_31 Pin=X4-31
Added Pin To Net: NetName=NetX4_31 Pin=X20-13
Added Net: Name=NetX4_31
Added Pin To Net: NetName=NetX7_2 Pin=X7-2
Added Pin To Net: NetName=NetX7_2 Pin=X9-23
Added Net: Name=NetX7_2
Added Pin To Net: NetName=NetX7_3 Pin=X7-3
Added Pin To Net: NetName=NetX7_3 Pin=X9-25
Added Net: Name=NetX7_3
Added Pin To Net: NetName=NetX8_2 Pin=X8-2
Added Pin To Net: NetName=NetX8_2 Pin=X10-10
Added Net: Name=NetX8_2
Added Pin To Net: NetName=NetX8_3 Pin=X8-3
Added Pin To Net: NetName=NetX8_3 Pin=X10-12
Added Net: Name=NetX8_3
Added Pin To Net: NetName=NetX9_6 Pin=X9-6
Added Pin To Net: NetName=NetX9_6 Pin=X12-2
Added Net: Name=NetX9_6
Added Pin To Net: NetName=NetX9_8 Pin=X9-8
Added Pin To Net: NetName=NetX9_8 Pin=X12-3
Added Net: Name=NetX9_8
Added Pin To Net: NetName=NetX9_9 Pin=X9-9
Added Pin To Net: NetName=NetX9_9 Pin=X19-3
Added Net: Name=NetX9_9
Added Pin To Net: NetName=NetX9_11 Pin=X9-11
Added Pin To Net: NetName=NetX9_11 Pin=X19-2
Added Net: Name=NetX9_11
Added Pin To Net: NetName=NetX9_24 Pin=X9-24
Added Pin To Net: NetName=NetX9_24 Pin=X14-2
Added Net: Name=NetX9_24
Added Pin To Net: NetName=NetX9_26 Pin=X9-26
Added Pin To Net: NetName=NetX9_26 Pin=X14-3
Added Net: Name=NetX9_26
Added Pin To Net: NetName=NetX9_28 Pin=X9-28
Added Pin To Net: NetName=NetX9_28 Pin=X14-4
Added Net: Name=NetX9_28
Added Pin To Net: NetName=NetX9_30 Pin=X9-30
Added Pin To Net: NetName=NetX9_30 Pin=X14-5
Added Net: Name=NetX9_30
Added Pin To Net: NetName=NetX9_32 Pin=X9-32
Added Pin To Net: NetName=NetX9_32 Pin=X14-6
Added Net: Name=NetX9_32
Added Pin To Net: NetName=NetX10_22 Pin=X10-22
Added Pin To Net: NetName=NetX10_22 Pin=X13-2
Added Net: Name=NetX10_22
Added Pin To Net: NetName=NetX10_24 Pin=X10-24
Added Pin To Net: NetName=NetX10_24 Pin=X13-3
Added Net: Name=NetX10_24
Added Pin To Net: NetName=SERVO_OUT Pin=C15-2
Added Pin To Net: NetName=SERVO_OUT Pin=L3-2
Added Pin To Net: NetName=SERVO_OUT Pin=R11-1
Added Pin To Net: NetName=SERVO_OUT Pin=X17-1
Added Pin To Net: NetName=SERVO_OUT Pin=X17-2
Added Pin To Net: NetName=SERVO_OUT Pin=X17-3
Added Pin To Net: NetName=SERVO_OUT Pin=X17-4
Added Pin To Net: NetName=SERVO_OUT Pin=X17-5
Added Pin To Net: NetName=SERVO_OUT Pin=X17-6
Added Pin To Net: NetName=SERVO_OUT Pin=X17-7
Added Pin To Net: NetName=SERVO_OUT Pin=X17-8
Added Pin To Net: NetName=SERVO_OUT Pin=X17-9
Added Pin To Net: NetName=SERVO_OUT Pin=X17-10
Added Pin To Net: NetName=SERVO_OUT Pin=X17-11
Added Pin To Net: NetName=SERVO_OUT Pin=X17-12
Added Pin To Net: NetName=SERVO_OUT Pin=X17-13
Added Net: Name=SERVO_OUT
Change Class Name : Old Net Name=нижн€€ плата верси€ 2 New Net Name=нижн€€ плата верси€ 4
Added Member To Class: ClassName=нижн€€ плата верси€ 4 Member=Component L1 4u7
Added Member To Class: ClassName=нижн€€ плата верси€ 4 Member=Component L2 4u7
Added Member To Class: ClassName=нижн€€ плата верси€ 4 Member=Component L3 4u7
Added Member To Class: ClassName=нижн€€ плата верси€ 4 Member=Component U1 MIK45419PS8RG
Added Member To Class: ClassName=нижн€€ плата верси€ 4 Member=Component U2 MIK45419PS8RG
Added Member To Class: ClassName=нижн€€ плата верси€ 4 Member=Component U3 MIK45419PS8RG
Added Member To Class: ClassName=нижн€€ плата верси€ 4 Member=Component U4  ‘1158Ќ3.3¬
Added Member To Class: ClassName=нижн€€ плата верси€ 4 Member=Component U5 AT7456
Add Class Member: Failed to add class member : Component U10 IL1776C
Added Member To Class: ClassName=нижн€€ плата верси€ 4 Member=Component VD1 SS3P4
Added Member To Class: ClassName=нижн€€ плата верси€ 4 Member=Component VD2 SS3P4
Added Member To Class: ClassName=нижн€€ плата верси€ 4 Member=Component VD3 SS3P4
Added Member To Class: ClassName=нижн€€ плата верси€ 4 Member=Component VD4
Added Member To Class: ClassName=нижн€€ плата верси€ 4 Member=Component X1 Molex Picoblade 0532610471
Added Member To Class: ClassName=нижн€€ плата верси€ 4 Member=Component X2 Molex Picoblade 0532610371
Added Member To Class: ClassName=нижн€€ плата верси€ 4 Member=Component X3 PLLD-1.27-40S
Added Member To Class: ClassName=нижн€€ плата верси€ 4 Member=Component X4 PLLD-1.27-40S
Added Member To Class: ClassName=нижн€€ плата верси€ 4 Member=Component X5 Molex Picoblade 0532610471
Added Member To Class: ClassName=нижн€€ плата верси€ 4 Member=Component X6 Molex Picoblade 0532610371
Added Member To Class: ClassName=нижн€€ плата верси€ 4 Member=Component X7 Molex Picoblade 0532610471
Added Member To Class: ClassName=нижн€€ плата верси€ 4 Member=Component X8 Molex Picoblade 0532610671
Added Member To Class: ClassName=нижн€€ плата верси€ 4 Member=Component X9 PLLD-1.27-40S
Added Member To Class: ClassName=нижн€€ плата верси€ 4 Member=Component X10 PLLD-1.27-40S
Added Member To Class: ClassName=нижн€€ плата верси€ 4 Member=Component X11 Molex Picoblade 0532610471
Added Member To Class: ClassName=нижн€€ плата верси€ 4 Member=Component X12 Molex Picoblade 0532610671
Added Member To Class: ClassName=нижн€€ плата верси€ 4 Member=Component X13 Molex Picoblade 0532610471
Added Member To Class: ClassName=нижн€€ плата верси€ 4 Member=Component X14 Molex Picoblade 0532610671
Added Member To Class: ClassName=нижн€€ плата верси€ 4 Member=Component X15 Molex Picoblade 0532610471
Added Member To Class: ClassName=нижн€€ плата верси€ 4 Member=Component X16 Molex Picoblade 0532610671
Added Member To Class: ClassName=нижн€€ плата верси€ 4 Member=Component X17
Added Member To Class: ClassName=нижн€€ плата верси€ 4 Member=Component X18
Added Member To Class: ClassName=нижн€€ плата верси€ 4 Member=Component X19 Molex Picoblade 0532610471
Added Member To Class: ClassName=нижн€€ плата верси€ 4 Member=Component X20
Added Member To Class: ClassName=нижн€€ плата верси€ 4 Member=Component X21 TYPE-C-31-M-12
Added Member To Class: ClassName=нижн€€ плата верси€ 4 Member=Component X22 Amass XT-60-PW-M
Added Member To Class: ClassName=нижн€€ плата верси€ 4 Member=Component X23 Molex Picoblade 0532610771
Add Class Member: Failed to add class member : Component X24 Amass XT-60-PW-F
Added Member To Class: ClassName=нижн€€ плата верси€ 4 Member=Component Z1 27MHz
