Change Component Designator: Old Designator=*? New Designator=*1
Change Component Designator: Old Designator=C? New Designator=C26
Change Component Designator: Old Designator=R20 New Designator=R21
Change Component Designator: Old Designator=R21 New Designator=R22
Change Component Designator: Old Designator=R22 New Designator=R20
Change Component Designator: Old Designator=R23 New Designator=R25
Change Component Designator: Old Designator=R? New Designator=R23
Change Component Designator: Old Designator=R? New Designator=R24
Change Component Designator: Old Designator=R? New Designator=R26
Change Component Designator: Old Designator=R? New Designator=R27
Change Component Designator: Old Designator=R? New Designator=R28
Change Component Designator: Old Designator=X7 New Designator=X9
Change Component Designator: Old Designator=X8 New Designator=X10
Change Component Designator: Old Designator=X9 New Designator=X7
Change Component Designator: Old Designator=X10 New Designator=X8
Change Component Designator: Old Designator=X13 New Designator=X17
Change Component Designator: Old Designator=X14 New Designator=X18
Change Component Designator: Old Designator=X15 New Designator=X13
Change Component Designator: Old Designator=X16 New Designator=X14
Change Component Designator: Old Designator=X17 New Designator=X15
Change Component Designator: Old Designator=X18 New Designator=X16
Change Component Designator: Old Designator=X19 New Designator=X20
Change Component Designator: Old Designator=X20 New Designator=X21
Change Component Designator: Old Designator=X21 New Designator=X19
